<?xml version="1.0" encoding="UTF-8"?>
<!-- Generated by org.testng.reporters.JUnitXMLReporter -->
<testsuite hostname="SIL-LTDELLi7-G6" name="Command line test" tests="1" failures="1" timestamp="29 Aug 2024 12:38:30 GMT" time="0.432" errors="0">
  <testcase name="runCukes" time="0.417" classname="cucumbertest.TestRunner_web">
    <failure type="cucumber.runtime.CucumberException" message="Error parsing feature file features/Back_office_tests.feature">
      <![CDATA[cucumber.runtime.CucumberException: Error parsing feature file features/Back_office_tests.feature
	at cucumber.runtime.FeatureBuilder.parse(FeatureBuilder.java:133)
	at cucumber.runtime.model.CucumberFeature.loadFromFeaturePath(CucumberFeature.java:104)
	at cucumber.runtime.model.CucumberFeature.load(CucumberFeature.java:54)
	at cucumber.runtime.model.CucumberFeature.load(CucumberFeature.java:34)
	at cucumber.runtime.RuntimeOptions.cucumberFeatures(RuntimeOptions.java:239)
	at cucumber.api.testng.TestNGCucumberRunner.getFeatures(TestNGCucumberRunner.java:85)
	at cucumber.api.testng.TestNGCucumberRunner.runCukes(TestNGCucumberRunner.java:49)
	at cucumbertest.TestRunner_web.runCukes(TestRunner_web.java:25)
Caused by: gherkin.parser.ParseError: Parse error at features/Back_office_tests.feature:37. Found comment when expecting one of: examples, feature, scenario, scenario_outline, tag. (Current getState: tag).
	at gherkin.parser.Parser$Machine.event(Parser.java:207)
	at gherkin.parser.Parser.event(Parser.java:159)
	at gherkin.parser.Parser.comment(Parser.java:138)
	at gherkin.lexer.En.scan(En.java:794)
	at gherkin.lexer.I18nLexer.scan(I18nLexer.java:36)
	at gherkin.parser.Parser.parse(Parser.java:62)
	at cucumber.runtime.FeatureBuilder.parse(FeatureBuilder.java:131)
	... 40 more
... Removed 33 stack frames]]>
    </failure>
  </testcase> <!-- runCukes -->
</testsuite> <!-- Command line test -->
