<?xml version="1.0" encoding="UTF-8" ?>
<testsuite tests="1" failures="1" name="cucumbertest.TestRunner_web" time="4,935.06" errors="0" skipped="0">
  <properties>
[...]
</properties>
  <testcase classname="cucumbertest.TestRunner_web" name="runCukes" time="4,935.06">
    <failure message="org.openqa.selenium.TimeoutException: Expected condition failed: waiting for visibility of element located by By.xpath: //h3[contains(.,&apos;Actions&apos;)] (tried for 120 second(s) with 500 MILLISECONDS interval)
Build info: version: &apos;3.4.0&apos;, revision: &apos;unknown&apos;, time: &apos;unknown&apos;
System info: host: &apos;SIL-LTDELLI7-G6&apos;, ip: &apos;192.168.8.146&apos;, os.name: &apos;Windows 11&apos;, os.arch: &apos;amd64&apos;, os.version: &apos;10.0&apos;, java.version: &apos;1.8.0_371&apos;
Driver info: org.openqa.selenium.chrome.ChromeDriver
Capabilities [{networkConnectionEnabled=false, chrome={chromedriverVersion=130.0.6723.116 (6ac35f94ae3d01152cf1946c896b0678e48f8ec4-refs/branch-heads/6723@{#1764}), userDataDir=C:\Users\SURAJ~1.JOG\AppData\Local\Temp\scoped_dir17588_1601731146}, timeouts={implicit=0.0, pageLoad=300000.0, script=30000.0}, pageLoadStrategy=normal, unhandledPromptBehavior=dismiss and notify, strictFileInteractability=false, platform=ANY, proxy=Proxy(), webauthn:extension:minPinLength=true, goog:chromeOptions={debuggerAddress=localhost:62804}, webauthn:extension:credBlob=true, webauthn:extension:prf=true, acceptInsecureCerts=false, browserVersion=130.0.6723.117, fedcm:accounts=true, browserName=chrome, javascriptEnabled=true, platformName=windows, setWindowRect=true, webauthn:extension:largeBlob=true, webauthn:virtualAuthenticators=true}]
Session ID: 30ca9e49e51991f62d47acfc006874f0" type="cucumber.runtime.CucumberException">cucumber.runtime.CucumberException: org.openqa.selenium.TimeoutException: Expected condition failed: waiting for visibility of element located by By.xpath: //h3[contains(.,&apos;Actions&apos;)] (tried for 120 second(s) with 500 MILLISECONDS interval)
Build info: version: &apos;3.4.0&apos;, revision: &apos;unknown&apos;, time: &apos;unknown&apos;
System info: host: &apos;SIL-LTDELLI7-G6&apos;, ip: &apos;192.168.8.146&apos;, os.name: &apos;Windows 11&apos;, os.arch: &apos;amd64&apos;, os.version: &apos;10.0&apos;, java.version: &apos;1.8.0_371&apos;
Driver info: org.openqa.selenium.chrome.ChromeDriver
Capabilities [{networkConnectionEnabled=false, chrome={chromedriverVersion=130.0.6723.116 (6ac35f94ae3d01152cf1946c896b0678e48f8ec4-refs/branch-heads/6723@{#1764}), userDataDir=C:\Users\SURAJ~1.JOG\AppData\Local\Temp\scoped_dir17588_1601731146}, timeouts={implicit=0.0, pageLoad=300000.0, script=30000.0}, pageLoadStrategy=normal, unhandledPromptBehavior=dismiss and notify, strictFileInteractability=false, platform=ANY, proxy=Proxy(), webauthn:extension:minPinLength=true, goog:chromeOptions={debuggerAddress=localhost:62804}, webauthn:extension:credBlob=true, webauthn:extension:prf=true, acceptInsecureCerts=false, browserVersion=130.0.6723.117, fedcm:accounts=true, browserName=chrome, javascriptEnabled=true, platformName=windows, setWindowRect=true, webauthn:extension:largeBlob=true, webauthn:virtualAuthenticators=true}]
Session ID: 30ca9e49e51991f62d47acfc006874f0
	at cucumber.api.testng.TestNGCucumberRunner.runCukes(TestNGCucumberRunner.java:57)
	at cucumbertest.TestRunner_web.runCukes(TestRunner_web.java:25)
Caused by: org.openqa.selenium.TimeoutException: Expected condition failed: waiting for visibility of element located by By.xpath: //h3[contains(.,&apos;Actions&apos;)] (tried for 120 second(s) with 500 MILLISECONDS interval)
Build info: version: &apos;3.4.0&apos;, revision: &apos;unknown&apos;, time: &apos;unknown&apos;
System info: host: &apos;SIL-LTDELLI7-G6&apos;, ip: &apos;192.168.8.146&apos;, os.name: &apos;Windows 11&apos;, os.arch: &apos;amd64&apos;, os.version: &apos;10.0&apos;, java.version: &apos;1.8.0_371&apos;
Driver info: org.openqa.selenium.chrome.ChromeDriver
Capabilities [{networkConnectionEnabled=false, chrome={chromedriverVersion=130.0.6723.116 (6ac35f94ae3d01152cf1946c896b0678e48f8ec4-refs/branch-heads/6723@{#1764}), userDataDir=C:\Users\SURAJ~1.JOG\AppData\Local\Temp\scoped_dir17588_1601731146}, timeouts={implicit=0.0, pageLoad=300000.0, script=30000.0}, pageLoadStrategy=normal, unhandledPromptBehavior=dismiss and notify, strictFileInteractability=false, platform=ANY, proxy=Proxy(), webauthn:extension:minPinLength=true, goog:chromeOptions={debuggerAddress=localhost:62804}, webauthn:extension:credBlob=true, webauthn:extension:prf=true, acceptInsecureCerts=false, browserVersion=130.0.6723.117, fedcm:accounts=true, browserName=chrome, javascriptEnabled=true, platformName=windows, setWindowRect=true, webauthn:extension:largeBlob=true, webauthn:virtualAuthenticators=true}]
Session ID: 30ca9e49e51991f62d47acfc006874f0
	at org.openqa.selenium.support.ui.WebDriverWait.timeoutException(WebDriverWait.java:80)
	at org.openqa.selenium.support.ui.FluentWait.until(FluentWait.java:232)
	at stepdefinition.Steps.iClickOnActionButton(Steps.java:2167)
	at ✽.And I Click on Action Button(features/US13280.feature:93)
</failure>
    <system-out>Configuring TestNG with: org.apache.maven.surefire.testng.conf.TestNG652Configurator@2cfb4a64
#User Story 13280 - Back Office Process for Registration
@Main_feature @US13280 @Regression @silenv
Feature: User Story 13280 - Back Office Process for Registration

  #Scenario1
  @Approval_by_BO_Payment_at_counter_for_Agro-Processing-Enterprise @Smoke_counter_Agro-Processing-Enterprise
  Scenario Outline: Approval for Payment at counter for Registration as Agro-Processing Enterprise-Application form &amp;#27;[90m# features/US13280.feature:8&amp;#27;[0m
    &amp;#27;[36mGiven &amp;#27;[0m&amp;#27;[36mI am on SFWF Front Office Home Page &quot;&lt;Browser&gt;&quot;&amp;#27;[0m
    &amp;#27;[36mWhen &amp;#27;[0m&amp;#27;[36mI Input Registered User&apos;s Username &quot;&lt;Username&gt;&quot; and Password &quot;&lt;Password&gt;&quot;&amp;#27;[0m
    &amp;#27;[36mAnd &amp;#27;[0m&amp;#27;[36mI Click on Sign In button&amp;#27;[0m
    &amp;#27;[36mAnd &amp;#27;[0m&amp;#27;[36mI Verify Applicant&apos;s Successful Login&amp;#27;[0m
    &amp;#27;[36mAnd &amp;#27;[0m&amp;#27;[36mI Click on Register as Farmer&amp;#27;[0m
    &amp;#27;[36mAnd &amp;#27;[0m&amp;#27;[36mI Verify that User is directed to My Application Page&amp;#27;[0m
    &amp;#27;[36mAnd &amp;#27;[0m&amp;#27;[36mI Verify display of Farmers Card link&amp;#27;[0m
    &amp;#27;[36mAnd &amp;#27;[0m&amp;#27;[36mI Verify Programmes link&amp;#27;[0m
    &amp;#27;[36mAnd &amp;#27;[0m&amp;#27;[36mI Click on New Button to apply for Registration&amp;#27;[0m
    &amp;#27;[36mAnd &amp;#27;[0m&amp;#27;[36mI Verify display of Registration Type Page&amp;#27;[0m
    &amp;#27;[36mAnd &amp;#27;[0m&amp;#27;[36mI Click on Agro Processing Enterprise&amp;#27;[0m
    &amp;#27;[36mAnd &amp;#27;[0m&amp;#27;[36mI Verify display of REGISTRATION FOR AGRO-PROCESSING ENTERPRISE Page&amp;#27;[0m
    &amp;#27;[36mAnd &amp;#27;[0m&amp;#27;[36mI Input Associate/Society/Company Name &quot;&lt;Co_Name&gt;&quot;&amp;#27;[0m
    &amp;#27;[36mAnd &amp;#27;[0m&amp;#27;[36mI Input Represented by &quot;&lt;Rep_by&gt;&quot;&amp;#27;[0m
    &amp;#27;[36mAnd &amp;#27;[0m&amp;#27;[36mI Input Business Registration No(BRN) for Agro-Processing Enterprise &quot;&lt;BRN&gt;&quot;&amp;#27;[0m
    &amp;#27;[36mAnd &amp;#27;[0m&amp;#27;[36mI Input Certificate of Incorporation No for Agro-Processing Enterprise &quot;&lt;Cert_No&gt;&quot;&amp;#27;[0m
    &amp;#27;[36mAnd &amp;#27;[0m&amp;#27;[36mI Select Activity &quot;&lt;Act&gt;&quot;&amp;#27;[0m
    &amp;#27;[36mAnd &amp;#27;[0m&amp;#27;[36mI Input Office Address &quot;&lt;Off_Add&gt;&quot;&amp;#27;[0m
    &amp;#27;[36mAnd &amp;#27;[0m&amp;#27;[36mI Input Enterprise Address &quot;&lt;Enterprise_Address&gt;&quot;&amp;#27;[0m
    &amp;#27;[36mAnd &amp;#27;[0m&amp;#27;[36mI Select No of years for Registration membership &quot;&lt;Year_dur&gt;&quot;&amp;#27;[0m
    &amp;#27;[36mAnd &amp;#27;[0m&amp;#27;[36mI Input List of Products manufactured &quot;&lt;Prod_man&gt;&quot;&amp;#27;[0m
    &amp;#27;[36mAnd &amp;#27;[0m&amp;#27;[36mI Select Status of Applicant for Agro-Processing Enterprise &quot;&lt;Status_Applicant&gt;&quot;&amp;#27;[0m
    &amp;#27;[36mAnd &amp;#27;[0m&amp;#27;[36mI Click on Save and Continue&amp;#27;[0m
    &amp;#27;[36mAnd &amp;#27;[0m&amp;#27;[36mI Verify Upload Required Documents Page is displayed&amp;#27;[0m
    &amp;#27;[36mAnd &amp;#27;[0m&amp;#27;[36mI Upload Business Registration Card &quot;&lt;Upload_test&gt;&quot;&amp;#27;[0m
    &amp;#27;[36mAnd &amp;#27;[0m&amp;#27;[36mI Upload Certificate of Incorporation &quot;&lt;Upload_test&gt;&quot;&amp;#27;[0m
    &amp;#27;[36mAnd &amp;#27;[0m&amp;#27;[36mI Upload List of Directors/ Associates &quot;&lt;Upload_test&gt;&quot;&amp;#27;[0m
    &amp;#27;[36mAnd &amp;#27;[0m&amp;#27;[36mI Upload Board Resolution of Enterprise for appointment of representative(s) &quot;&lt;Upload_test&gt;&quot;&amp;#27;[0m
    &amp;#27;[36mAnd &amp;#27;[0m&amp;#27;[36mI Upload National Identity card of representative &quot;&lt;Upload_test&gt;&quot;&amp;#27;[0m
    &amp;#27;[36mAnd &amp;#27;[0m&amp;#27;[36mI Upload Location Plan Document &quot;&lt;Upload_test&gt;&quot;&amp;#27;[0m
    &amp;#27;[36mAnd &amp;#27;[0m&amp;#27;[36mI Upload Copy of SMEDA Certificate Document &quot;&lt;Upload_test&gt;&quot;&amp;#27;[0m
    &amp;#27;[36mAnd &amp;#27;[0m&amp;#27;[36mI Upload Copy of Utility Bill Document &quot;&lt;Upload_test&gt;&quot;&amp;#27;[0m
    &amp;#27;[36mAnd &amp;#27;[0m&amp;#27;[36mI Verify for Document Upload Success Message&amp;#27;[0m
    &amp;#27;[36mAnd &amp;#27;[0m&amp;#27;[36mI Click on Add Additional Document&amp;#27;[0m
    &amp;#27;[36mAnd &amp;#27;[0m&amp;#27;[36mI Input Additional Document Name &quot;&lt;Additional_Doc_Name&gt;&quot;&amp;#27;[0m
    &amp;#27;[36mAnd &amp;#27;[0m&amp;#27;[36mI Verify Success message for adding Additional Document Name&amp;#27;[0m
    &amp;#27;[36mAnd &amp;#27;[0m&amp;#27;[36mI Upload Additional Document &quot;&lt;Upload_test&gt;&quot;&amp;#27;[0m
    &amp;#27;[36mAnd &amp;#27;[0m&amp;#27;[36mI Verify for Document Upload Success Message&amp;#27;[0m
    &amp;#27;[36mAnd &amp;#27;[0m&amp;#27;[36mI Click on Save and Continue&amp;#27;[0m
    &amp;#27;[36mAnd &amp;#27;[0m&amp;#27;[36mI Verify Terms and Conditions Page&amp;#27;[0m
    &amp;#27;[36mAnd &amp;#27;[0m&amp;#27;[36mI click on I agree to the Terms and Conditions&amp;#27;[0m
    &amp;#27;[36mAnd &amp;#27;[0m&amp;#27;[36mI Select Bank &quot;&lt;Bank_Name&gt;&quot;&amp;#27;[0m
    &amp;#27;[36mAnd &amp;#27;[0m&amp;#27;[36mI Input Bank Branch for Agro-Processing Enterprise &quot;&lt;Bank_Branch&gt;&quot;&amp;#27;[0m
    &amp;#27;[36mAnd &amp;#27;[0m&amp;#27;[36mI Input Personal Bank Account Number Agro-Processing Enterprise &quot;&lt;Bank_Account_No&gt;&quot;&amp;#27;[0m
    &amp;#27;[36mAnd &amp;#27;[0m&amp;#27;[36mI Click on Submit Application &quot;&lt;Confirmation&gt;&quot;&amp;#27;[0m
    &amp;#27;[36mAnd &amp;#27;[0m&amp;#27;[36mI Verify Success message for application submitted&amp;#27;[0m
    &amp;#27;[36mAnd &amp;#27;[0m&amp;#27;[36mI Verify Application Status &quot;&lt;App_status&gt;&quot;&amp;#27;[0m
    &amp;#27;[36mAnd &amp;#27;[0m&amp;#27;[36mI Verify Payment Status &quot;&lt;Payment_Status&gt;&quot;&amp;#27;[0m
    &amp;#27;[36mAnd &amp;#27;[0m&amp;#27;[36mI Copy Application Number&amp;#27;[0m
    &amp;#27;[36mAnd &amp;#27;[0m&amp;#27;[36mI Click on Shopping Cart for payment&amp;#27;[0m
    &amp;#27;[36mAnd &amp;#27;[0m&amp;#27;[36mI Select Application for payment&amp;#27;[0m
    &amp;#27;[36mAnd &amp;#27;[0m&amp;#27;[36mI Click on Proceed to Payment&amp;#27;[0m
    &amp;#27;[36mAnd &amp;#27;[0m&amp;#27;[36mI Click on Payment Icon&amp;#27;[0m
    &amp;#27;[36mAnd &amp;#27;[0m&amp;#27;[36mI Select Payment Method &quot;&lt;Payment_method&gt;&quot;&amp;#27;[0m
    &amp;#27;[36mAnd &amp;#27;[0m&amp;#27;[36mI Click on Final Proceed to Payment&amp;#27;[0m
    &amp;#27;[36mAnd &amp;#27;[0m&amp;#27;[36mI Verify Message to proceed to Post Office for Payment&amp;#27;[0m
    &amp;#27;[36mAnd &amp;#27;[0m&amp;#27;[36mI Sign Out as Front Registered User&amp;#27;[0m
    #    Finance
    &amp;#27;[36mAnd &amp;#27;[0m&amp;#27;[36mI am on SFWF Back Office Home Page &quot;&lt;Browser&gt;&quot;&amp;#27;[0m
    &amp;#27;[36mAnd &amp;#27;[0m&amp;#27;[36mI Input Finance Username &quot;&lt;FUsername&gt;&quot; and Password &quot;&lt;Password&gt;&quot;&amp;#27;[0m
    &amp;#27;[36mAnd &amp;#27;[0m&amp;#27;[36mI Click on Sign In button&amp;#27;[0m
    &amp;#27;[36mAnd &amp;#27;[0m&amp;#27;[36mI Verify Successful Login&amp;#27;[0m
    &amp;#27;[36mAnd &amp;#27;[0m&amp;#27;[36mI Click on Manage Cashier&amp;#27;[0m
    &amp;#27;[36mAnd &amp;#27;[0m&amp;#27;[36mI Verify List of Applications page&amp;#27;[0m
    &amp;#27;[36mAnd &amp;#27;[0m&amp;#27;[36mI Click on Confirm Processing Fees&amp;#27;[0m
    &amp;#27;[36mAnd &amp;#27;[0m&amp;#27;[36mI Verify display of Processing Details Frame&amp;#27;[0m
    #    And I Select Payment Mode &quot;&lt;Payment_Mode&gt;&quot;
    #    And I Input Amount of payment &quot;&lt;Amount_To_Pay&gt;&quot;
    #    And I Click on Add Payment
    &amp;#27;[36mAnd &amp;#27;[0m&amp;#27;[36mI Click on Save Payment&amp;#27;[0m
    &amp;#27;[36mAnd &amp;#27;[0m&amp;#27;[36mI Verify success message for adding payment&amp;#27;[0m
    &amp;#27;[36mAnd &amp;#27;[0m&amp;#27;[36mI Sign Out&amp;#27;[0m
    &amp;#27;[36mAnd &amp;#27;[0m&amp;#27;[36mI Verify Successful Sign Out&amp;#27;[0m
    #    PWO
    &amp;#27;[36mAnd &amp;#27;[0m&amp;#27;[36mI am on SFWF Back Office Home Page &quot;&lt;Browser&gt;&quot;&amp;#27;[0m
    &amp;#27;[36mAnd &amp;#27;[0m&amp;#27;[36mI Input PWO Username &quot;&lt;PwoUsername&gt;&quot; and Password &quot;&lt;Password&gt;&quot;&amp;#27;[0m
    &amp;#27;[36mAnd &amp;#27;[0m&amp;#27;[36mI Click on Sign In button&amp;#27;[0m
    &amp;#27;[36mAnd &amp;#27;[0m&amp;#27;[36mI Verify Successful Login&amp;#27;[0m
    &amp;#27;[36mAnd &amp;#27;[0m&amp;#27;[36mI Click on All Applications&amp;#27;[0m
    &amp;#27;[36mAnd &amp;#27;[0m&amp;#27;[36mI Verify display of list of registrations page&amp;#27;[0m
    &amp;#27;[36mAnd &amp;#27;[0m&amp;#27;[36mI Search for Application Ref Number as a Back Office User&amp;#27;[0m
    &amp;#27;[36mAnd &amp;#27;[0m&amp;#27;[36mI Click to view Application&amp;#27;[0m
    &amp;#27;[36mAnd &amp;#27;[0m&amp;#27;[36mI Click on Action Button&amp;#27;[0m
    &amp;#27;[36mAnd &amp;#27;[0m&amp;#27;[36mI Select PWO Assigned&amp;#27;[0m
    &amp;#27;[36mAnd &amp;#27;[0m&amp;#27;[36mI Select WPO&amp;#27;[0m
    &amp;#27;[36mAnd &amp;#27;[0m&amp;#27;[36mI Input Remarks &quot;&lt;Remarks&gt;&quot;&amp;#27;[0m
    &amp;#27;[36mAnd &amp;#27;[0m&amp;#27;[36mI Click on Save Actions&amp;#27;[0m
    &amp;#27;[36mAnd &amp;#27;[0m&amp;#27;[36mI Verify for success message for assigning&amp;#27;[0m
    &amp;#27;[36mAnd &amp;#27;[0m&amp;#27;[36mI Sign Out&amp;#27;[0m
    &amp;#27;[36mAnd &amp;#27;[0m&amp;#27;[36mI Verify Successful Sign Out&amp;#27;[0m
    #    WPO
    &amp;#27;[36mAnd &amp;#27;[0m&amp;#27;[36mI am on SFWF Back Office Home Page &quot;&lt;Browser&gt;&quot;&amp;#27;[0m
    &amp;#27;[36mAnd &amp;#27;[0m&amp;#27;[36mI Input WPO Username &quot;&lt;WpoUsername&gt;&quot; and Password &quot;&lt;Password&gt;&quot;&amp;#27;[0m
    &amp;#27;[36mAnd &amp;#27;[0m&amp;#27;[36mI Click on Sign In button&amp;#27;[0m
    &amp;#27;[36mAnd &amp;#27;[0m&amp;#27;[36mI Verify Successful Login&amp;#27;[0m
    &amp;#27;[36mAnd &amp;#27;[0m&amp;#27;[36mI Click on All Applications&amp;#27;[0m
    &amp;#27;[36mAnd &amp;#27;[0m&amp;#27;[36mI Verify display of list of registrations page&amp;#27;[0m
    &amp;#27;[36mAnd &amp;#27;[0m&amp;#27;[36mI Search for Application Ref Number as a Back Office User&amp;#27;[0m
    &amp;#27;[36mAnd &amp;#27;[0m&amp;#27;[36mI Click to view Application&amp;#27;[0m
    &amp;#27;[36mAnd &amp;#27;[0m&amp;#27;[36mI Click on Action Button&amp;#27;[0m
    &amp;#27;[36mAnd &amp;#27;[0m&amp;#27;[36mI Select Assigned&amp;#27;[0m
    &amp;#27;[36mAnd &amp;#27;[0m&amp;#27;[36mI Select WO&amp;#27;[0m
    &amp;#27;[36mAnd &amp;#27;[0m&amp;#27;[36mI Input Remarks &quot;&lt;Remarks&gt;&quot;&amp;#27;[0m
    &amp;#27;[36mAnd &amp;#27;[0m&amp;#27;[36mI Click on Save Actions&amp;#27;[0m
    &amp;#27;[36mAnd &amp;#27;[0m&amp;#27;[36mI Verify for success message for assigning&amp;#27;[0m
    &amp;#27;[36mAnd &amp;#27;[0m&amp;#27;[36mI Sign Out&amp;#27;[0m
    &amp;#27;[36mAnd &amp;#27;[0m&amp;#27;[36mI Verify Successful Sign Out&amp;#27;[0m
    #    WO/WA
    &amp;#27;[36mAnd &amp;#27;[0m&amp;#27;[36mI am on SFWF Back Office Home Page &quot;&lt;Browser&gt;&quot;&amp;#27;[0m
    &amp;#27;[36mAnd &amp;#27;[0m&amp;#27;[36mI Input WO-WA Username &quot;&lt;WOUsername&gt;&quot; and Password &quot;&lt;Password&gt;&quot;&amp;#27;[0m
    &amp;#27;[36mAnd &amp;#27;[0m&amp;#27;[36mI Click on Sign In button&amp;#27;[0m
    &amp;#27;[36mAnd &amp;#27;[0m&amp;#27;[36mI Verify Successful Login&amp;#27;[0m
    &amp;#27;[36mAnd &amp;#27;[0m&amp;#27;[36mI Click on All Applications&amp;#27;[0m
    &amp;#27;[36mAnd &amp;#27;[0m&amp;#27;[36mI Verify display of list of registrations page&amp;#27;[0m
    &amp;#27;[36mAnd &amp;#27;[0m&amp;#27;[36mI Search for Application Ref Number as a Back Office User&amp;#27;[0m
    &amp;#27;[36mAnd &amp;#27;[0m&amp;#27;[36mI Click to view Application&amp;#27;[0m
    &amp;#27;[36mAnd &amp;#27;[0m&amp;#27;[36mI Click on Site Report Tab&amp;#27;[0m
    &amp;#27;[36mAnd &amp;#27;[0m&amp;#27;[36mI Select Bonafide Planter &quot;&lt;Bonafide&gt;&quot;&amp;#27;[0m
    &amp;#27;[36mAnd &amp;#27;[0m&amp;#27;[36mI Input Site visit remarks &quot;&lt;Remarks&gt;&quot;&amp;#27;[0m
    &amp;#27;[36mAnd &amp;#27;[0m&amp;#27;[36mI Upload Site Report &quot;&lt;Upload_test&gt;&quot;&amp;#27;[0m
    &amp;#27;[36mAnd &amp;#27;[0m&amp;#27;[36mI Verify for Document Upload Success Message for Site Visit&amp;#27;[0m
    &amp;#27;[36mAnd &amp;#27;[0m&amp;#27;[36mI Click on Save Button&amp;#27;[0m
    &amp;#27;[36mAnd &amp;#27;[0m&amp;#27;[36mI Verify Site Visit saved success message&amp;#27;[0m
    &amp;#27;[36mAnd &amp;#27;[0m&amp;#27;[36mI Click on Action Button&amp;#27;[0m
    &amp;#27;[36mAnd &amp;#27;[0m&amp;#27;[36mI Select Assigned&amp;#27;[0m
    &amp;#27;[36mAnd &amp;#27;[0m&amp;#27;[36mI Select WPO&amp;#27;[0m
    &amp;#27;[36mAnd &amp;#27;[0m&amp;#27;[36mI Input Remarks &quot;&lt;Remarks&gt;&quot;&amp;#27;[0m
    &amp;#27;[36mAnd &amp;#27;[0m&amp;#27;[36mI Click on Save Actions&amp;#27;[0m
    &amp;#27;[36mAnd &amp;#27;[0m&amp;#27;[36mI Verify for success message for assigning&amp;#27;[0m
    &amp;#27;[36mAnd &amp;#27;[0m&amp;#27;[36mI Sign Out&amp;#27;[0m
    &amp;#27;[36mAnd &amp;#27;[0m&amp;#27;[36mI Verify Successful Sign Out&amp;#27;[0m
    #    WPO
    &amp;#27;[36mAnd &amp;#27;[0m&amp;#27;[36mI am on SFWF Back Office Home Page &quot;&lt;Browser&gt;&quot;&amp;#27;[0m
    &amp;#27;[36mAnd &amp;#27;[0m&amp;#27;[36mI Input WPO Username &quot;&lt;WpoUsername&gt;&quot; and Password &quot;&lt;Password&gt;&quot;&amp;#27;[0m
    &amp;#27;[36mAnd &amp;#27;[0m&amp;#27;[36mI Click on Sign In button&amp;#27;[0m
    &amp;#27;[36mAnd &amp;#27;[0m&amp;#27;[36mI Verify Successful Login&amp;#27;[0m
    &amp;#27;[36mAnd &amp;#27;[0m&amp;#27;[36mI Click on All Applications&amp;#27;[0m
    &amp;#27;[36mAnd &amp;#27;[0m&amp;#27;[36mI Verify display of list of registrations page&amp;#27;[0m
    &amp;#27;[36mAnd &amp;#27;[0m&amp;#27;[36mI Search for Application Ref Number as a Back Office User&amp;#27;[0m
    &amp;#27;[36mAnd &amp;#27;[0m&amp;#27;[36mI Click to view Application&amp;#27;[0m
    &amp;#27;[36mAnd &amp;#27;[0m&amp;#27;[36mI Click on Action Button&amp;#27;[0m
    &amp;#27;[36mAnd &amp;#27;[0m&amp;#27;[36mI Select Under Query&amp;#27;[0m
    &amp;#27;[36mAnd &amp;#27;[0m&amp;#27;[36mI Input External Remarks &quot;&lt;Remarks&gt;&quot;&amp;#27;[0m
    &amp;#27;[36mAnd &amp;#27;[0m&amp;#27;[36mI Click on Under Query Notification&amp;#27;[0m
    &amp;#27;[36mAnd &amp;#27;[0m&amp;#27;[36mI Verify Success Message for Under Query Notification&amp;#27;[0m
    &amp;#27;[36mAnd &amp;#27;[0m&amp;#27;[36mI Click on Save Actions&amp;#27;[0m
    &amp;#27;[36mAnd &amp;#27;[0m&amp;#27;[36mI Verify for success message for workflow saved&amp;#27;[0m
    &amp;#27;[36mAnd &amp;#27;[0m&amp;#27;[36mI Sign Out&amp;#27;[0m
    &amp;#27;[36mAnd &amp;#27;[0m&amp;#27;[36mI Verify Successful Sign Out&amp;#27;[0m
    #    Applicant after under query
    &amp;#27;[36mGiven &amp;#27;[0m&amp;#27;[36mI am on SFWF Front Office Home Page &quot;&lt;Browser&gt;&quot;&amp;#27;[0m
    &amp;#27;[36mWhen &amp;#27;[0m&amp;#27;[36mI Input Registered User&apos;s Username &quot;&lt;Username&gt;&quot; and Password &quot;&lt;Password&gt;&quot;&amp;#27;[0m
    &amp;#27;[36mAnd &amp;#27;[0m&amp;#27;[36mI Click on Sign In button&amp;#27;[0m
    &amp;#27;[36mAnd &amp;#27;[0m&amp;#27;[36mI Verify Applicant&apos;s Successful Login&amp;#27;[0m
    &amp;#27;[36mAnd &amp;#27;[0m&amp;#27;[36mI Click on Register as Farmer&amp;#27;[0m
    &amp;#27;[36mAnd &amp;#27;[0m&amp;#27;[36mI Verify that User is directed to My Application Page&amp;#27;[0m
    &amp;#27;[36mAnd &amp;#27;[0m&amp;#27;[36mI Verify display of Farmers Card link&amp;#27;[0m
    &amp;#27;[36mAnd &amp;#27;[0m&amp;#27;[36mI Verify Programmes link&amp;#27;[0m
    &amp;#27;[36mAnd &amp;#27;[0m&amp;#27;[36mI Search for Application Ref Number for re-submit&amp;#27;[0m
    &amp;#27;[36mAnd &amp;#27;[0m&amp;#27;[36mI Verify display of REGISTRATION FOR AGRO-PROCESSING ENTERPRISE Page&amp;#27;[0m
    &amp;#27;[36mAnd &amp;#27;[0m&amp;#27;[36mI Click on Save and Continue&amp;#27;[0m
    &amp;#27;[36mAnd &amp;#27;[0m&amp;#27;[36mI Verify Upload Required Documents Page is displayed&amp;#27;[0m
    &amp;#27;[36mAnd &amp;#27;[0m&amp;#27;[36mI Click on Save and Continue&amp;#27;[0m
    &amp;#27;[36mAnd &amp;#27;[0m&amp;#27;[36mI Verify Terms and Conditions Page&amp;#27;[0m
    &amp;#27;[36mAnd &amp;#27;[0m&amp;#27;[36mI Click on Submit Application &quot;&lt;Confirmation&gt;&quot;&amp;#27;[0m
    &amp;#27;[36mAnd &amp;#27;[0m&amp;#27;[36mI Verify Success message for application submitted&amp;#27;[0m
    &amp;#27;[36mAnd &amp;#27;[0m&amp;#27;[36mI Sign Out as Front Registered User&amp;#27;[0m
    #    WPO
    &amp;#27;[36mAnd &amp;#27;[0m&amp;#27;[36mI am on SFWF Back Office Home Page &quot;&lt;Browser&gt;&quot;&amp;#27;[0m
    &amp;#27;[36mAnd &amp;#27;[0m&amp;#27;[36mI Input WPO Username &quot;&lt;WpoUsername&gt;&quot; and Password &quot;&lt;Password&gt;&quot;&amp;#27;[0m
    &amp;#27;[36mAnd &amp;#27;[0m&amp;#27;[36mI Click on Sign In button&amp;#27;[0m
    &amp;#27;[36mAnd &amp;#27;[0m&amp;#27;[36mI Verify Successful Login&amp;#27;[0m
    &amp;#27;[36mAnd &amp;#27;[0m&amp;#27;[36mI Click on All Applications&amp;#27;[0m
    &amp;#27;[36mAnd &amp;#27;[0m&amp;#27;[36mI Verify display of list of registrations page&amp;#27;[0m
    &amp;#27;[36mAnd &amp;#27;[0m&amp;#27;[36mI Search for Application Ref Number as a Back Office User&amp;#27;[0m
    &amp;#27;[36mAnd &amp;#27;[0m&amp;#27;[36mI Click to view Application&amp;#27;[0m
    &amp;#27;[36mAnd &amp;#27;[0m&amp;#27;[36mI Click on Action Button&amp;#27;[0m
    &amp;#27;[36mAnd &amp;#27;[0m&amp;#27;[36mI Select Approved to approve the registration application&amp;#27;[0m
    &amp;#27;[36mAnd &amp;#27;[0m&amp;#27;[36mI Input Remarks &quot;&lt;Remarks&gt;&quot;&amp;#27;[0m
    &amp;#27;[36mAnd &amp;#27;[0m&amp;#27;[36mI Click on Save Actions&amp;#27;[0m
    &amp;#27;[36mAnd &amp;#27;[0m&amp;#27;[36mI Verify for success message for approval&amp;#27;[0m
    &amp;#27;[36mAnd &amp;#27;[0m&amp;#27;[36mI Sign Out&amp;#27;[0m
    &amp;#27;[36mAnd &amp;#27;[0m&amp;#27;[36mI Verify Successful Sign Out&amp;#27;[0m
    #    IT Department
    &amp;#27;[36mAnd &amp;#27;[0m&amp;#27;[36mI am on SFWF Back Office Home Page &quot;&lt;Browser&gt;&quot;&amp;#27;[0m
    &amp;#27;[36mAnd &amp;#27;[0m&amp;#27;[36mI Input IT Department Username &quot;&lt;ITUsername&gt;&quot; and Password &quot;&lt;Password&gt;&quot;&amp;#27;[0m
    &amp;#27;[36mAnd &amp;#27;[0m&amp;#27;[36mI Click on Sign In button&amp;#27;[0m
    &amp;#27;[36mAnd &amp;#27;[0m&amp;#27;[36mI Verify Successful Login&amp;#27;[0m
    &amp;#27;[36mAnd &amp;#27;[0m&amp;#27;[36mI Click on All Applications&amp;#27;[0m
    &amp;#27;[36mAnd &amp;#27;[0m&amp;#27;[36mI Verify display of list of registrations page&amp;#27;[0m
    &amp;#27;[36mAnd &amp;#27;[0m&amp;#27;[36mI Search for Application Ref Number as a Back Office User&amp;#27;[0m
    &amp;#27;[36mAnd &amp;#27;[0m&amp;#27;[36mI Click to view Application&amp;#27;[0m
    &amp;#27;[36mAnd &amp;#27;[0m&amp;#27;[36mI Click on Print Card&amp;#27;[0m
    &amp;#27;[36mAnd &amp;#27;[0m&amp;#27;[36mI Sign Out&amp;#27;[0m
    &amp;#27;[36mAnd &amp;#27;[0m&amp;#27;[36mI Verify Successful Sign Out&amp;#27;[0m
    #    Applicant verify status - Card Printed
    &amp;#27;[36mGiven &amp;#27;[0m&amp;#27;[36mI am on SFWF Front Office Home Page &quot;&lt;Browser&gt;&quot;&amp;#27;[0m
    &amp;#27;[36mWhen &amp;#27;[0m&amp;#27;[36mI Input Registered User&apos;s Username &quot;&lt;Username&gt;&quot; and Password &quot;&lt;Password&gt;&quot;&amp;#27;[0m
    &amp;#27;[36mAnd &amp;#27;[0m&amp;#27;[36mI Click on Sign In button&amp;#27;[0m
    &amp;#27;[36mAnd &amp;#27;[0m&amp;#27;[36mI Verify Applicant&apos;s Successful Login&amp;#27;[0m
    &amp;#27;[36mAnd &amp;#27;[0m&amp;#27;[36mI Click on Register as Farmer&amp;#27;[0m
    &amp;#27;[36mAnd &amp;#27;[0m&amp;#27;[36mI Verify that User is directed to My Application Page&amp;#27;[0m
    &amp;#27;[36mAnd &amp;#27;[0m&amp;#27;[36mI Verify display of Farmers Card link&amp;#27;[0m
    &amp;#27;[36mAnd &amp;#27;[0m&amp;#27;[36mI Verify Programmes link&amp;#27;[0m
    &amp;#27;[36mAnd &amp;#27;[0m&amp;#27;[36mI Search for Application Ref Number for to check Status Card Printed&amp;#27;[0m
    &amp;#27;[36mAnd &amp;#27;[0m&amp;#27;[36mI Verify Application Status to be Card Printed&amp;#27;[0m
    &amp;#27;[36mAnd &amp;#27;[0m&amp;#27;[36mI Sign Out as Front Registered User&amp;#27;[0m

    Examples: 
Radio Button is working correctly
Unable to take screenshot
java.lang.NullPointerException
Status is not valid
Text from source element: APE2024-00138
Unable to take screenshot
java.lang.NullPointerException

  @Main_feature @silenv @Smoke_counter_Agro-Processing-Enterprise @US13280 @Approval_by_BO_Payment_at_counter_for_Agro-Processing-Enterprise @Regression
  Scenario Outline: Approval for Payment at counter for Registration as Agro-Processing Enterprise-Application form        &amp;#27;[90m# features/US13280.feature:228&amp;#27;[0m
    &amp;#27;[32mGiven &amp;#27;[0m&amp;#27;[32mI am on SFWF Front Office Home Page &quot;&amp;#27;[0m&amp;#27;[32m&amp;#27;[1mChrome&amp;#27;[0m&amp;#27;[32m&quot;&amp;#27;[0m                                                                     &amp;#27;[90m# Steps.iAmOnSFWFFrontOfficeHomePage(String)&amp;#27;[0m
    &amp;#27;[32mWhen &amp;#27;[0m&amp;#27;[32mI Input Registered User&apos;s Username &quot;&amp;#27;[0m&amp;#27;[32m&amp;#27;[1mSuraj&amp;#27;[0m&amp;#27;[32m&quot; and Password &quot;&amp;#27;[0m&amp;#27;[32m&amp;#27;[1mAdmin@123&amp;#27;[0m&amp;#27;[32m&quot;&amp;#27;[0m                                               &amp;#27;[90m# Steps.iInputRegisteredUserSUsernameAndPassword(String,String)&amp;#27;[0m
    &amp;#27;[32mAnd &amp;#27;[0m&amp;#27;[32mI Click on Sign In button&amp;#27;[0m                                                                                          &amp;#27;[90m# Steps.iClickOnSignInButton()&amp;#27;[0m
    &amp;#27;[32mAnd &amp;#27;[0m&amp;#27;[32mI Verify Applicant&apos;s Successful Login&amp;#27;[0m                                                                              &amp;#27;[90m# Steps.iVerifyApplicantSSuccessfulLogin()&amp;#27;[0m
    &amp;#27;[32mAnd &amp;#27;[0m&amp;#27;[32mI Click on Register as Farmer&amp;#27;[0m                                                                                      &amp;#27;[90m# Steps.iClickOnRegisterAsFarmer()&amp;#27;[0m
    &amp;#27;[32mAnd &amp;#27;[0m&amp;#27;[32mI Verify that User is directed to My Application Page&amp;#27;[0m                                                              &amp;#27;[90m# Steps.iVerifyThatUserIsDirectedToMyApplicationPage()&amp;#27;[0m
    &amp;#27;[32mAnd &amp;#27;[0m&amp;#27;[32mI Verify display of Farmers Card link&amp;#27;[0m                                                                              &amp;#27;[90m# Steps.iVerifyDisplayOfFarmersCardLink()&amp;#27;[0m
    &amp;#27;[32mAnd &amp;#27;[0m&amp;#27;[32mI Verify Programmes link&amp;#27;[0m                                                                                           &amp;#27;[90m# Steps.iVerifyProgrammesLink()&amp;#27;[0m
    &amp;#27;[32mAnd &amp;#27;[0m&amp;#27;[32mI Click on New Button to apply for Registration&amp;#27;[0m                                                                    &amp;#27;[90m# Steps.iClickOnNewButtonToApplyForRegistration()&amp;#27;[0m
    &amp;#27;[32mAnd &amp;#27;[0m&amp;#27;[32mI Verify display of Registration Type Page&amp;#27;[0m                                                                         &amp;#27;[90m# Steps.iVerifyDisplayOfRegistrationTypePage()&amp;#27;[0m
    &amp;#27;[32mAnd &amp;#27;[0m&amp;#27;[32mI Click on Agro Processing Enterprise&amp;#27;[0m                                                                              &amp;#27;[90m# Steps.iClickOnAgroProcessingEnterprise()&amp;#27;[0m
    &amp;#27;[32mAnd &amp;#27;[0m&amp;#27;[32mI Verify display of REGISTRATION FOR AGRO-PROCESSING ENTERPRISE Page&amp;#27;[0m                                               &amp;#27;[90m# Steps.iVerifyDisplayOfREGISTRATIONFORAGROPROCESSINGENTERPRISEPage()&amp;#27;[0m
    &amp;#27;[32mAnd &amp;#27;[0m&amp;#27;[32mI Input Associate/Society/Company Name &quot;&amp;#27;[0m&amp;#27;[32m&amp;#27;[1mABC Agro Co Ltd&amp;#27;[0m&amp;#27;[32m&quot;&amp;#27;[0m                                                           &amp;#27;[90m# Steps.iInputAssociateSocietyCompanyName(String)&amp;#27;[0m
    &amp;#27;[32mAnd &amp;#27;[0m&amp;#27;[32mI Input Represented by &quot;&amp;#27;[0m&amp;#27;[32m&amp;#27;[1mMr John Brown&amp;#27;[0m&amp;#27;[32m&quot;&amp;#27;[0m                                                                             &amp;#27;[90m# Steps.iInputRepresentedBy(String)&amp;#27;[0m
    &amp;#27;[32mAnd &amp;#27;[0m&amp;#27;[32mI Input Business Registration No(BRN) for Agro-Processing Enterprise &quot;&amp;#27;[0m&amp;#27;[32m&amp;#27;[1mC123456789&amp;#27;[0m&amp;#27;[32m&quot;&amp;#27;[0m                                  &amp;#27;[90m# Steps.iInputBusinessRegistrationNoBRNForAgroProcessingEnterprise(String)&amp;#27;[0m
    &amp;#27;[32mAnd &amp;#27;[0m&amp;#27;[32mI Input Certificate of Incorporation No for Agro-Processing Enterprise &quot;&amp;#27;[0m&amp;#27;[32m&amp;#27;[1mXLPR852&amp;#27;[0m&amp;#27;[32m&quot;&amp;#27;[0m                                   &amp;#27;[90m# Steps.iInputCertificateOfIncorporationNoForAgroProcessingEnterprise(String)&amp;#27;[0m
    &amp;#27;[32mAnd &amp;#27;[0m&amp;#27;[32mI Select Activity &quot;&amp;#27;[0m&amp;#27;[32m&amp;#27;[1mFull Time&amp;#27;[0m&amp;#27;[32m&quot;&amp;#27;[0m                                                                                      &amp;#27;[90m# Steps.iSelectActivity(String)&amp;#27;[0m
    &amp;#27;[32mAnd &amp;#27;[0m&amp;#27;[32mI Input Office Address &quot;&amp;#27;[0m&amp;#27;[32m&amp;#27;[1mThe Main Road, Grand Port&amp;#27;[0m&amp;#27;[32m&quot;&amp;#27;[0m                                                                 &amp;#27;[90m# Steps.iInputOfficeAddress(String)&amp;#27;[0m
    &amp;#27;[32mAnd &amp;#27;[0m&amp;#27;[32mI Input Enterprise Address &quot;&amp;#27;[0m&amp;#27;[32m&amp;#27;[1mRoyal Road, Port Louis&amp;#27;[0m&amp;#27;[32m&quot;&amp;#27;[0m                                                                &amp;#27;[90m# Steps.iInputEnterpriseAddress(String)&amp;#27;[0m
    &amp;#27;[32mAnd &amp;#27;[0m&amp;#27;[32mI Select No of years for Registration membership &quot;&amp;#27;[0m&amp;#27;[32m&amp;#27;[1m1&amp;#27;[0m&amp;#27;[32m&quot;&amp;#27;[0m                                                               &amp;#27;[90m# Steps.iSelectNoOfYearsForRegistrationMembership(String)&amp;#27;[0m
    &amp;#27;[32mAnd &amp;#27;[0m&amp;#27;[32mI Input List of Products manufactured &quot;&amp;#27;[0m&amp;#27;[32m&amp;#27;[1mTomato, Pepper&amp;#27;[0m&amp;#27;[32m&quot;&amp;#27;[0m                                                             &amp;#27;[90m# Steps.iInputListOfProductsManufactured(String)&amp;#27;[0m
    &amp;#27;[32mAnd &amp;#27;[0m&amp;#27;[32mI Select Status of Applicant for Agro-Processing Enterprise &quot;&amp;#27;[0m&amp;#27;[32m&amp;#27;[1mCompany&amp;#27;[0m&amp;#27;[32m&quot;&amp;#27;[0m                                              &amp;#27;[90m# Steps.iSelectStatusOfApplicantForAgroProcessingEnterprise(String)&amp;#27;[0m
    &amp;#27;[32mAnd &amp;#27;[0m&amp;#27;[32mI Click on Save and Continue&amp;#27;[0m                                                                                       &amp;#27;[90m# Steps.iClickOnSaveAndContinue()&amp;#27;[0m
    &amp;#27;[32mAnd &amp;#27;[0m&amp;#27;[32mI Verify Upload Required Documents Page is displayed&amp;#27;[0m                                                               &amp;#27;[90m# Steps.iVerifyUploadRequiredDocumentsPageIsDisplayed()&amp;#27;[0m
    &amp;#27;[32mAnd &amp;#27;[0m&amp;#27;[32mI Upload Business Registration Card &quot;&amp;#27;[0m&amp;#27;[32m&amp;#27;[1msrc\test\resources\Upload_Test1.pdf&amp;#27;[0m&amp;#27;[32m&quot;&amp;#27;[0m                                          &amp;#27;[90m# Steps.iUploadBusinessRegistrationCard(String)&amp;#27;[0m
    &amp;#27;[32mAnd &amp;#27;[0m&amp;#27;[32mI Upload Certificate of Incorporation &quot;&amp;#27;[0m&amp;#27;[32m&amp;#27;[1msrc\test\resources\Upload_Test1.pdf&amp;#27;[0m&amp;#27;[32m&quot;&amp;#27;[0m                                        &amp;#27;[90m# Steps.iUploadCertificateOfIncorporation(String)&amp;#27;[0m
    &amp;#27;[32mAnd &amp;#27;[0m&amp;#27;[32mI Upload List of Directors/ Associates &quot;&amp;#27;[0m&amp;#27;[32m&amp;#27;[1msrc\test\resources\Upload_Test1.pdf&amp;#27;[0m&amp;#27;[32m&quot;&amp;#27;[0m                                       &amp;#27;[90m# Steps.iUploadListOfDirectorsAssociates(String)&amp;#27;[0m
    &amp;#27;[32mAnd &amp;#27;[0m&amp;#27;[32mI Upload Board Resolution of Enterprise for appointment of representative(s) &quot;&amp;#27;[0m&amp;#27;[32m&amp;#27;[1msrc\test\resources\Upload_Test1.pdf&amp;#27;[0m&amp;#27;[32m&quot;&amp;#27;[0m &amp;#27;[90m# Steps.iUploadBoardResolutionOfEnterpriseForAppointmentOfRepresentativeS(String)&amp;#27;[0m
    &amp;#27;[32mAnd &amp;#27;[0m&amp;#27;[32mI Upload National Identity card of representative &quot;&amp;#27;[0m&amp;#27;[32m&amp;#27;[1msrc\test\resources\Upload_Test1.pdf&amp;#27;[0m&amp;#27;[32m&quot;&amp;#27;[0m                            &amp;#27;[90m# Steps.iUploadNationalIdentityCardOfRepresentative(String)&amp;#27;[0m
    &amp;#27;[32mAnd &amp;#27;[0m&amp;#27;[32mI Upload Location Plan Document &quot;&amp;#27;[0m&amp;#27;[32m&amp;#27;[1msrc\test\resources\Upload_Test1.pdf&amp;#27;[0m&amp;#27;[32m&quot;&amp;#27;[0m                                              &amp;#27;[90m# Steps.iUploadLocationPlanDocument(String)&amp;#27;[0m
    &amp;#27;[32mAnd &amp;#27;[0m&amp;#27;[32mI Upload Copy of SMEDA Certificate Document &quot;&amp;#27;[0m&amp;#27;[32m&amp;#27;[1msrc\test\resources\Upload_Test1.pdf&amp;#27;[0m&amp;#27;[32m&quot;&amp;#27;[0m                                  &amp;#27;[90m# Steps.iUploadCopyOfSMEDACertificateDocument(String)&amp;#27;[0m
    &amp;#27;[32mAnd &amp;#27;[0m&amp;#27;[32mI Upload Copy of Utility Bill Document &quot;&amp;#27;[0m&amp;#27;[32m&amp;#27;[1msrc\test\resources\Upload_Test1.pdf&amp;#27;[0m&amp;#27;[32m&quot;&amp;#27;[0m                                       &amp;#27;[90m# Steps.iUploadCopyOfUtilityBillDocument(String)&amp;#27;[0m
    &amp;#27;[32mAnd &amp;#27;[0m&amp;#27;[32mI Verify for Document Upload Success Message&amp;#27;[0m                                                                       &amp;#27;[90m# Steps.iVerifyForDocumentUploadSuccessMessage()&amp;#27;[0m
    &amp;#27;[32mAnd &amp;#27;[0m&amp;#27;[32mI Click on Add Additional Document&amp;#27;[0m                                                                                 &amp;#27;[90m# Steps.iClickOnAddAdditionalDocument()&amp;#27;[0m
    &amp;#27;[32mAnd &amp;#27;[0m&amp;#27;[32mI Input Additional Document Name &quot;&amp;#27;[0m&amp;#27;[32m&amp;#27;[1mAdditional Document Test&amp;#27;[0m&amp;#27;[32m&quot;&amp;#27;[0m                                                        &amp;#27;[90m# Steps.iInputAdditionalDocumentName(String)&amp;#27;[0m
    &amp;#27;[32mAnd &amp;#27;[0m&amp;#27;[32mI Verify Success message for adding Additional Document Name&amp;#27;[0m                                                       &amp;#27;[90m# Steps.iVerifySuccessMessageForAddingAdditionalDocumentName()&amp;#27;[0m
    &amp;#27;[32mAnd &amp;#27;[0m&amp;#27;[32mI Upload Additional Document &quot;&amp;#27;[0m&amp;#27;[32m&amp;#27;[1msrc\test\resources\Upload_Test1.pdf&amp;#27;[0m&amp;#27;[32m&quot;&amp;#27;[0m                                                 &amp;#27;[90m# Steps.iUploadAdditionalDocument(String)&amp;#27;[0m
    &amp;#27;[32mAnd &amp;#27;[0m&amp;#27;[32mI Verify for Document Upload Success Message&amp;#27;[0m                                                                       &amp;#27;[90m# Steps.iVerifyForDocumentUploadSuccessMessage()&amp;#27;[0m
    &amp;#27;[32mAnd &amp;#27;[0m&amp;#27;[32mI Click on Save and Continue&amp;#27;[0m                                                                                       &amp;#27;[90m# Steps.iClickOnSaveAndContinue()&amp;#27;[0m
    &amp;#27;[32mAnd &amp;#27;[0m&amp;#27;[32mI Verify Terms and Conditions Page&amp;#27;[0m                                                                                 &amp;#27;[90m# Steps.iVerifyTermsAndConditionsPage()&amp;#27;[0m
    &amp;#27;[32mAnd &amp;#27;[0m&amp;#27;[32mI click on I agree to the Terms and Conditions&amp;#27;[0m                                                                     &amp;#27;[90m# Steps.iClickOnIAgreeToTheTermsAndConditions()&amp;#27;[0m
    &amp;#27;[32mAnd &amp;#27;[0m&amp;#27;[32mI Select Bank &quot;&amp;#27;[0m&amp;#27;[32m&amp;#27;[1mABC Banking&amp;#27;[0m&amp;#27;[32m&quot;&amp;#27;[0m                                                                                        &amp;#27;[90m# Steps.iSelectBank(String)&amp;#27;[0m
    &amp;#27;[32mAnd &amp;#27;[0m&amp;#27;[32mI Input Bank Branch for Agro-Processing Enterprise &quot;&amp;#27;[0m&amp;#27;[32m&amp;#27;[1mPort Louis&amp;#27;[0m&amp;#27;[32m&quot;&amp;#27;[0m                                                    &amp;#27;[90m# Steps.iInputBankBranchForAgroProcessingEnterprise(String)&amp;#27;[0m
    &amp;#27;[32mAnd &amp;#27;[0m&amp;#27;[32mI Input Personal Bank Account Number Agro-Processing Enterprise &quot;&amp;#27;[0m&amp;#27;[32m&amp;#27;[1m0001252563636&amp;#27;[0m&amp;#27;[32m&quot;&amp;#27;[0m                                    &amp;#27;[90m# Steps.iInputPersonalBankAccountNumberAgroProcessingEnterprise(String)&amp;#27;[0m
    &amp;#27;[32mAnd &amp;#27;[0m&amp;#27;[32mI Click on Submit Application &quot;&amp;#27;[0m&amp;#27;[32m&amp;#27;[1mYes&amp;#27;[0m&amp;#27;[32m&quot;&amp;#27;[0m                                                                                &amp;#27;[90m# Steps.iClickOnSubmitApplication(String)&amp;#27;[0m
    &amp;#27;[32mAnd &amp;#27;[0m&amp;#27;[32mI Verify Success message for application submitted&amp;#27;[0m                                                                 &amp;#27;[90m# Steps.iVerifySuccessMessageForApplicationSubmitted()&amp;#27;[0m
    &amp;#27;[32mAnd &amp;#27;[0m&amp;#27;[32mI Verify Application Status &quot;&amp;#27;[0m&amp;#27;[32m&amp;#27;[1mSubmitted&amp;#27;[0m&amp;#27;[32m&quot;&amp;#27;[0m                                                                            &amp;#27;[90m# Steps.iVerifyApplicationStatus(String)&amp;#27;[0m
    &amp;#27;[32mAnd &amp;#27;[0m&amp;#27;[32mI Verify Payment Status &quot;&amp;#27;[0m&amp;#27;[32m&amp;#27;[1mPending&amp;#27;[0m&amp;#27;[32m&quot;&amp;#27;[0m                                                                                  &amp;#27;[90m# Steps.iVerifyPaymentStatus(String)&amp;#27;[0m
    &amp;#27;[32mAnd &amp;#27;[0m&amp;#27;[32mI Copy Application Number&amp;#27;[0m                                                                                          &amp;#27;[90m# Steps.iCopyApplicationNumber()&amp;#27;[0m
    &amp;#27;[32mAnd &amp;#27;[0m&amp;#27;[32mI Click on Shopping Cart for payment&amp;#27;[0m                                                                               &amp;#27;[90m# Steps.iClickOnShoppingCartForPayment()&amp;#27;[0m
    &amp;#27;[32mAnd &amp;#27;[0m&amp;#27;[32mI Select Application for payment&amp;#27;[0m                                                                                   &amp;#27;[90m# Steps.IselectApplicationForPayment()&amp;#27;[0m
    &amp;#27;[32mAnd &amp;#27;[0m&amp;#27;[32mI Click on Proceed to Payment&amp;#27;[0m                                                                                      &amp;#27;[90m# Steps.iClickOnProceedToPayment()&amp;#27;[0m
    &amp;#27;[32mAnd &amp;#27;[0m&amp;#27;[32mI Click on Payment Icon&amp;#27;[0m                                                                                            &amp;#27;[90m# Steps.iClickOnPaymentIcon()&amp;#27;[0m
    &amp;#27;[32mAnd &amp;#27;[0m&amp;#27;[32mI Select Payment Method &quot;&amp;#27;[0m&amp;#27;[32m&amp;#27;[1mCounter&amp;#27;[0m&amp;#27;[32m&quot;&amp;#27;[0m                                                                                  &amp;#27;[90m# Steps.iSelectPaymentMethod(String)&amp;#27;[0m
    &amp;#27;[32mAnd &amp;#27;[0m&amp;#27;[32mI Click on Final Proceed to Payment&amp;#27;[0m                                                                                &amp;#27;[90m# Steps.iClickOnFinalProceedToPayment()&amp;#27;[0m
    &amp;#27;[32mAnd &amp;#27;[0m&amp;#27;[32mI Verify Message to proceed to Post Office for Payment&amp;#27;[0m                                                             &amp;#27;[90m# Steps.iVerifyMessageToProceedToPostOfficeForPayment()&amp;#27;[0m
    &amp;#27;[32mAnd &amp;#27;[0m&amp;#27;[32mI Sign Out as Front Registered User&amp;#27;[0m                                                                                &amp;#27;[90m# Steps.iSignOutAsFrontRegisteredUser()&amp;#27;[0m
    #    Finance
    &amp;#27;[32mAnd &amp;#27;[0m&amp;#27;[32mI am on SFWF Back Office Home Page &quot;&amp;#27;[0m&amp;#27;[32m&amp;#27;[1mChrome&amp;#27;[0m&amp;#27;[32m&quot;&amp;#27;[0m                                                                        &amp;#27;[90m# Steps.iAmOnSFWFBackOfficeHomePage(String)&amp;#27;[0m
    &amp;#27;[32mAnd &amp;#27;[0m&amp;#27;[32mI Input Finance Username &quot;&amp;#27;[0m&amp;#27;[32m&amp;#27;[1mFinance_suraj&amp;#27;[0m&amp;#27;[32m&quot; and Password &quot;&amp;#27;[0m&amp;#27;[32m&amp;#27;[1mAdmin@123&amp;#27;[0m&amp;#27;[32m&quot;&amp;#27;[0m                                                  &amp;#27;[90m# Steps.iInputFinanceUsernameAndPassword(String,String)&amp;#27;[0m
    &amp;#27;[32mAnd &amp;#27;[0m&amp;#27;[32mI Click on Sign In button&amp;#27;[0m                                                                                          &amp;#27;[90m# Steps.iClickOnSignInButton()&amp;#27;[0m
    &amp;#27;[32mAnd &amp;#27;[0m&amp;#27;[32mI Verify Successful Login&amp;#27;[0m                                                                                          &amp;#27;[90m# Steps.IVerifySuccessfulLogin()&amp;#27;[0m
    &amp;#27;[32mAnd &amp;#27;[0m&amp;#27;[32mI Click on Manage Cashier&amp;#27;[0m                                                                                          &amp;#27;[90m# Steps.iClickOnManageCashier()&amp;#27;[0m
    &amp;#27;[32mAnd &amp;#27;[0m&amp;#27;[32mI Verify List of Applications page&amp;#27;[0m                                                                                 &amp;#27;[90m# Steps.iVerifyListOfApplicationsPage()&amp;#27;[0m
    &amp;#27;[32mAnd &amp;#27;[0m&amp;#27;[32mI Click on Confirm Processing Fees&amp;#27;[0m                                                                                 &amp;#27;[90m# Steps.iClickOnConfirmProcessingFees()&amp;#27;[0m
    &amp;#27;[32mAnd &amp;#27;[0m&amp;#27;[32mI Verify display of Processing Details Frame&amp;#27;[0m                                                                       &amp;#27;[90m# Steps.iVerifyDisplayOfProcessingDetailsFrame()&amp;#27;[0m
    #    And I Select Payment Mode &quot;&lt;Payment_Mode&gt;&quot;
    #    And I Input Amount of payment &quot;&lt;Amount_To_Pay&gt;&quot;
    #    And I Click on Add Payment
    &amp;#27;[32mAnd &amp;#27;[0m&amp;#27;[32mI Click on Save Payment&amp;#27;[0m                                                                                            &amp;#27;[90m# Steps.iClickOnSavePayment()&amp;#27;[0m
    &amp;#27;[32mAnd &amp;#27;[0m&amp;#27;[32mI Verify success message for adding payment&amp;#27;[0m                                                                        &amp;#27;[90m# Steps.iVerifySuccessMessageForAddingPayment()&amp;#27;[0m
    &amp;#27;[32mAnd &amp;#27;[0m&amp;#27;[32mI Sign Out&amp;#27;[0m                                                                                                         &amp;#27;[90m# Steps.iSignOut()&amp;#27;[0m
    &amp;#27;[32mAnd &amp;#27;[0m&amp;#27;[32mI Verify Successful Sign Out&amp;#27;[0m                                                                                       &amp;#27;[90m# Steps.iVerifySuccessfulSignOut()&amp;#27;[0m
    #    PWO
    &amp;#27;[32mAnd &amp;#27;[0m&amp;#27;[32mI am on SFWF Back Office Home Page &quot;&amp;#27;[0m&amp;#27;[32m&amp;#27;[1mChrome&amp;#27;[0m&amp;#27;[32m&quot;&amp;#27;[0m                                                                        &amp;#27;[90m# Steps.iAmOnSFWFBackOfficeHomePage(String)&amp;#27;[0m
    &amp;#27;[32mAnd &amp;#27;[0m&amp;#27;[32mI Input PWO Username &quot;&amp;#27;[0m&amp;#27;[32m&amp;#27;[1mPWO&amp;#27;[0m&amp;#27;[32m&quot; and Password &quot;&amp;#27;[0m&amp;#27;[32m&amp;#27;[1mAdmin@123&amp;#27;[0m&amp;#27;[32m&quot;&amp;#27;[0m                                                                &amp;#27;[90m# Steps.iInputPWOUsernameAndPassword(String,String)&amp;#27;[0m
    &amp;#27;[32mAnd &amp;#27;[0m&amp;#27;[32mI Click on Sign In button&amp;#27;[0m                                                                                          &amp;#27;[90m# Steps.iClickOnSignInButton()&amp;#27;[0m
    &amp;#27;[32mAnd &amp;#27;[0m&amp;#27;[32mI Verify Successful Login&amp;#27;[0m                                                                                          &amp;#27;[90m# Steps.IVerifySuccessfulLogin()&amp;#27;[0m
    &amp;#27;[32mAnd &amp;#27;[0m&amp;#27;[32mI Click on All Applications&amp;#27;[0m                                                                                        &amp;#27;[90m# Steps.iClickOnAllApplications()&amp;#27;[0m
    &amp;#27;[32mAnd &amp;#27;[0m&amp;#27;[32mI Verify display of list of registrations page&amp;#27;[0m                                                                     &amp;#27;[90m# Steps.iVerifyDisplayOfListOfRegistrationsPage()&amp;#27;[0m
    &amp;#27;[32mAnd &amp;#27;[0m&amp;#27;[32mI Search for Application Ref Number as a Back Office User&amp;#27;[0m                                                          &amp;#27;[90m# Steps.iSearchForApplicationRefNumberAsABackOfficeUser()&amp;#27;[0m
    &amp;#27;[32mAnd &amp;#27;[0m&amp;#27;[32mI Click to view Application&amp;#27;[0m                                                                                        &amp;#27;[90m# Steps.iClickToViewApplication()&amp;#27;[0m
    &amp;#27;[31mAnd &amp;#27;[0m&amp;#27;[31mI Click on Action Button&amp;#27;[0m                                                                                           &amp;#27;[90m# Steps.iClickOnActionButton()&amp;#27;[0m
      &amp;#27;[31morg.openqa.selenium.TimeoutException: Expected condition failed: waiting for visibility of element located by By.xpath: //h3[contains(.,&apos;Actions&apos;)] (tried for 120 second(s) with 500 MILLISECONDS interval)
      Build info: version: &apos;3.4.0&apos;, revision: &apos;unknown&apos;, time: &apos;unknown&apos;
      System info: host: &apos;SIL-LTDELLI7-G6&apos;, ip: &apos;192.168.8.146&apos;, os.name: &apos;Windows 11&apos;, os.arch: &apos;amd64&apos;, os.version: &apos;10.0&apos;, java.version: &apos;1.8.0_371&apos;
      Driver info: org.openqa.selenium.chrome.ChromeDriver
      Capabilities [{networkConnectionEnabled=false, chrome={chromedriverVersion=130.0.6723.116 (6ac35f94ae3d01152cf1946c896b0678e48f8ec4-refs/branch-heads/6723@{#1764}), userDataDir=C:\Users\SURAJ~1.JOG\AppData\Local\Temp\scoped_dir17588_1601731146}, timeouts={implicit=0.0, pageLoad=300000.0, script=30000.0}, pageLoadStrategy=normal, unhandledPromptBehavior=dismiss and notify, strictFileInteractability=false, platform=ANY, proxy=Proxy(), webauthn:extension:minPinLength=true, goog:chromeOptions={debuggerAddress=localhost:62804}, webauthn:extension:credBlob=true, webauthn:extension:prf=true, acceptInsecureCerts=false, browserVersion=130.0.6723.117, fedcm:accounts=true, browserName=chrome, javascriptEnabled=true, platformName=windows, setWindowRect=true, webauthn:extension:largeBlob=true, webauthn:virtualAuthenticators=true}]
      Session ID: 30ca9e49e51991f62d47acfc006874f0
      	at org.openqa.selenium.support.ui.WebDriverWait.timeoutException(WebDriverWait.java:80)
      	at org.openqa.selenium.support.ui.FluentWait.until(FluentWait.java:232)
      	at stepdefinition.Steps.iClickOnActionButton(Steps.java:2167)
      	at ?.And I Click on Action Button(features/US13280.feature:93)
      &amp;#27;[0m
    &amp;#27;[36mAnd &amp;#27;[0m&amp;#27;[36mI Select PWO Assigned&amp;#27;[0m                                                                                              &amp;#27;[90m# Steps.iSelectPWOAssigned()&amp;#27;[0m
    &amp;#27;[36mAnd &amp;#27;[0m&amp;#27;[36mI Select WPO&amp;#27;[0m                                                                                                       &amp;#27;[90m# Steps.iSelectWPO()&amp;#27;[0m
    &amp;#27;[36mAnd &amp;#27;[0m&amp;#27;[36mI Input Remarks &quot;&amp;#27;[0m&amp;#27;[36m&amp;#27;[1mThis is a test&amp;#27;[0m&amp;#27;[36m&quot;&amp;#27;[0m                                                                                   &amp;#27;[90m# Steps.iInputRemarks(String)&amp;#27;[0m
    &amp;#27;[36mAnd &amp;#27;[0m&amp;#27;[36mI Click on Save Actions&amp;#27;[0m                                                                                            &amp;#27;[90m# Steps.iClickOnSaveActions()&amp;#27;[0m
    &amp;#27;[36mAnd &amp;#27;[0m&amp;#27;[36mI Verify for success message for assigning&amp;#27;[0m                                                                         &amp;#27;[90m# Steps.iVerifyForSuccessMessageForAssigning()&amp;#27;[0m
    &amp;#27;[36mAnd &amp;#27;[0m&amp;#27;[36mI Sign Out&amp;#27;[0m                                                                                                         &amp;#27;[90m# Steps.iSignOut()&amp;#27;[0m
    &amp;#27;[36mAnd &amp;#27;[0m&amp;#27;[36mI Verify Successful Sign Out&amp;#27;[0m                                                                                       &amp;#27;[90m# Steps.iVerifySuccessfulSignOut()&amp;#27;[0m
    #    WPO
    &amp;#27;[36mAnd &amp;#27;[0m&amp;#27;[36mI am on SFWF Back Office Home Page &quot;&amp;#27;[0m&amp;#27;[36m&amp;#27;[1mChrome&amp;#27;[0m&amp;#27;[36m&quot;&amp;#27;[0m                                                                        &amp;#27;[90m# Steps.iAmOnSFWFBackOfficeHomePage(String)&amp;#27;[0m
    &amp;#27;[36mAnd &amp;#27;[0m&amp;#27;[36mI Input WPO Username &quot;&amp;#27;[0m&amp;#27;[36m&amp;#27;[1mWPO&amp;#27;[0m&amp;#27;[36m&quot; and Password &quot;&amp;#27;[0m&amp;#27;[36m&amp;#27;[1mAdmin@123&amp;#27;[0m&amp;#27;[36m&quot;&amp;#27;[0m                                                                &amp;#27;[90m# Steps.iInputWPOUsernameAndPassword(String,String)&amp;#27;[0m
    &amp;#27;[36mAnd &amp;#27;[0m&amp;#27;[36mI Click on Sign In button&amp;#27;[0m                                                                                          &amp;#27;[90m# Steps.iClickOnSignInButton()&amp;#27;[0m
    &amp;#27;[36mAnd &amp;#27;[0m&amp;#27;[36mI Verify Successful Login&amp;#27;[0m                                                                                          &amp;#27;[90m# Steps.IVerifySuccessfulLogin()&amp;#27;[0m
    &amp;#27;[36mAnd &amp;#27;[0m&amp;#27;[36mI Click on All Applications&amp;#27;[0m                                                                                        &amp;#27;[90m# Steps.iClickOnAllApplications()&amp;#27;[0m
    &amp;#27;[36mAnd &amp;#27;[0m&amp;#27;[36mI Verify display of list of registrations page&amp;#27;[0m                                                                     &amp;#27;[90m# Steps.iVerifyDisplayOfListOfRegistrationsPage()&amp;#27;[0m
    &amp;#27;[36mAnd &amp;#27;[0m&amp;#27;[36mI Search for Application Ref Number as a Back Office User&amp;#27;[0m                                                          &amp;#27;[90m# Steps.iSearchForApplicationRefNumberAsABackOfficeUser()&amp;#27;[0m
    &amp;#27;[36mAnd &amp;#27;[0m&amp;#27;[36mI Click to view Application&amp;#27;[0m                                                                                        &amp;#27;[90m# Steps.iClickToViewApplication()&amp;#27;[0m
    &amp;#27;[36mAnd &amp;#27;[0m&amp;#27;[36mI Click on Action Button&amp;#27;[0m                                                                                           &amp;#27;[90m# Steps.iClickOnActionButton()&amp;#27;[0m
    &amp;#27;[36mAnd &amp;#27;[0m&amp;#27;[36mI Select Assigned&amp;#27;[0m                                                                                                  &amp;#27;[90m# Steps.iSelectAssigned()&amp;#27;[0m
    &amp;#27;[36mAnd &amp;#27;[0m&amp;#27;[36mI Select WO&amp;#27;[0m                                                                                                        &amp;#27;[90m# Steps.iSelectWO()&amp;#27;[0m
    &amp;#27;[36mAnd &amp;#27;[0m&amp;#27;[36mI Input Remarks &quot;&amp;#27;[0m&amp;#27;[36m&amp;#27;[1mThis is a test&amp;#27;[0m&amp;#27;[36m&quot;&amp;#27;[0m                                                                                   &amp;#27;[90m# Steps.iInputRemarks(String)&amp;#27;[0m
    &amp;#27;[36mAnd &amp;#27;[0m&amp;#27;[36mI Click on Save Actions&amp;#27;[0m                                                                                            &amp;#27;[90m# Steps.iClickOnSaveActions()&amp;#27;[0m
    &amp;#27;[36mAnd &amp;#27;[0m&amp;#27;[36mI Verify for success message for assigning&amp;#27;[0m                                                                         &amp;#27;[90m# Steps.iVerifyForSuccessMessageForAssigning()&amp;#27;[0m
    &amp;#27;[36mAnd &amp;#27;[0m&amp;#27;[36mI Sign Out&amp;#27;[0m                                                                                                         &amp;#27;[90m# Steps.iSignOut()&amp;#27;[0m
    &amp;#27;[36mAnd &amp;#27;[0m&amp;#27;[36mI Verify Successful Sign Out&amp;#27;[0m                                                                                       &amp;#27;[90m# Steps.iVerifySuccessfulSignOut()&amp;#27;[0m
    #    WO/WA
    &amp;#27;[36mAnd &amp;#27;[0m&amp;#27;[36mI am on SFWF Back Office Home Page &quot;&amp;#27;[0m&amp;#27;[36m&amp;#27;[1mChrome&amp;#27;[0m&amp;#27;[36m&quot;&amp;#27;[0m                                                                        &amp;#27;[90m# Steps.iAmOnSFWFBackOfficeHomePage(String)&amp;#27;[0m
    &amp;#27;[36mAnd &amp;#27;[0m&amp;#27;[36mI Input WO-WA Username &quot;&amp;#27;[0m&amp;#27;[36m&amp;#27;[1mWO&amp;#27;[0m&amp;#27;[36m&quot; and Password &quot;&amp;#27;[0m&amp;#27;[36m&amp;#27;[1mAdmin@123&amp;#27;[0m&amp;#27;[36m&quot;&amp;#27;[0m                                                               &amp;#27;[90m# Steps.iInputWOWAUsernameAndPassword(String,String)&amp;#27;[0m
    &amp;#27;[36mAnd &amp;#27;[0m&amp;#27;[36mI Click on Sign In button&amp;#27;[0m                                                                                          &amp;#27;[90m# Steps.iClickOnSignInButton()&amp;#27;[0m
    &amp;#27;[36mAnd &amp;#27;[0m&amp;#27;[36mI Verify Successful Login&amp;#27;[0m                                                                                          &amp;#27;[90m# Steps.IVerifySuccessfulLogin()&amp;#27;[0m
    &amp;#27;[36mAnd &amp;#27;[0m&amp;#27;[36mI Click on All Applications&amp;#27;[0m                                                                                        &amp;#27;[90m# Steps.iClickOnAllApplications()&amp;#27;[0m
    &amp;#27;[36mAnd &amp;#27;[0m&amp;#27;[36mI Verify display of list of registrations page&amp;#27;[0m                                                                     &amp;#27;[90m# Steps.iVerifyDisplayOfListOfRegistrationsPage()&amp;#27;[0m
    &amp;#27;[36mAnd &amp;#27;[0m&amp;#27;[36mI Search for Application Ref Number as a Back Office User&amp;#27;[0m                                                          &amp;#27;[90m# Steps.iSearchForApplicationRefNumberAsABackOfficeUser()&amp;#27;[0m
    &amp;#27;[36mAnd &amp;#27;[0m&amp;#27;[36mI Click to view Application&amp;#27;[0m                                                                                        &amp;#27;[90m# Steps.iClickToViewApplication()&amp;#27;[0m
    &amp;#27;[36mAnd &amp;#27;[0m&amp;#27;[36mI Click on Site Report Tab&amp;#27;[0m                                                                                         &amp;#27;[90m# Steps.iClickOnSiteReportTab()&amp;#27;[0m
    &amp;#27;[36mAnd &amp;#27;[0m&amp;#27;[36mI Select Bonafide Planter &quot;&amp;#27;[0m&amp;#27;[36m&amp;#27;[1mYes&amp;#27;[0m&amp;#27;[36m&quot;&amp;#27;[0m                                                                                    &amp;#27;[90m# Steps.iSelectBonafidePlanter(String)&amp;#27;[0m
    &amp;#27;[36mAnd &amp;#27;[0m&amp;#27;[36mI Input Site visit remarks &quot;&amp;#27;[0m&amp;#27;[36m&amp;#27;[1mThis is a test&amp;#27;[0m&amp;#27;[36m&quot;&amp;#27;[0m                                                                        &amp;#27;[90m# Steps.iInputSiteVisitRemarks(String)&amp;#27;[0m
    &amp;#27;[36mAnd &amp;#27;[0m&amp;#27;[36mI Upload Site Report &quot;&amp;#27;[0m&amp;#27;[36m&amp;#27;[1msrc\test\resources\Upload_Test1.pdf&amp;#27;[0m&amp;#27;[36m&quot;&amp;#27;[0m                                                         &amp;#27;[90m# Steps.iUploadSiteReport(String)&amp;#27;[0m
    &amp;#27;[36mAnd &amp;#27;[0m&amp;#27;[36mI Verify for Document Upload Success Message for Site Visit&amp;#27;[0m                                                        &amp;#27;[90m# Steps.iVerifyForDocumentUploadSuccessMessageForSiteVisit()&amp;#27;[0m
    &amp;#27;[36mAnd &amp;#27;[0m&amp;#27;[36mI Click on Save Button&amp;#27;[0m                                                                                             &amp;#27;[90m# Steps.iClickOnSaveButton()&amp;#27;[0m
    &amp;#27;[36mAnd &amp;#27;[0m&amp;#27;[36mI Verify Site Visit saved success message&amp;#27;[0m                                                                          &amp;#27;[90m# Steps.iVerifySiteVisitSavedSuccessMessage()&amp;#27;[0m
    &amp;#27;[36mAnd &amp;#27;[0m&amp;#27;[36mI Click on Action Button&amp;#27;[0m                                                                                           &amp;#27;[90m# Steps.iClickOnActionButton()&amp;#27;[0m
    &amp;#27;[36mAnd &amp;#27;[0m&amp;#27;[36mI Select Assigned&amp;#27;[0m                                                                                                  &amp;#27;[90m# Steps.iSelectAssigned()&amp;#27;[0m
    &amp;#27;[36mAnd &amp;#27;[0m&amp;#27;[36mI Select WPO&amp;#27;[0m                                                                                                       &amp;#27;[90m# Steps.iSelectWPO()&amp;#27;[0m
    &amp;#27;[36mAnd &amp;#27;[0m&amp;#27;[36mI Input Remarks &quot;&amp;#27;[0m&amp;#27;[36m&amp;#27;[1mThis is a test&amp;#27;[0m&amp;#27;[36m&quot;&amp;#27;[0m                                                                                   &amp;#27;[90m# Steps.iInputRemarks(String)&amp;#27;[0m
    &amp;#27;[36mAnd &amp;#27;[0m&amp;#27;[36mI Click on Save Actions&amp;#27;[0m                                                                                            &amp;#27;[90m# Steps.iClickOnSaveActions()&amp;#27;[0m
    &amp;#27;[36mAnd &amp;#27;[0m&amp;#27;[36mI Verify for success message for assigning&amp;#27;[0m                                                                         &amp;#27;[90m# Steps.iVerifyForSuccessMessageForAssigning()&amp;#27;[0m
    &amp;#27;[36mAnd &amp;#27;[0m&amp;#27;[36mI Sign Out&amp;#27;[0m                                                                                                         &amp;#27;[90m# Steps.iSignOut()&amp;#27;[0m
    &amp;#27;[36mAnd &amp;#27;[0m&amp;#27;[36mI Verify Successful Sign Out&amp;#27;[0m                                                                                       &amp;#27;[90m# Steps.iVerifySuccessfulSignOut()&amp;#27;[0m
    #    WPO
    &amp;#27;[36mAnd &amp;#27;[0m&amp;#27;[36mI am on SFWF Back Office Home Page &quot;&amp;#27;[0m&amp;#27;[36m&amp;#27;[1mChrome&amp;#27;[0m&amp;#27;[36m&quot;&amp;#27;[0m                                                                        &amp;#27;[90m# Steps.iAmOnSFWFBackOfficeHomePage(String)&amp;#27;[0m
    &amp;#27;[36mAnd &amp;#27;[0m&amp;#27;[36mI Input WPO Username &quot;&amp;#27;[0m&amp;#27;[36m&amp;#27;[1mWPO&amp;#27;[0m&amp;#27;[36m&quot; and Password &quot;&amp;#27;[0m&amp;#27;[36m&amp;#27;[1mAdmin@123&amp;#27;[0m&amp;#27;[36m&quot;&amp;#27;[0m                                                                &amp;#27;[90m# Steps.iInputWPOUsernameAndPassword(String,String)&amp;#27;[0m
    &amp;#27;[36mAnd &amp;#27;[0m&amp;#27;[36mI Click on Sign In button&amp;#27;[0m                                                                                          &amp;#27;[90m# Steps.iClickOnSignInButton()&amp;#27;[0m
    &amp;#27;[36mAnd &amp;#27;[0m&amp;#27;[36mI Verify Successful Login&amp;#27;[0m                                                                                          &amp;#27;[90m# Steps.IVerifySuccessfulLogin()&amp;#27;[0m
    &amp;#27;[36mAnd &amp;#27;[0m&amp;#27;[36mI Click on All Applications&amp;#27;[0m                                                                                        &amp;#27;[90m# Steps.iClickOnAllApplications()&amp;#27;[0m
    &amp;#27;[36mAnd &amp;#27;[0m&amp;#27;[36mI Verify display of list of registrations page&amp;#27;[0m                                                                     &amp;#27;[90m# Steps.iVerifyDisplayOfListOfRegistrationsPage()&amp;#27;[0m
    &amp;#27;[36mAnd &amp;#27;[0m&amp;#27;[36mI Search for Application Ref Number as a Back Office User&amp;#27;[0m                                                          &amp;#27;[90m# Steps.iSearchForApplicationRefNumberAsABackOfficeUser()&amp;#27;[0m
    &amp;#27;[36mAnd &amp;#27;[0m&amp;#27;[36mI Click to view Application&amp;#27;[0m                                                                                        &amp;#27;[90m# Steps.iClickToViewApplication()&amp;#27;[0m
    &amp;#27;[36mAnd &amp;#27;[0m&amp;#27;[36mI Click on Action Button&amp;#27;[0m                                                                                           &amp;#27;[90m# Steps.iClickOnActionButton()&amp;#27;[0m
    &amp;#27;[36mAnd &amp;#27;[0m&amp;#27;[36mI Select Under Query&amp;#27;[0m                                                                                               &amp;#27;[90m# Steps.iSelectUnderQuery()&amp;#27;[0m
    &amp;#27;[36mAnd &amp;#27;[0m&amp;#27;[36mI Input External Remarks &quot;&amp;#27;[0m&amp;#27;[36m&amp;#27;[1mThis is a test&amp;#27;[0m&amp;#27;[36m&quot;&amp;#27;[0m                                                                          &amp;#27;[90m# Steps.iInputExternalRemarks(String)&amp;#27;[0m
    &amp;#27;[36mAnd &amp;#27;[0m&amp;#27;[36mI Click on Under Query Notification&amp;#27;[0m                                                                                &amp;#27;[90m# Steps.iClickOnUnderQueryNotification()&amp;#27;[0m
    &amp;#27;[36mAnd &amp;#27;[0m&amp;#27;[36mI Verify Success Message for Under Query Notification&amp;#27;[0m                                                              &amp;#27;[90m# Steps.iVerifySuccessMessageForUnderQueryNotification()&amp;#27;[0m
    &amp;#27;[36mAnd &amp;#27;[0m&amp;#27;[36mI Click on Save Actions&amp;#27;[0m                                                                                            &amp;#27;[90m# Steps.iClickOnSaveActions()&amp;#27;[0m
    &amp;#27;[36mAnd &amp;#27;[0m&amp;#27;[36mI Verify for success message for workflow saved&amp;#27;[0m                                                                    &amp;#27;[90m# Steps.iVerifyForSuccessMessageForWorkflowSaved()&amp;#27;[0m
    &amp;#27;[36mAnd &amp;#27;[0m&amp;#27;[36mI Sign Out&amp;#27;[0m                                                                                                         &amp;#27;[90m# Steps.iSignOut()&amp;#27;[0m
    &amp;#27;[36mAnd &amp;#27;[0m&amp;#27;[36mI Verify Successful Sign Out&amp;#27;[0m                                                                                       &amp;#27;[90m# Steps.iVerifySuccessfulSignOut()&amp;#27;[0m
    #    Applicant after under query
    &amp;#27;[36mGiven &amp;#27;[0m&amp;#27;[36mI am on SFWF Front Office Home Page &quot;&amp;#27;[0m&amp;#27;[36m&amp;#27;[1mChrome&amp;#27;[0m&amp;#27;[36m&quot;&amp;#27;[0m                                                                     &amp;#27;[90m# Steps.iAmOnSFWFFrontOfficeHomePage(String)&amp;#27;[0m
    &amp;#27;[36mWhen &amp;#27;[0m&amp;#27;[36mI Input Registered User&apos;s Username &quot;&amp;#27;[0m&amp;#27;[36m&amp;#27;[1mSuraj&amp;#27;[0m&amp;#27;[36m&quot; and Password &quot;&amp;#27;[0m&amp;#27;[36m&amp;#27;[1mAdmin@123&amp;#27;[0m&amp;#27;[36m&quot;&amp;#27;[0m                                               &amp;#27;[90m# Steps.iInputRegisteredUserSUsernameAndPassword(String,String)&amp;#27;[0m
    &amp;#27;[36mAnd &amp;#27;[0m&amp;#27;[36mI Click on Sign In button&amp;#27;[0m                                                                                          &amp;#27;[90m# Steps.iClickOnSignInButton()&amp;#27;[0m
    &amp;#27;[36mAnd &amp;#27;[0m&amp;#27;[36mI Verify Applicant&apos;s Successful Login&amp;#27;[0m                                                                              &amp;#27;[90m# Steps.iVerifyApplicantSSuccessfulLogin()&amp;#27;[0m
    &amp;#27;[36mAnd &amp;#27;[0m&amp;#27;[36mI Click on Register as Farmer&amp;#27;[0m                                                                                      &amp;#27;[90m# Steps.iClickOnRegisterAsFarmer()&amp;#27;[0m
    &amp;#27;[36mAnd &amp;#27;[0m&amp;#27;[36mI Verify that User is directed to My Application Page&amp;#27;[0m                                                              &amp;#27;[90m# Steps.iVerifyThatUserIsDirectedToMyApplicationPage()&amp;#27;[0m
    &amp;#27;[36mAnd &amp;#27;[0m&amp;#27;[36mI Verify display of Farmers Card link&amp;#27;[0m                                                                              &amp;#27;[90m# Steps.iVerifyDisplayOfFarmersCardLink()&amp;#27;[0m
    &amp;#27;[36mAnd &amp;#27;[0m&amp;#27;[36mI Verify Programmes link&amp;#27;[0m                                                                                           &amp;#27;[90m# Steps.iVerifyProgrammesLink()&amp;#27;[0m
    &amp;#27;[36mAnd &amp;#27;[0m&amp;#27;[36mI Search for Application Ref Number for re-submit&amp;#27;[0m                                                                  &amp;#27;[90m# Steps.iSearchForApplicationRefNumberForReSubmit()&amp;#27;[0m
    &amp;#27;[36mAnd &amp;#27;[0m&amp;#27;[36mI Verify display of REGISTRATION FOR AGRO-PROCESSING ENTERPRISE Page&amp;#27;[0m                                               &amp;#27;[90m# Steps.iVerifyDisplayOfREGISTRATIONFORAGROPROCESSINGENTERPRISEPage()&amp;#27;[0m
    &amp;#27;[36mAnd &amp;#27;[0m&amp;#27;[36mI Click on Save and Continue&amp;#27;[0m                                                                                       &amp;#27;[90m# Steps.iClickOnSaveAndContinue()&amp;#27;[0m
    &amp;#27;[36mAnd &amp;#27;[0m&amp;#27;[36mI Verify Upload Required Documents Page is displayed&amp;#27;[0m                                                               &amp;#27;[90m# Steps.iVerifyUploadRequiredDocumentsPageIsDisplayed()&amp;#27;[0m
    &amp;#27;[36mAnd &amp;#27;[0m&amp;#27;[36mI Click on Save and Continue&amp;#27;[0m                                                                                       &amp;#27;[90m# Steps.iClickOnSaveAndContinue()&amp;#27;[0m
    &amp;#27;[36mAnd &amp;#27;[0m&amp;#27;[36mI Verify Terms and Conditions Page&amp;#27;[0m                                                                                 &amp;#27;[90m# Steps.iVerifyTermsAndConditionsPage()&amp;#27;[0m
    &amp;#27;[36mAnd &amp;#27;[0m&amp;#27;[36mI Click on Submit Application &quot;&amp;#27;[0m&amp;#27;[36m&amp;#27;[1mYes&amp;#27;[0m&amp;#27;[36m&quot;&amp;#27;[0m                                                                                &amp;#27;[90m# Steps.iClickOnSubmitApplication(String)&amp;#27;[0m
    &amp;#27;[36mAnd &amp;#27;[0m&amp;#27;[36mI Verify Success message for application submitted&amp;#27;[0m                                                                 &amp;#27;[90m# Steps.iVerifySuccessMessageForApplicationSubmitted()&amp;#27;[0m
    &amp;#27;[36mAnd &amp;#27;[0m&amp;#27;[36mI Sign Out as Front Registered User&amp;#27;[0m                                                                                &amp;#27;[90m# Steps.iSignOutAsFrontRegisteredUser()&amp;#27;[0m
    #    WPO
    &amp;#27;[36mAnd &amp;#27;[0m&amp;#27;[36mI am on SFWF Back Office Home Page &quot;&amp;#27;[0m&amp;#27;[36m&amp;#27;[1mChrome&amp;#27;[0m&amp;#27;[36m&quot;&amp;#27;[0m                                                                        &amp;#27;[90m# Steps.iAmOnSFWFBackOfficeHomePage(String)&amp;#27;[0m
    &amp;#27;[36mAnd &amp;#27;[0m&amp;#27;[36mI Input WPO Username &quot;&amp;#27;[0m&amp;#27;[36m&amp;#27;[1mWPO&amp;#27;[0m&amp;#27;[36m&quot; and Password &quot;&amp;#27;[0m&amp;#27;[36m&amp;#27;[1mAdmin@123&amp;#27;[0m&amp;#27;[36m&quot;&amp;#27;[0m                                                                &amp;#27;[90m# Steps.iInputWPOUsernameAndPassword(String,String)&amp;#27;[0m
    &amp;#27;[36mAnd &amp;#27;[0m&amp;#27;[36mI Click on Sign In button&amp;#27;[0m                                                                                          &amp;#27;[90m# Steps.iClickOnSignInButton()&amp;#27;[0m
    &amp;#27;[36mAnd &amp;#27;[0m&amp;#27;[36mI Verify Successful Login&amp;#27;[0m                                                                                          &amp;#27;[90m# Steps.IVerifySuccessfulLogin()&amp;#27;[0m
    &amp;#27;[36mAnd &amp;#27;[0m&amp;#27;[36mI Click on All Applications&amp;#27;[0m                                                                                        &amp;#27;[90m# Steps.iClickOnAllApplications()&amp;#27;[0m
    &amp;#27;[36mAnd &amp;#27;[0m&amp;#27;[36mI Verify display of list of registrations page&amp;#27;[0m                                                                     &amp;#27;[90m# Steps.iVerifyDisplayOfListOfRegistrationsPage()&amp;#27;[0m
    &amp;#27;[36mAnd &amp;#27;[0m&amp;#27;[36mI Search for Application Ref Number as a Back Office User&amp;#27;[0m                                                          &amp;#27;[90m# Steps.iSearchForApplicationRefNumberAsABackOfficeUser()&amp;#27;[0m
    &amp;#27;[36mAnd &amp;#27;[0m&amp;#27;[36mI Click to view Application&amp;#27;[0m                                                                                        &amp;#27;[90m# Steps.iClickToViewApplication()&amp;#27;[0m
    &amp;#27;[36mAnd &amp;#27;[0m&amp;#27;[36mI Click on Action Button&amp;#27;[0m                                                                                           &amp;#27;[90m# Steps.iClickOnActionButton()&amp;#27;[0m
    &amp;#27;[36mAnd &amp;#27;[0m&amp;#27;[36mI Select Approved to approve the registration application&amp;#27;[0m                                                          &amp;#27;[90m# Steps.iSelectApprovedToApproveTheRegistrationApplication()&amp;#27;[0m
    &amp;#27;[36mAnd &amp;#27;[0m&amp;#27;[36mI Input Remarks &quot;&amp;#27;[0m&amp;#27;[36m&amp;#27;[1mThis is a test&amp;#27;[0m&amp;#27;[36m&quot;&amp;#27;[0m                                                                                   &amp;#27;[90m# Steps.iInputRemarks(String)&amp;#27;[0m
    &amp;#27;[36mAnd &amp;#27;[0m&amp;#27;[36mI Click on Save Actions&amp;#27;[0m                                                                                            &amp;#27;[90m# Steps.iClickOnSaveActions()&amp;#27;[0m
    &amp;#27;[36mAnd &amp;#27;[0m&amp;#27;[36mI Verify for success message for approval&amp;#27;[0m                                                                          &amp;#27;[90m# Steps.iVerifyForSuccessMessageForApproval()&amp;#27;[0m
    &amp;#27;[36mAnd &amp;#27;[0m&amp;#27;[36mI Sign Out&amp;#27;[0m                                                                                                         &amp;#27;[90m# Steps.iSignOut()&amp;#27;[0m
    &amp;#27;[36mAnd &amp;#27;[0m&amp;#27;[36mI Verify Successful Sign Out&amp;#27;[0m                                                                                       &amp;#27;[90m# Steps.iVerifySuccessfulSignOut()&amp;#27;[0m
    #    IT Department
    &amp;#27;[36mAnd &amp;#27;[0m&amp;#27;[36mI am on SFWF Back Office Home Page &quot;&amp;#27;[0m&amp;#27;[36m&amp;#27;[1mChrome&amp;#27;[0m&amp;#27;[36m&quot;&amp;#27;[0m                                                                        &amp;#27;[90m# Steps.iAmOnSFWFBackOfficeHomePage(String)&amp;#27;[0m
    &amp;#27;[36mAnd &amp;#27;[0m&amp;#27;[36mI Input IT Department Username &quot;&amp;#27;[0m&amp;#27;[36m&amp;#27;[1mIT_DEPT&amp;#27;[0m&amp;#27;[36m&quot; and Password &quot;&amp;#27;[0m&amp;#27;[36m&amp;#27;[1mAdmin@123&amp;#27;[0m&amp;#27;[36m&quot;&amp;#27;[0m                                                  &amp;#27;[90m# Steps.iInputITDepartmentUsernameAndPassword(String,String)&amp;#27;[0m
    &amp;#27;[36mAnd &amp;#27;[0m&amp;#27;[36mI Click on Sign In button&amp;#27;[0m                                                                                          &amp;#27;[90m# Steps.iClickOnSignInButton()&amp;#27;[0m
    &amp;#27;[36mAnd &amp;#27;[0m&amp;#27;[36mI Verify Successful Login&amp;#27;[0m                                                                                          &amp;#27;[90m# Steps.IVerifySuccessfulLogin()&amp;#27;[0m
    &amp;#27;[36mAnd &amp;#27;[0m&amp;#27;[36mI Click on All Applications&amp;#27;[0m                                                                                        &amp;#27;[90m# Steps.iClickOnAllApplications()&amp;#27;[0m
    &amp;#27;[36mAnd &amp;#27;[0m&amp;#27;[36mI Verify display of list of registrations page&amp;#27;[0m                                                                     &amp;#27;[90m# Steps.iVerifyDisplayOfListOfRegistrationsPage()&amp;#27;[0m
    &amp;#27;[36mAnd &amp;#27;[0m&amp;#27;[36mI Search for Application Ref Number as a Back Office User&amp;#27;[0m                                                          &amp;#27;[90m# Steps.iSearchForApplicationRefNumberAsABackOfficeUser()&amp;#27;[0m
    &amp;#27;[36mAnd &amp;#27;[0m&amp;#27;[36mI Click to view Application&amp;#27;[0m                                                                                        &amp;#27;[90m# Steps.iClickToViewApplication()&amp;#27;[0m
    &amp;#27;[36mAnd &amp;#27;[0m&amp;#27;[36mI Click on Print Card&amp;#27;[0m                                                                                              &amp;#27;[90m# Steps.iClickOnPrintCard()&amp;#27;[0m
    &amp;#27;[36mAnd &amp;#27;[0m&amp;#27;[36mI Sign Out&amp;#27;[0m                                                                                                         &amp;#27;[90m# Steps.iSignOut()&amp;#27;[0m
    &amp;#27;[36mAnd &amp;#27;[0m&amp;#27;[36mI Verify Successful Sign Out&amp;#27;[0m                                                                                       &amp;#27;[90m# Steps.iVerifySuccessfulSignOut()&amp;#27;[0m
    #    Applicant verify status - Card Printed
    &amp;#27;[36mGiven &amp;#27;[0m&amp;#27;[36mI am on SFWF Front Office Home Page &quot;&amp;#27;[0m&amp;#27;[36m&amp;#27;[1mChrome&amp;#27;[0m&amp;#27;[36m&quot;&amp;#27;[0m                                                                     &amp;#27;[90m# Steps.iAmOnSFWFFrontOfficeHomePage(String)&amp;#27;[0m
    &amp;#27;[36mWhen &amp;#27;[0m&amp;#27;[36mI Input Registered User&apos;s Username &quot;&amp;#27;[0m&amp;#27;[36m&amp;#27;[1mSuraj&amp;#27;[0m&amp;#27;[36m&quot; and Password &quot;&amp;#27;[0m&amp;#27;[36m&amp;#27;[1mAdmin@123&amp;#27;[0m&amp;#27;[36m&quot;&amp;#27;[0m                                               &amp;#27;[90m# Steps.iInputRegisteredUserSUsernameAndPassword(String,String)&amp;#27;[0m
    &amp;#27;[36mAnd &amp;#27;[0m&amp;#27;[36mI Click on Sign In button&amp;#27;[0m                                                                                          &amp;#27;[90m# Steps.iClickOnSignInButton()&amp;#27;[0m
    &amp;#27;[36mAnd &amp;#27;[0m&amp;#27;[36mI Verify Applicant&apos;s Successful Login&amp;#27;[0m                                                                              &amp;#27;[90m# Steps.iVerifyApplicantSSuccessfulLogin()&amp;#27;[0m
    &amp;#27;[36mAnd &amp;#27;[0m&amp;#27;[36mI Click on Register as Farmer&amp;#27;[0m                                                                                      &amp;#27;[90m# Steps.iClickOnRegisterAsFarmer()&amp;#27;[0m
    &amp;#27;[36mAnd &amp;#27;[0m&amp;#27;[36mI Verify that User is directed to My Application Page&amp;#27;[0m                                                              &amp;#27;[90m# Steps.iVerifyThatUserIsDirectedToMyApplicationPage()&amp;#27;[0m
    &amp;#27;[36mAnd &amp;#27;[0m&amp;#27;[36mI Verify display of Farmers Card link&amp;#27;[0m                                                                              &amp;#27;[90m# Steps.iVerifyDisplayOfFarmersCardLink()&amp;#27;[0m
    &amp;#27;[36mAnd &amp;#27;[0m&amp;#27;[36mI Verify Programmes link&amp;#27;[0m                                                                                           &amp;#27;[90m# Steps.iVerifyProgrammesLink()&amp;#27;[0m
[...]
Session ID: 09d0a29846ccabed1fb363c2f0c8c46c
*** Element info: {Using=xpath, value=//h5[contains(.,&apos;My Application&apos;)]}
	at sun.reflect.NativeConstructorAccessorImpl.newInstance0(Native Method)
	at sun.reflect.NativeConstructorAccessorImpl.newInstance(NativeConstructorAccessorImpl.java:62)
	at sun.reflect.DelegatingConstructorAccessorImpl.newInstance(DelegatingConstructorAccessorImpl.java:45)
	at java.lang.reflect.Constructor.newInstance(Constructor.java:423)
	at org.openqa.selenium.remote.http.W3CHttpResponseCodec.createException(W3CHttpResponseCodec.java:150)
	at org.openqa.selenium.remote.http.W3CHttpResponseCodec.decode(W3CHttpResponseCodec.java:115)
	at org.openqa.selenium.remote.http.W3CHttpResponseCodec.decode(W3CHttpResponseCodec.java:45)
	at org.openqa.selenium.remote.HttpCommandExecutor.execute(HttpCommandExecutor.java:164)
	at org.openqa.selenium.remote.service.DriverCommandExecutor.execute(DriverCommandExecutor.java:82)
	at org.openqa.selenium.remote.RemoteWebDriver.execute(RemoteWebDriver.java:637)
	at org.openqa.selenium.remote.RemoteWebDriver.findElements(RemoteWebDriver.java:437)
	at org.openqa.selenium.remote.RemoteWebDriver.findElementsByXPath(RemoteWebDriver.java:513)
	at org.openqa.selenium.By$ByXPath.findElements(By.java:356)
	at org.openqa.selenium.remote.RemoteWebDriver.findElements(RemoteWebDriver.java:398)
	at org.openqa.selenium.support.ui.ExpectedConditions.findElement(ExpectedConditions.java:882)
	at org.openqa.selenium.support.ui.ExpectedConditions.access$000(ExpectedConditions.java:44)
	at org.openqa.selenium.support.ui.ExpectedConditions$6.apply(ExpectedConditions.java:183)
	at org.openqa.selenium.support.ui.ExpectedConditions$6.apply(ExpectedConditions.java:180)
	at org.openqa.selenium.support.ui.FluentWait.until(FluentWait.java:209)
	at stepdefinition.Steps.iClickOnPayNowButton(Steps.java:1984)
	at sun.reflect.NativeMethodAccessorImpl.invoke0(Native Method)
	at sun.reflect.NativeMethodAccessorImpl.invoke(NativeMethodAccessorImpl.java:62)
	at sun.reflect.DelegatingMethodAccessorImpl.invoke(DelegatingMethodAccessorImpl.java:43)
	at java.lang.reflect.Method.invoke(Method.java:498)
	at cucumber.runtime.Utils$1.call(Utils.java:40)
	at cucumber.runtime.Timeout.timeout(Timeout.java:16)
	at cucumber.runtime.Utils.invoke(Utils.java:34)
	at cucumber.runtime.java.JavaStepDefinition.execute(JavaStepDefinition.java:38)
	at cucumber.runtime.StepDefinitionMatch.runStep(StepDefinitionMatch.java:37)
	at cucumber.runtime.Runtime.runStep(Runtime.java:300)
	at cucumber.runtime.model.StepContainer.runStep(StepContainer.java:44)
	at cucumber.runtime.model.StepContainer.runSteps(StepContainer.java:39)
	at cucumber.runtime.model.CucumberScenario.run(CucumberScenario.java:44)
	at cucumber.runtime.model.CucumberScenarioOutline.run(CucumberScenarioOutline.java:46)
	at cucumber.runtime.model.CucumberFeature.run(CucumberFeature.java:165)
	at cucumber.api.testng.TestNGCucumberRunner.runCukes(TestNGCucumberRunner.java:50)
	at cucumbertest.TestRunner_web.runCukes(TestRunner_web.java:25)
	at sun.reflect.NativeMethodAccessorImpl.invoke0(Native Method)
	at sun.reflect.NativeMethodAccessorImpl.invoke(NativeMethodAccessorImpl.java:62)
	at sun.reflect.DelegatingMethodAccessorImpl.invoke(DelegatingMethodAccessorImpl.java:43)
	at java.lang.reflect.Method.invoke(Method.java:498)
	at org.testng.internal.MethodInvocationHelper.invokeMethod(MethodInvocationHelper.java:86)
	at org.testng.internal.Invoker.invokeMethod(Invoker.java:643)
	at org.testng.internal.Invoker.invokeTestMethod(Invoker.java:820)
	at org.testng.internal.Invoker.invokeTestMethods(Invoker.java:1128)
	at org.testng.internal.TestMethodWorker.invokeTestMethods(TestMethodWorker.java:129)
	at org.testng.internal.TestMethodWorker.run(TestMethodWorker.java:112)
	at org.testng.TestRunner.privateRun(TestRunner.java:782)
	at org.testng.TestRunner.run(TestRunner.java:632)
	at org.testng.SuiteRunner.runTest(SuiteRunner.java:366)
	at org.testng.SuiteRunner.runSequentially(SuiteRunner.java:361)
	at org.testng.SuiteRunner.privateRun(SuiteRunner.java:319)
	at org.testng.SuiteRunner.run(SuiteRunner.java:268)
	at org.testng.SuiteRunnerWorker.runSuite(SuiteRunnerWorker.java:52)
	at org.testng.SuiteRunnerWorker.run(SuiteRunnerWorker.java:86)
	at org.testng.TestNG.runSuitesSequentially(TestNG.java:1244)
	at org.testng.TestNG.runSuitesLocally(TestNG.java:1169)
	at org.testng.TestNG.run(TestNG.java:1064)
	at org.apache.maven.surefire.testng.TestNGExecutor.run(TestNGExecutor.java:77)
	at org.apache.maven.surefire.testng.TestNGDirectoryTestSuite.execute(TestNGDirectoryTestSuite.java:110)
	at org.apache.maven.surefire.testng.TestNGProvider.invoke(TestNGProvider.java:106)
	at sun.reflect.NativeMethodAccessorImpl.invoke0(Native Method)
	at sun.reflect.NativeMethodAccessorImpl.invoke(NativeMethodAccessorImpl.java:62)
	at sun.reflect.DelegatingMethodAccessorImpl.invoke(DelegatingMethodAccessorImpl.java:43)
	at java.lang.reflect.Method.invoke(Method.java:498)
	at org.apache.maven.surefire.util.ReflectionUtils.invokeMethodWithArray(ReflectionUtils.java:189)
	at org.apache.maven.surefire.booter.ProviderFactory$ProviderProxy.invoke(ProviderFactory.java:165)
	at org.apache.maven.surefire.booter.ProviderFactory.invokeProvider(ProviderFactory.java:85)
	at org.apache.maven.surefire.booter.ForkedBooter.runSuitesInProcess(ForkedBooter.java:115)
	at org.apache.maven.surefire.booter.ForkedBooter.main(ForkedBooter.java:75)

Starting ChromeDriver 130.0.6723.116 (6ac35f94ae3d01152cf1946c896b0678e48f8ec4-refs/branch-heads/6723@{#1764}) on port 42973
Only local connections are allowed.
Please see https://chromedriver.chromium.org/security-considerations for suggestions on keeping ChromeDriver safe.
ChromeDriver was started successfully on port 42973.
Nov 12, 2024 3:25:03 PM org.openqa.selenium.remote.ProtocolHandshake createSession
INFO: Detected dialect: W3C
Starting ChromeDriver 130.0.6723.116 (6ac35f94ae3d01152cf1946c896b0678e48f8ec4-refs/branch-heads/6723@{#1764}) on port 37104
Only local connections are allowed.
Please see https://chromedriver.chromium.org/security-considerations for suggestions on keeping ChromeDriver safe.
ChromeDriver was started successfully on port 37104.
Nov 12, 2024 3:27:41 PM org.openqa.selenium.remote.ProtocolHandshake createSession
INFO: Detected dialect: W3C
Starting ChromeDriver 130.0.6723.116 (6ac35f94ae3d01152cf1946c896b0678e48f8ec4-refs/branch-heads/6723@{#1764}) on port 33183
Only local connections are allowed.
Please see https://chromedriver.chromium.org/security-considerations for suggestions on keeping ChromeDriver safe.
ChromeDriver was started successfully on port 33183.
Nov 12, 2024 3:28:14 PM org.openqa.selenium.remote.ProtocolHandshake createSession
INFO: Detected dialect: W3C
Starting ChromeDriver 130.0.6723.116 (6ac35f94ae3d01152cf1946c896b0678e48f8ec4-refs/branch-heads/6723@{#1764}) on port 5228
Only local connections are allowed.
Please see https://chromedriver.chromium.org/security-considerations for suggestions on keeping ChromeDriver safe.
ChromeDriver was started successfully on port 5228.
Nov 12, 2024 3:29:27 PM org.openqa.selenium.remote.ProtocolHandshake createSession
INFO: Detected dialect: W3C
Starting ChromeDriver 130.0.6723.116 (6ac35f94ae3d01152cf1946c896b0678e48f8ec4-refs/branch-heads/6723@{#1764}) on port 20867
Only local connections are allowed.
Please see https://chromedriver.chromium.org/security-considerations for suggestions on keeping ChromeDriver safe.
ChromeDriver was started successfully on port 20867.
Nov 12, 2024 3:30:29 PM org.openqa.selenium.remote.ProtocolHandshake createSession
INFO: Detected dialect: W3C
Starting ChromeDriver 130.0.6723.116 (6ac35f94ae3d01152cf1946c896b0678e48f8ec4-refs/branch-heads/6723@{#1764}) on port 40213
Only local connections are allowed.
Please see https://chromedriver.chromium.org/security-considerations for suggestions on keeping ChromeDriver safe.
ChromeDriver was started successfully on port 40213.
Nov 12, 2024 3:32:01 PM org.openqa.selenium.remote.ProtocolHandshake createSession
INFO: Detected dialect: W3C
Starting ChromeDriver 130.0.6723.116 (6ac35f94ae3d01152cf1946c896b0678e48f8ec4-refs/branch-heads/6723@{#1764}) on port 56560
Only local connections are allowed.
Please see https://chromedriver.chromium.org/security-considerations for suggestions on keeping ChromeDriver safe.
ChromeDriver was started successfully on port 56560.
Nov 12, 2024 3:33:11 PM org.openqa.selenium.remote.ProtocolHandshake createSession
INFO: Detected dialect: W3C
Starting ChromeDriver 130.0.6723.116 (6ac35f94ae3d01152cf1946c896b0678e48f8ec4-refs/branch-heads/6723@{#1764}) on port 19752
Only local connections are allowed.
Please see https://chromedriver.chromium.org/security-considerations for suggestions on keeping ChromeDriver safe.
ChromeDriver was started successfully on port 19752.
Nov 12, 2024 3:33:26 PM org.openqa.selenium.remote.ProtocolHandshake createSession
INFO: Detected dialect: W3C
Starting ChromeDriver 130.0.6723.116 (6ac35f94ae3d01152cf1946c896b0678e48f8ec4-refs/branch-heads/6723@{#1764}) on port 34851
Only local connections are allowed.
Please see https://chromedriver.chromium.org/security-considerations for suggestions on keeping ChromeDriver safe.
ChromeDriver was started successfully on port 34851.
Nov 12, 2024 3:38:36 PM org.openqa.selenium.remote.ProtocolHandshake createSession
INFO: Detected dialect: W3C
Starting ChromeDriver 130.0.6723.116 (6ac35f94ae3d01152cf1946c896b0678e48f8ec4-refs/branch-heads/6723@{#1764}) on port 39717
Only local connections are allowed.
Please see https://chromedriver.chromium.org/security-considerations for suggestions on keeping ChromeDriver safe.
ChromeDriver was started successfully on port 39717.
Nov 12, 2024 3:39:45 PM org.openqa.selenium.remote.ProtocolHandshake createSession
INFO: Detected dialect: W3C
Starting ChromeDriver 130.0.6723.116 (6ac35f94ae3d01152cf1946c896b0678e48f8ec4-refs/branch-heads/6723@{#1764}) on port 31013
Only local connections are allowed.
Please see https://chromedriver.chromium.org/security-considerations for suggestions on keeping ChromeDriver safe.
ChromeDriver was started successfully on port 31013.
Nov 12, 2024 3:40:52 PM org.openqa.selenium.remote.ProtocolHandshake createSession
INFO: Detected dialect: W3C
Starting ChromeDriver 130.0.6723.116 (6ac35f94ae3d01152cf1946c896b0678e48f8ec4-refs/branch-heads/6723@{#1764}) on port 43168
Only local connections are allowed.
Please see https://chromedriver.chromium.org/security-considerations for suggestions on keeping ChromeDriver safe.
ChromeDriver was started successfully on port 43168.
Nov 12, 2024 3:42:15 PM org.openqa.selenium.remote.ProtocolHandshake createSession
INFO: Detected dialect: W3C
Starting ChromeDriver 130.0.6723.116 (6ac35f94ae3d01152cf1946c896b0678e48f8ec4-refs/branch-heads/6723@{#1764}) on port 44828
Only local connections are allowed.
Please see https://chromedriver.chromium.org/security-considerations for suggestions on keeping ChromeDriver safe.
ChromeDriver was started successfully on port 44828.
Nov 12, 2024 3:43:15 PM org.openqa.selenium.remote.ProtocolHandshake createSession
INFO: Detected dialect: W3C
Starting ChromeDriver 130.0.6723.116 (6ac35f94ae3d01152cf1946c896b0678e48f8ec4-refs/branch-heads/6723@{#1764}) on port 32049
Only local connections are allowed.
Please see https://chromedriver.chromium.org/security-considerations for suggestions on keeping ChromeDriver safe.
ChromeDriver was started successfully on port 32049.
Nov 12, 2024 3:43:33 PM org.openqa.selenium.remote.ProtocolHandshake createSession
INFO: Detected dialect: W3C
Starting ChromeDriver 130.0.6723.116 (6ac35f94ae3d01152cf1946c896b0678e48f8ec4-refs/branch-heads/6723@{#1764}) on port 35408
Only local connections are allowed.
Please see https://chromedriver.chromium.org/security-considerations for suggestions on keeping ChromeDriver safe.
ChromeDriver was started successfully on port 35408.
Nov 12, 2024 3:47:03 PM org.openqa.selenium.remote.ProtocolHandshake createSession
INFO: Detected dialect: W3C
[1731412524.988][SEVERE]: Timed out receiving message from renderer: 300.000
[1731412524.994][SEVERE]: Timed out receiving message from renderer: 300.000
Nov 12, 2024 3:55:24 PM org.openqa.selenium.remote.ErrorCodes toStatus
INFO: HTTP Status: &apos;500&apos; -&gt; incorrect JSON status mapping for &apos;timeout&apos; (408 expected)
Nov 12, 2024 3:55:24 PM org.openqa.selenium.support.ui.ExpectedConditions findElement
WARNING: WebDriverException thrown by findElement(By.xpath: //h5[contains(.,&apos;My Application&apos;)])
org.openqa.selenium.TimeoutException: timeout: Timed out receiving message from renderer: 300.000
  (Session info: chrome=130.0.6723.117)
Build info: version: &apos;3.4.0&apos;, revision: &apos;unknown&apos;, time: &apos;unknown&apos;
System info: host: &apos;SIL-LTDELLI7-G6&apos;, ip: &apos;192.168.8.146&apos;, os.name: &apos;Windows 11&apos;, os.arch: &apos;amd64&apos;, os.version: &apos;10.0&apos;, java.version: &apos;1.8.0_371&apos;
Driver info: org.openqa.selenium.chrome.ChromeDriver
Capabilities [{networkConnectionEnabled=false, chrome={chromedriverVersion=130.0.6723.116 (6ac35f94ae3d01152cf1946c896b0678e48f8ec4-refs/branch-heads/6723@{#1764}), userDataDir=C:\Users\SURAJ~1.JOG\AppData\Local\Temp\scoped_dir31196_907275065}, timeouts={implicit=0.0, pageLoad=300000.0, script=30000.0}, pageLoadStrategy=normal, unhandledPromptBehavior=dismiss and notify, strictFileInteractability=false, platform=ANY, proxy=Proxy(), webauthn:extension:minPinLength=true, goog:chromeOptions={debuggerAddress=localhost:50273}, webauthn:extension:credBlob=true, webauthn:extension:prf=true, acceptInsecureCerts=false, browserVersion=130.0.6723.117, fedcm:accounts=true, browserName=chrome, javascriptEnabled=true, platformName=windows, setWindowRect=true, webauthn:extension:largeBlob=true, webauthn:virtualAuthenticators=true}]
Session ID: 23ff2b2025fb81c3b0963c9adeb1be14
*** Element info: {Using=xpath, value=//h5[contains(.,&apos;My Application&apos;)]}
	at sun.reflect.NativeConstructorAccessorImpl.newInstance0(Native Method)
	at sun.reflect.NativeConstructorAccessorImpl.newInstance(NativeConstructorAccessorImpl.java:62)
	at sun.reflect.DelegatingConstructorAccessorImpl.newInstance(DelegatingConstructorAccessorImpl.java:45)
	at java.lang.reflect.Constructor.newInstance(Constructor.java:423)
	at org.openqa.selenium.remote.http.W3CHttpResponseCodec.createException(W3CHttpResponseCodec.java:150)
	at org.openqa.selenium.remote.http.W3CHttpResponseCodec.decode(W3CHttpResponseCodec.java:115)
	at org.openqa.selenium.remote.http.W3CHttpResponseCodec.decode(W3CHttpResponseCodec.java:45)
	at org.openqa.selenium.remote.HttpCommandExecutor.execute(HttpCommandExecutor.java:164)
	at org.openqa.selenium.remote.service.DriverCommandExecutor.execute(DriverCommandExecutor.java:82)
	at org.openqa.selenium.remote.RemoteWebDriver.execute(RemoteWebDriver.java:637)
	at org.openqa.selenium.remote.RemoteWebDriver.findElements(RemoteWebDriver.java:437)
	at org.openqa.selenium.remote.RemoteWebDriver.findElementsByXPath(RemoteWebDriver.java:513)
	at org.openqa.selenium.By$ByXPath.findElements(By.java:356)
	at org.openqa.selenium.remote.RemoteWebDriver.findElements(RemoteWebDriver.java:398)
	at org.openqa.selenium.support.ui.ExpectedConditions.findElement(ExpectedConditions.java:882)
	at org.openqa.selenium.support.ui.ExpectedConditions.access$000(ExpectedConditions.java:44)
	at org.openqa.selenium.support.ui.ExpectedConditions$6.apply(ExpectedConditions.java:183)
	at org.openqa.selenium.support.ui.ExpectedConditions$6.apply(ExpectedConditions.java:180)
	at org.openqa.selenium.support.ui.FluentWait.until(FluentWait.java:209)
	at stepdefinition.Steps.iClickOnPayNowButton(Steps.java:1984)
	at sun.reflect.NativeMethodAccessorImpl.invoke0(Native Method)
	at sun.reflect.NativeMethodAccessorImpl.invoke(NativeMethodAccessorImpl.java:62)
	at sun.reflect.DelegatingMethodAccessorImpl.invoke(DelegatingMethodAccessorImpl.java:43)
	at java.lang.reflect.Method.invoke(Method.java:498)
	at cucumber.runtime.Utils$1.call(Utils.java:40)
	at cucumber.runtime.Timeout.timeout(Timeout.java:16)
	at cucumber.runtime.Utils.invoke(Utils.java:34)
	at cucumber.runtime.java.JavaStepDefinition.execute(JavaStepDefinition.java:38)
	at cucumber.runtime.StepDefinitionMatch.runStep(StepDefinitionMatch.java:37)
	at cucumber.runtime.Runtime.runStep(Runtime.java:300)
	at cucumber.runtime.model.StepContainer.runStep(StepContainer.java:44)
	at cucumber.runtime.model.StepContainer.runSteps(StepContainer.java:39)
	at cucumber.runtime.model.CucumberScenario.run(CucumberScenario.java:44)
	at cucumber.runtime.model.CucumberScenarioOutline.run(CucumberScenarioOutline.java:46)
	at cucumber.runtime.model.CucumberFeature.run(CucumberFeature.java:165)
	at cucumber.api.testng.TestNGCucumberRunner.runCukes(TestNGCucumberRunner.java:50)
	at cucumbertest.TestRunner_web.runCukes(TestRunner_web.java:25)
	at sun.reflect.NativeMethodAccessorImpl.invoke0(Native Method)
	at sun.reflect.NativeMethodAccessorImpl.invoke(NativeMethodAccessorImpl.java:62)
	at sun.reflect.DelegatingMethodAccessorImpl.invoke(DelegatingMethodAccessorImpl.java:43)
	at java.lang.reflect.Method.invoke(Method.java:498)
	at org.testng.internal.MethodInvocationHelper.invokeMethod(MethodInvocationHelper.java:86)
	at org.testng.internal.Invoker.invokeMethod(Invoker.java:643)
	at org.testng.internal.Invoker.invokeTestMethod(Invoker.java:820)
	at org.testng.internal.Invoker.invokeTestMethods(Invoker.java:1128)
	at org.testng.internal.TestMethodWorker.invokeTestMethods(TestMethodWorker.java:129)
	at org.testng.internal.TestMethodWorker.run(TestMethodWorker.java:112)
	at org.testng.TestRunner.privateRun(TestRunner.java:782)
	at org.testng.TestRunner.run(TestRunner.java:632)
	at org.testng.SuiteRunner.runTest(SuiteRunner.java:366)
	at org.testng.SuiteRunner.runSequentially(SuiteRunner.java:361)
	at org.testng.SuiteRunner.privateRun(SuiteRunner.java:319)
	at org.testng.SuiteRunner.run(SuiteRunner.java:268)
	at org.testng.SuiteRunnerWorker.runSuite(SuiteRunnerWorker.java:52)
	at org.testng.SuiteRunnerWorker.run(SuiteRunnerWorker.java:86)
	at org.testng.TestNG.runSuitesSequentially(TestNG.java:1244)
	at org.testng.TestNG.runSuitesLocally(TestNG.java:1169)
	at org.testng.TestNG.run(TestNG.java:1064)
	at org.apache.maven.surefire.testng.TestNGExecutor.run(TestNGExecutor.java:77)
	at org.apache.maven.surefire.testng.TestNGDirectoryTestSuite.execute(TestNGDirectoryTestSuite.java:110)
	at org.apache.maven.surefire.testng.TestNGProvider.invoke(TestNGProvider.java:106)
	at sun.reflect.NativeMethodAccessorImpl.invoke0(Native Method)
	at sun.reflect.NativeMethodAccessorImpl.invoke(NativeMethodAccessorImpl.java:62)
	at sun.reflect.DelegatingMethodAccessorImpl.invoke(DelegatingMethodAccessorImpl.java:43)
	at java.lang.reflect.Method.invoke(Method.java:498)
	at org.apache.maven.surefire.util.ReflectionUtils.invokeMethodWithArray(ReflectionUtils.java:189)
	at org.apache.maven.surefire.booter.ProviderFactory$ProviderProxy.invoke(ProviderFactory.java:165)
	at org.apache.maven.surefire.booter.ProviderFactory.invokeProvider(ProviderFactory.java:85)
	at org.apache.maven.surefire.booter.ForkedBooter.runSuitesInProcess(ForkedBooter.java:115)
	at org.apache.maven.surefire.booter.ForkedBooter.main(ForkedBooter.java:75)

log4j:WARN No appenders could be found for logger (freemarker.cache).
log4j:WARN Please initialize the log4j system properly.
</system-err>
  </testcase>
</testsuite>