<?xml version="1.0" encoding="UTF-8" ?>
<testsuite tests="1" failures="1" name="cucumbertest.TestRunner_web" time="1,864.708" errors="0" skipped="0">
  <properties>
[...]
</properties>
  <testcase classname="cucumbertest.TestRunner_web" name="runCukes" time="1,864.708">
    <failure message="org.openqa.selenium.ElementNotInteractableException: element not interactable
  (Session info: chrome=129.0.6668.100)
Build info: version: &apos;3.4.0&apos;, revision: &apos;unknown&apos;, time: &apos;unknown&apos;
System info: host: &apos;SIL-LTDELLI7-G6&apos;, ip: &apos;192.168.8.46&apos;, os.name: &apos;Windows 11&apos;, os.arch: &apos;amd64&apos;, os.version: &apos;10.0&apos;, java.version: &apos;1.8.0_371&apos;
Driver info: org.openqa.selenium.chrome.ChromeDriver
Capabilities [{networkConnectionEnabled=false, chrome={chromedriverVersion=129.0.6668.100 (cf58cba358d31ce285c1970a79a9411d0fb381a5-refs/branch-heads/6668@{#1704}), userDataDir=C:\Users\SURAJ~1.JOG\AppData\Local\Temp\scoped_dir44088_644171444}, timeouts={implicit=0.0, pageLoad=300000.0, script=30000.0}, pageLoadStrategy=normal, unhandledPromptBehavior=dismiss and notify, strictFileInteractability=false, platform=ANY, proxy=Proxy(), webauthn:extension:minPinLength=true, goog:chromeOptions={debuggerAddress=localhost:63763}, webauthn:extension:credBlob=true, webauthn:extension:prf=true, acceptInsecureCerts=false, browserVersion=129.0.6668.100, fedcm:accounts=true, browserName=chrome, javascriptEnabled=true, platformName=windows, setWindowRect=true, webauthn:extension:largeBlob=true, webauthn:virtualAuthenticators=true}]
Session ID: 74311eb78ce8b24c535a309f70f0ee02" type="cucumber.runtime.CucumberException">cucumber.runtime.CucumberException: org.openqa.selenium.ElementNotInteractableException: element not interactable
  (Session info: chrome=129.0.6668.100)
Build info: version: &apos;3.4.0&apos;, revision: &apos;unknown&apos;, time: &apos;unknown&apos;
System info: host: &apos;SIL-LTDELLI7-G6&apos;, ip: &apos;192.168.8.46&apos;, os.name: &apos;Windows 11&apos;, os.arch: &apos;amd64&apos;, os.version: &apos;10.0&apos;, java.version: &apos;1.8.0_371&apos;
Driver info: org.openqa.selenium.chrome.ChromeDriver
Capabilities [{networkConnectionEnabled=false, chrome={chromedriverVersion=129.0.6668.100 (cf58cba358d31ce285c1970a79a9411d0fb381a5-refs/branch-heads/6668@{#1704}), userDataDir=C:\Users\SURAJ~1.JOG\AppData\Local\Temp\scoped_dir44088_644171444}, timeouts={implicit=0.0, pageLoad=300000.0, script=30000.0}, pageLoadStrategy=normal, unhandledPromptBehavior=dismiss and notify, strictFileInteractability=false, platform=ANY, proxy=Proxy(), webauthn:extension:minPinLength=true, goog:chromeOptions={debuggerAddress=localhost:63763}, webauthn:extension:credBlob=true, webauthn:extension:prf=true, acceptInsecureCerts=false, browserVersion=129.0.6668.100, fedcm:accounts=true, browserName=chrome, javascriptEnabled=true, platformName=windows, setWindowRect=true, webauthn:extension:largeBlob=true, webauthn:virtualAuthenticators=true}]
Session ID: 74311eb78ce8b24c535a309f70f0ee02
	at cucumber.api.testng.TestNGCucumberRunner.runCukes(TestNGCucumberRunner.java:57)
	at cucumbertest.TestRunner_web.runCukes(TestRunner_web.java:25)
Caused by: org.openqa.selenium.ElementNotInteractableException: element not interactable
  (Session info: chrome=129.0.6668.100)
Build info: version: &apos;3.4.0&apos;, revision: &apos;unknown&apos;, time: &apos;unknown&apos;
System info: host: &apos;SIL-LTDELLI7-G6&apos;, ip: &apos;192.168.8.46&apos;, os.name: &apos;Windows 11&apos;, os.arch: &apos;amd64&apos;, os.version: &apos;10.0&apos;, java.version: &apos;1.8.0_371&apos;
Driver info: org.openqa.selenium.chrome.ChromeDriver
Capabilities [{networkConnectionEnabled=false, chrome={chromedriverVersion=129.0.6668.100 (cf58cba358d31ce285c1970a79a9411d0fb381a5-refs/branch-heads/6668@{#1704}), userDataDir=C:\Users\SURAJ~1.JOG\AppData\Local\Temp\scoped_dir44088_644171444}, timeouts={implicit=0.0, pageLoad=300000.0, script=30000.0}, pageLoadStrategy=normal, unhandledPromptBehavior=dismiss and notify, strictFileInteractability=false, platform=ANY, proxy=Proxy(), webauthn:extension:minPinLength=true, goog:chromeOptions={debuggerAddress=localhost:63763}, webauthn:extension:credBlob=true, webauthn:extension:prf=true, acceptInsecureCerts=false, browserVersion=129.0.6668.100, fedcm:accounts=true, browserName=chrome, javascriptEnabled=true, platformName=windows, setWindowRect=true, webauthn:extension:largeBlob=true, webauthn:virtualAuthenticators=true}]
Session ID: 74311eb78ce8b24c535a309f70f0ee02
	at sun.reflect.NativeConstructorAccessorImpl.newInstance0(Native Method)
	at sun.reflect.NativeConstructorAccessorImpl.newInstance(NativeConstructorAccessorImpl.java:62)
	at sun.reflect.DelegatingConstructorAccessorImpl.newInstance(DelegatingConstructorAccessorImpl.java:45)
	at java.lang.reflect.Constructor.newInstance(Constructor.java:423)
	at org.openqa.selenium.remote.http.W3CHttpResponseCodec.createException(W3CHttpResponseCodec.java:150)
	at org.openqa.selenium.remote.http.W3CHttpResponseCodec.decode(W3CHttpResponseCodec.java:115)
	at org.openqa.selenium.remote.http.W3CHttpResponseCodec.decode(W3CHttpResponseCodec.java:45)
	at org.openqa.selenium.remote.HttpCommandExecutor.execute(HttpCommandExecutor.java:164)
	at org.openqa.selenium.remote.service.DriverCommandExecutor.execute(DriverCommandExecutor.java:82)
	at org.openqa.selenium.remote.RemoteWebDriver.execute(RemoteWebDriver.java:637)
	at org.openqa.selenium.remote.RemoteWebElement.execute(RemoteWebElement.java:272)
	at org.openqa.selenium.remote.RemoteWebElement.click(RemoteWebElement.java:82)
	at stepdefinition.Steps.iVerifyForDocumentUploadSuccessMessage(Steps.java:733)
	at ✽.And I Verify for Document Upload Success Message(features/US13280_GOC.feature:42)
</failure>
    <system-out>Configuring TestNG with: org.apache.maven.surefire.testng.conf.TestNG652Configurator@2cfb4a64
#User Story 13280 - Back Office Process for Registration
@Main_feature @US13280 @Regression @GOC_Registrations
Feature: User Story 13280-GOC - Back Office Process for Registration

  #Scenario1
  @Approval_by_BO_Payment_at_counter_for_Agro-Processing-Enterprise @Smoke_counter_Agro-Processing-Enterprise_GOC
  Scenario Outline: Approval for Payment at counter for Registration as Agro-Processing Enterprise-Application form &amp;#27;[90m# features/US13280_GOC.feature:8&amp;#27;[0m
    &amp;#27;[36mGiven &amp;#27;[0m&amp;#27;[36mI am on SFWF Front Office Home Page GOC &quot;&lt;Browser&gt;&quot;&amp;#27;[0m
    &amp;#27;[36mWhen &amp;#27;[0m&amp;#27;[36mI Input Registered Maupass User&apos;s Username &quot;&lt;Username&gt;&quot; and Password &quot;&lt;FPassword&gt;&quot;&amp;#27;[0m
    &amp;#27;[36mAnd &amp;#27;[0m&amp;#27;[36mI Click on Sign In button in Maupass&amp;#27;[0m
    &amp;#27;[36mAnd &amp;#27;[0m&amp;#27;[36mI Verify Applicant&apos;s Successful Login&amp;#27;[0m
    &amp;#27;[36mAnd &amp;#27;[0m&amp;#27;[36mI Click on Register as Farmer&amp;#27;[0m
    &amp;#27;[36mAnd &amp;#27;[0m&amp;#27;[36mI Verify that User is directed to My Application Page&amp;#27;[0m
    &amp;#27;[36mAnd &amp;#27;[0m&amp;#27;[36mI Verify display of Farmers Card link&amp;#27;[0m
    &amp;#27;[36mAnd &amp;#27;[0m&amp;#27;[36mI Verify Programmes link&amp;#27;[0m
    &amp;#27;[36mAnd &amp;#27;[0m&amp;#27;[36mI Click on New Button to apply for Registration&amp;#27;[0m
    &amp;#27;[36mAnd &amp;#27;[0m&amp;#27;[36mI Verify display of Registration Type Page&amp;#27;[0m
    &amp;#27;[36mAnd &amp;#27;[0m&amp;#27;[36mI Click on Agro Processing Enterprise&amp;#27;[0m
    &amp;#27;[36mAnd &amp;#27;[0m&amp;#27;[36mI Verify display of REGISTRATION FOR AGRO-PROCESSING ENTERPRISE Page&amp;#27;[0m
    &amp;#27;[36mAnd &amp;#27;[0m&amp;#27;[36mI Input Associate/Society/Company Name &quot;&lt;Co_Name&gt;&quot;&amp;#27;[0m
    &amp;#27;[36mAnd &amp;#27;[0m&amp;#27;[36mI Input Represented by &quot;&lt;Rep_by&gt;&quot;&amp;#27;[0m
    &amp;#27;[36mAnd &amp;#27;[0m&amp;#27;[36mI Input Business Registration No(BRN) for Agro-Processing Enterprise &quot;&lt;BRN&gt;&quot;&amp;#27;[0m
    &amp;#27;[36mAnd &amp;#27;[0m&amp;#27;[36mI Input Certificate of Incorporation No for Agro-Processing Enterprise &quot;&lt;Cert_No&gt;&quot;&amp;#27;[0m
    &amp;#27;[36mAnd &amp;#27;[0m&amp;#27;[36mI Select Activity &quot;&lt;Act&gt;&quot;&amp;#27;[0m
    &amp;#27;[36mAnd &amp;#27;[0m&amp;#27;[36mI Input Office Address &quot;&lt;Off_Add&gt;&quot;&amp;#27;[0m
    &amp;#27;[36mAnd &amp;#27;[0m&amp;#27;[36mI Input Enterprise Address &quot;&lt;Enterprise_Address&gt;&quot;&amp;#27;[0m
    &amp;#27;[36mAnd &amp;#27;[0m&amp;#27;[36mI Select No of years for Registration membership &quot;&lt;Year_dur&gt;&quot;&amp;#27;[0m
    &amp;#27;[36mAnd &amp;#27;[0m&amp;#27;[36mI Input List of Products manufactured &quot;&lt;Prod_man&gt;&quot;&amp;#27;[0m
    &amp;#27;[36mAnd &amp;#27;[0m&amp;#27;[36mI Select Status of Applicant for Agro-Processing Enterprise &quot;&lt;Status_Applicant&gt;&quot;&amp;#27;[0m
    &amp;#27;[36mAnd &amp;#27;[0m&amp;#27;[36mI Click on Save and Continue&amp;#27;[0m
    &amp;#27;[36mAnd &amp;#27;[0m&amp;#27;[36mI Verify Upload Required Documents Page is displayed&amp;#27;[0m
    &amp;#27;[36mAnd &amp;#27;[0m&amp;#27;[36mI Upload Business Registration Card &quot;&lt;Upload_test&gt;&quot;&amp;#27;[0m
    &amp;#27;[36mAnd &amp;#27;[0m&amp;#27;[36mI Upload Certificate of Incorporation &quot;&lt;Upload_test&gt;&quot;&amp;#27;[0m
    &amp;#27;[36mAnd &amp;#27;[0m&amp;#27;[36mI Upload List of Directors/ Associates &quot;&lt;Upload_test&gt;&quot;&amp;#27;[0m
    &amp;#27;[36mAnd &amp;#27;[0m&amp;#27;[36mI Upload Board Resolution of Enterprise for appointment of representative(s) &quot;&lt;Upload_test&gt;&quot;&amp;#27;[0m
    &amp;#27;[36mAnd &amp;#27;[0m&amp;#27;[36mI Upload National Identity card of representative &quot;&lt;Upload_test&gt;&quot;&amp;#27;[0m
    &amp;#27;[36mAnd &amp;#27;[0m&amp;#27;[36mI Upload Location Plan Document &quot;&lt;Upload_test&gt;&quot;&amp;#27;[0m
    &amp;#27;[36mAnd &amp;#27;[0m&amp;#27;[36mI Upload Copy of SMEDA Certificate Document &quot;&lt;Upload_test&gt;&quot;&amp;#27;[0m
    &amp;#27;[36mAnd &amp;#27;[0m&amp;#27;[36mI Upload Copy of Utility Bill Document &quot;&lt;Upload_test&gt;&quot;&amp;#27;[0m
    &amp;#27;[36mAnd &amp;#27;[0m&amp;#27;[36mI Verify for Document Upload Success Message&amp;#27;[0m
    &amp;#27;[36mAnd &amp;#27;[0m&amp;#27;[36mI Click on Add Additional Document&amp;#27;[0m
    &amp;#27;[36mAnd &amp;#27;[0m&amp;#27;[36mI Input Additional Document Name &quot;&lt;Additional_Doc_Name&gt;&quot;&amp;#27;[0m
    &amp;#27;[36mAnd &amp;#27;[0m&amp;#27;[36mI Verify Success message for adding Additional Document Name&amp;#27;[0m
    &amp;#27;[36mAnd &amp;#27;[0m&amp;#27;[36mI Upload Additional Document &quot;&lt;Upload_test&gt;&quot;&amp;#27;[0m
    &amp;#27;[36mAnd &amp;#27;[0m&amp;#27;[36mI Verify for Document Upload Success Message&amp;#27;[0m
    &amp;#27;[36mAnd &amp;#27;[0m&amp;#27;[36mI Click on Save and Continue&amp;#27;[0m
    &amp;#27;[36mAnd &amp;#27;[0m&amp;#27;[36mI Verify Terms and Conditions Page&amp;#27;[0m
    &amp;#27;[36mAnd &amp;#27;[0m&amp;#27;[36mI click on I agree to the Terms and Conditions&amp;#27;[0m
    &amp;#27;[36mAnd &amp;#27;[0m&amp;#27;[36mI Select Bank &quot;&lt;Bank_Name&gt;&quot;&amp;#27;[0m
    &amp;#27;[36mAnd &amp;#27;[0m&amp;#27;[36mI Input Bank Branch for Agro-Processing Enterprise &quot;&lt;Bank_Branch&gt;&quot;&amp;#27;[0m
    &amp;#27;[36mAnd &amp;#27;[0m&amp;#27;[36mI Input Personal Bank Account Number Agro-Processing Enterprise &quot;&lt;Bank_Account_No&gt;&quot;&amp;#27;[0m
    &amp;#27;[36mAnd &amp;#27;[0m&amp;#27;[36mI Click on Submit Application &quot;&lt;Confirmation&gt;&quot;&amp;#27;[0m
    &amp;#27;[36mAnd &amp;#27;[0m&amp;#27;[36mI Verify Success message for application submitted&amp;#27;[0m
    &amp;#27;[36mAnd &amp;#27;[0m&amp;#27;[36mI Verify Application Status &quot;&lt;App_status&gt;&quot;&amp;#27;[0m
    &amp;#27;[36mAnd &amp;#27;[0m&amp;#27;[36mI Verify Payment Status &quot;&lt;Payment_Status&gt;&quot;&amp;#27;[0m
    &amp;#27;[36mAnd &amp;#27;[0m&amp;#27;[36mI Copy Application Number&amp;#27;[0m
    &amp;#27;[36mAnd &amp;#27;[0m&amp;#27;[36mI Click on Shopping Cart for payment&amp;#27;[0m
    &amp;#27;[36mAnd &amp;#27;[0m&amp;#27;[36mI Select Application for payment&amp;#27;[0m
    &amp;#27;[36mAnd &amp;#27;[0m&amp;#27;[36mI Click on Proceed to Payment&amp;#27;[0m
    &amp;#27;[36mAnd &amp;#27;[0m&amp;#27;[36mI Click on Payment Icon&amp;#27;[0m
    &amp;#27;[36mAnd &amp;#27;[0m&amp;#27;[36mI Select Payment Method &quot;&lt;Payment_method&gt;&quot;&amp;#27;[0m
    &amp;#27;[36mAnd &amp;#27;[0m&amp;#27;[36mI Click on Final Proceed to Payment&amp;#27;[0m
    &amp;#27;[36mAnd &amp;#27;[0m&amp;#27;[36mI Verify Message to proceed to Post Office for Payment&amp;#27;[0m
    &amp;#27;[36mAnd &amp;#27;[0m&amp;#27;[36mI Sign Out as Front Registered User&amp;#27;[0m
    #    Finance
    &amp;#27;[36mAnd &amp;#27;[0m&amp;#27;[36mI am on SFWF Back Office Home Page GOC &quot;&lt;Browser&gt;&quot;&amp;#27;[0m
    &amp;#27;[36mAnd &amp;#27;[0m&amp;#27;[36mI Input Finance Username &quot;&lt;FUsername&gt;&quot; and Password &quot;&lt;Password&gt;&quot;&amp;#27;[0m
    &amp;#27;[36mAnd &amp;#27;[0m&amp;#27;[36mI Click on Sign In button&amp;#27;[0m
    &amp;#27;[36mAnd &amp;#27;[0m&amp;#27;[36mI Verify Successful Login&amp;#27;[0m
    &amp;#27;[36mAnd &amp;#27;[0m&amp;#27;[36mI Click on Manage Cashier&amp;#27;[0m
    &amp;#27;[36mAnd &amp;#27;[0m&amp;#27;[36mI Verify List of Applications page&amp;#27;[0m
    &amp;#27;[36mAnd &amp;#27;[0m&amp;#27;[36mI Click on Confirm Processing Fees&amp;#27;[0m
    &amp;#27;[36mAnd &amp;#27;[0m&amp;#27;[36mI Verify display of Processing Details Frame&amp;#27;[0m
    #    And I Select Payment Mode &quot;&lt;Payment_Mode&gt;&quot;
    #    And I Input Amount of payment &quot;&lt;Amount_To_Pay&gt;&quot;
    #    And I Click on Add Payment
    &amp;#27;[36mAnd &amp;#27;[0m&amp;#27;[36mI Click on Save Payment&amp;#27;[0m
    &amp;#27;[36mAnd &amp;#27;[0m&amp;#27;[36mI Verify success message for adding payment&amp;#27;[0m
    &amp;#27;[36mAnd &amp;#27;[0m&amp;#27;[36mI Sign Out&amp;#27;[0m
    &amp;#27;[36mAnd &amp;#27;[0m&amp;#27;[36mI Verify Successful Sign Out&amp;#27;[0m
    #    PWO
    &amp;#27;[36mAnd &amp;#27;[0m&amp;#27;[36mI am on SFWF Back Office Home Page GOC &quot;&lt;Browser&gt;&quot;&amp;#27;[0m
    &amp;#27;[36mAnd &amp;#27;[0m&amp;#27;[36mI Input PWO Username &quot;&lt;PwoUsername&gt;&quot; and Password &quot;&lt;Password&gt;&quot;&amp;#27;[0m
    &amp;#27;[36mAnd &amp;#27;[0m&amp;#27;[36mI Click on Sign In button&amp;#27;[0m
    &amp;#27;[36mAnd &amp;#27;[0m&amp;#27;[36mI Verify Successful Login&amp;#27;[0m
    &amp;#27;[36mAnd &amp;#27;[0m&amp;#27;[36mI Click on All Applications&amp;#27;[0m
    &amp;#27;[36mAnd &amp;#27;[0m&amp;#27;[36mI Verify display of list of registrations page&amp;#27;[0m
    &amp;#27;[36mAnd &amp;#27;[0m&amp;#27;[36mI Search for Application Ref Number as a Back Office User&amp;#27;[0m
    &amp;#27;[36mAnd &amp;#27;[0m&amp;#27;[36mI Click to view Application&amp;#27;[0m
    &amp;#27;[36mAnd &amp;#27;[0m&amp;#27;[36mI Click on Action Button&amp;#27;[0m
    &amp;#27;[36mAnd &amp;#27;[0m&amp;#27;[36mI Select PWO Assigned&amp;#27;[0m
    &amp;#27;[36mAnd &amp;#27;[0m&amp;#27;[36mI Select WPO&amp;#27;[0m
    &amp;#27;[36mAnd &amp;#27;[0m&amp;#27;[36mI Input Remarks &quot;&lt;Remarks&gt;&quot;&amp;#27;[0m
    &amp;#27;[36mAnd &amp;#27;[0m&amp;#27;[36mI Click on Save Actions&amp;#27;[0m
    &amp;#27;[36mAnd &amp;#27;[0m&amp;#27;[36mI Verify for success message for assigning&amp;#27;[0m
    &amp;#27;[36mAnd &amp;#27;[0m&amp;#27;[36mI Sign Out&amp;#27;[0m
    &amp;#27;[36mAnd &amp;#27;[0m&amp;#27;[36mI Verify Successful Sign Out&amp;#27;[0m
    #    WPO
    &amp;#27;[36mAnd &amp;#27;[0m&amp;#27;[36mI am on SFWF Back Office Home Page GOC &quot;&lt;Browser&gt;&quot;&amp;#27;[0m
    &amp;#27;[36mAnd &amp;#27;[0m&amp;#27;[36mI Input WPO Username &quot;&lt;WpoUsername&gt;&quot; and Password &quot;&lt;Password&gt;&quot;&amp;#27;[0m
    &amp;#27;[36mAnd &amp;#27;[0m&amp;#27;[36mI Click on Sign In button&amp;#27;[0m
    &amp;#27;[36mAnd &amp;#27;[0m&amp;#27;[36mI Verify Successful Login&amp;#27;[0m
    &amp;#27;[36mAnd &amp;#27;[0m&amp;#27;[36mI Click on All Applications&amp;#27;[0m
    &amp;#27;[36mAnd &amp;#27;[0m&amp;#27;[36mI Verify display of list of registrations page&amp;#27;[0m
    &amp;#27;[36mAnd &amp;#27;[0m&amp;#27;[36mI Search for Application Ref Number as a Back Office User&amp;#27;[0m
    &amp;#27;[36mAnd &amp;#27;[0m&amp;#27;[36mI Click to view Application&amp;#27;[0m
    &amp;#27;[36mAnd &amp;#27;[0m&amp;#27;[36mI Click on Action Button&amp;#27;[0m
    &amp;#27;[36mAnd &amp;#27;[0m&amp;#27;[36mI Select Assigned&amp;#27;[0m
    &amp;#27;[36mAnd &amp;#27;[0m&amp;#27;[36mI Select WO&amp;#27;[0m
    &amp;#27;[36mAnd &amp;#27;[0m&amp;#27;[36mI Input Remarks &quot;&lt;Remarks&gt;&quot;&amp;#27;[0m
    &amp;#27;[36mAnd &amp;#27;[0m&amp;#27;[36mI Click on Save Actions&amp;#27;[0m
    &amp;#27;[36mAnd &amp;#27;[0m&amp;#27;[36mI Verify for success message for assigning&amp;#27;[0m
    &amp;#27;[36mAnd &amp;#27;[0m&amp;#27;[36mI Sign Out&amp;#27;[0m
    &amp;#27;[36mAnd &amp;#27;[0m&amp;#27;[36mI Verify Successful Sign Out&amp;#27;[0m
    #    WO/WA
    &amp;#27;[36mAnd &amp;#27;[0m&amp;#27;[36mI am on SFWF Back Office Home Page GOC &quot;&lt;Browser&gt;&quot;&amp;#27;[0m
    &amp;#27;[36mAnd &amp;#27;[0m&amp;#27;[36mI Input WO-WA Username &quot;&lt;WOUsername&gt;&quot; and Password &quot;&lt;Password&gt;&quot;&amp;#27;[0m
    &amp;#27;[36mAnd &amp;#27;[0m&amp;#27;[36mI Click on Sign In button&amp;#27;[0m
    &amp;#27;[36mAnd &amp;#27;[0m&amp;#27;[36mI Verify Successful Login&amp;#27;[0m
    &amp;#27;[36mAnd &amp;#27;[0m&amp;#27;[36mI Click on All Applications&amp;#27;[0m
    &amp;#27;[36mAnd &amp;#27;[0m&amp;#27;[36mI Verify display of list of registrations page&amp;#27;[0m
    &amp;#27;[36mAnd &amp;#27;[0m&amp;#27;[36mI Search for Application Ref Number as a Back Office User&amp;#27;[0m
    &amp;#27;[36mAnd &amp;#27;[0m&amp;#27;[36mI Click to view Application&amp;#27;[0m
    &amp;#27;[36mAnd &amp;#27;[0m&amp;#27;[36mI Click on Site Report Tab&amp;#27;[0m
    &amp;#27;[36mAnd &amp;#27;[0m&amp;#27;[36mI Select Bonafide Planter &quot;&lt;Bonafide&gt;&quot;&amp;#27;[0m
    &amp;#27;[36mAnd &amp;#27;[0m&amp;#27;[36mI Input Site visit remarks &quot;&lt;Remarks&gt;&quot;&amp;#27;[0m
    &amp;#27;[36mAnd &amp;#27;[0m&amp;#27;[36mI Upload Site Report &quot;&lt;Upload_test&gt;&quot;&amp;#27;[0m
    &amp;#27;[36mAnd &amp;#27;[0m&amp;#27;[36mI Verify for Document Upload Success Message for Site Visit&amp;#27;[0m
    &amp;#27;[36mAnd &amp;#27;[0m&amp;#27;[36mI Click on Save Button&amp;#27;[0m
    &amp;#27;[36mAnd &amp;#27;[0m&amp;#27;[36mI Verify Site Visit saved success message&amp;#27;[0m
    &amp;#27;[36mAnd &amp;#27;[0m&amp;#27;[36mI Click on Action Button&amp;#27;[0m
    &amp;#27;[36mAnd &amp;#27;[0m&amp;#27;[36mI Select Assigned&amp;#27;[0m
    &amp;#27;[36mAnd &amp;#27;[0m&amp;#27;[36mI Select WPO&amp;#27;[0m
    &amp;#27;[36mAnd &amp;#27;[0m&amp;#27;[36mI Input Remarks &quot;&lt;Remarks&gt;&quot;&amp;#27;[0m
    &amp;#27;[36mAnd &amp;#27;[0m&amp;#27;[36mI Click on Save Actions&amp;#27;[0m
    &amp;#27;[36mAnd &amp;#27;[0m&amp;#27;[36mI Verify for success message for assigning&amp;#27;[0m
    &amp;#27;[36mAnd &amp;#27;[0m&amp;#27;[36mI Sign Out&amp;#27;[0m
    &amp;#27;[36mAnd &amp;#27;[0m&amp;#27;[36mI Verify Successful Sign Out&amp;#27;[0m
    #    WPO
    &amp;#27;[36mAnd &amp;#27;[0m&amp;#27;[36mI am on SFWF Back Office Home Page GOC &quot;&lt;Browser&gt;&quot;&amp;#27;[0m
    &amp;#27;[36mAnd &amp;#27;[0m&amp;#27;[36mI Input WPO Username &quot;&lt;WpoUsername&gt;&quot; and Password &quot;&lt;Password&gt;&quot;&amp;#27;[0m
    &amp;#27;[36mAnd &amp;#27;[0m&amp;#27;[36mI Click on Sign In button&amp;#27;[0m
    &amp;#27;[36mAnd &amp;#27;[0m&amp;#27;[36mI Verify Successful Login&amp;#27;[0m
    &amp;#27;[36mAnd &amp;#27;[0m&amp;#27;[36mI Click on All Applications&amp;#27;[0m
    &amp;#27;[36mAnd &amp;#27;[0m&amp;#27;[36mI Verify display of list of registrations page&amp;#27;[0m
    &amp;#27;[36mAnd &amp;#27;[0m&amp;#27;[36mI Search for Application Ref Number as a Back Office User&amp;#27;[0m
    &amp;#27;[36mAnd &amp;#27;[0m&amp;#27;[36mI Click to view Application&amp;#27;[0m
    &amp;#27;[36mAnd &amp;#27;[0m&amp;#27;[36mI Click on Action Button&amp;#27;[0m
    &amp;#27;[36mAnd &amp;#27;[0m&amp;#27;[36mI Select Under Query&amp;#27;[0m
    &amp;#27;[36mAnd &amp;#27;[0m&amp;#27;[36mI Input External Remarks &quot;&lt;Remarks&gt;&quot;&amp;#27;[0m
    &amp;#27;[36mAnd &amp;#27;[0m&amp;#27;[36mI Click on Under Query Notification&amp;#27;[0m
    &amp;#27;[36mAnd &amp;#27;[0m&amp;#27;[36mI Verify Success Message for Under Query Notification&amp;#27;[0m
    &amp;#27;[36mAnd &amp;#27;[0m&amp;#27;[36mI Click on Save Actions&amp;#27;[0m
    &amp;#27;[36mAnd &amp;#27;[0m&amp;#27;[36mI Verify for success message for workflow saved&amp;#27;[0m
    &amp;#27;[36mAnd &amp;#27;[0m&amp;#27;[36mI Sign Out&amp;#27;[0m
    &amp;#27;[36mAnd &amp;#27;[0m&amp;#27;[36mI Verify Successful Sign Out&amp;#27;[0m
    #    Applicant after under query
    &amp;#27;[36mGiven &amp;#27;[0m&amp;#27;[36mI am on SFWF Front Office Home Page GOC &quot;&lt;Browser&gt;&quot;&amp;#27;[0m
    &amp;#27;[36mWhen &amp;#27;[0m&amp;#27;[36mI Input Registered Maupass User&apos;s Username &quot;&lt;Username&gt;&quot; and Password &quot;&lt;FPassword&gt;&quot;&amp;#27;[0m
    &amp;#27;[36mAnd &amp;#27;[0m&amp;#27;[36mI Click on Sign In button in Maupass&amp;#27;[0m
    &amp;#27;[36mAnd &amp;#27;[0m&amp;#27;[36mI Verify Applicant&apos;s Successful Login&amp;#27;[0m
    &amp;#27;[36mAnd &amp;#27;[0m&amp;#27;[36mI Click on Register as Farmer&amp;#27;[0m
    &amp;#27;[36mAnd &amp;#27;[0m&amp;#27;[36mI Verify that User is directed to My Application Page&amp;#27;[0m
    &amp;#27;[36mAnd &amp;#27;[0m&amp;#27;[36mI Verify display of Farmers Card link&amp;#27;[0m
    &amp;#27;[36mAnd &amp;#27;[0m&amp;#27;[36mI Verify Programmes link&amp;#27;[0m
    &amp;#27;[36mAnd &amp;#27;[0m&amp;#27;[36mI Search for Application Ref Number for re-submit&amp;#27;[0m
    &amp;#27;[36mAnd &amp;#27;[0m&amp;#27;[36mI Verify display of REGISTRATION FOR AGRO-PROCESSING ENTERPRISE Page&amp;#27;[0m
    &amp;#27;[36mAnd &amp;#27;[0m&amp;#27;[36mI Click on Save and Continue&amp;#27;[0m
    &amp;#27;[36mAnd &amp;#27;[0m&amp;#27;[36mI Verify Upload Required Documents Page is displayed&amp;#27;[0m
    &amp;#27;[36mAnd &amp;#27;[0m&amp;#27;[36mI Click on Save and Continue&amp;#27;[0m
    &amp;#27;[36mAnd &amp;#27;[0m&amp;#27;[36mI Verify Terms and Conditions Page&amp;#27;[0m
    &amp;#27;[36mAnd &amp;#27;[0m&amp;#27;[36mI Click on Submit Application &quot;&lt;Confirmation&gt;&quot;&amp;#27;[0m
    &amp;#27;[36mAnd &amp;#27;[0m&amp;#27;[36mI Verify Success message for application submitted&amp;#27;[0m
    &amp;#27;[36mAnd &amp;#27;[0m&amp;#27;[36mI Sign Out as Front Registered User&amp;#27;[0m
    #    WPO
    &amp;#27;[36mAnd &amp;#27;[0m&amp;#27;[36mI am on SFWF Back Office Home Page GOC &quot;&lt;Browser&gt;&quot;&amp;#27;[0m
    &amp;#27;[36mAnd &amp;#27;[0m&amp;#27;[36mI Input WPO Username &quot;&lt;WpoUsername&gt;&quot; and Password &quot;&lt;Password&gt;&quot;&amp;#27;[0m
    &amp;#27;[36mAnd &amp;#27;[0m&amp;#27;[36mI Click on Sign In button&amp;#27;[0m
    &amp;#27;[36mAnd &amp;#27;[0m&amp;#27;[36mI Verify Successful Login&amp;#27;[0m
    &amp;#27;[36mAnd &amp;#27;[0m&amp;#27;[36mI Click on All Applications&amp;#27;[0m
    &amp;#27;[36mAnd &amp;#27;[0m&amp;#27;[36mI Verify display of list of registrations page&amp;#27;[0m
    &amp;#27;[36mAnd &amp;#27;[0m&amp;#27;[36mI Search for Application Ref Number as a Back Office User&amp;#27;[0m
    &amp;#27;[36mAnd &amp;#27;[0m&amp;#27;[36mI Click to view Application&amp;#27;[0m
    &amp;#27;[36mAnd &amp;#27;[0m&amp;#27;[36mI Click on Action Button&amp;#27;[0m
    &amp;#27;[36mAnd &amp;#27;[0m&amp;#27;[36mI Select Approved to approve the registration application&amp;#27;[0m
    &amp;#27;[36mAnd &amp;#27;[0m&amp;#27;[36mI Input Remarks &quot;&lt;Remarks&gt;&quot;&amp;#27;[0m
    &amp;#27;[36mAnd &amp;#27;[0m&amp;#27;[36mI Click on Save Actions&amp;#27;[0m
    &amp;#27;[36mAnd &amp;#27;[0m&amp;#27;[36mI Verify for success message for approval&amp;#27;[0m
    &amp;#27;[36mAnd &amp;#27;[0m&amp;#27;[36mI Sign Out&amp;#27;[0m
    &amp;#27;[36mAnd &amp;#27;[0m&amp;#27;[36mI Verify Successful Sign Out&amp;#27;[0m
    #    IT Department
    &amp;#27;[36mAnd &amp;#27;[0m&amp;#27;[36mI am on SFWF Back Office Home Page GOC &quot;&lt;Browser&gt;&quot;&amp;#27;[0m
    &amp;#27;[36mAnd &amp;#27;[0m&amp;#27;[36mI Input IT Department Username &quot;&lt;ITUsername&gt;&quot; and Password &quot;&lt;Password&gt;&quot;&amp;#27;[0m
    &amp;#27;[36mAnd &amp;#27;[0m&amp;#27;[36mI Click on Sign In button&amp;#27;[0m
    &amp;#27;[36mAnd &amp;#27;[0m&amp;#27;[36mI Verify Successful Login&amp;#27;[0m
    &amp;#27;[36mAnd &amp;#27;[0m&amp;#27;[36mI Click on All Applications&amp;#27;[0m
    &amp;#27;[36mAnd &amp;#27;[0m&amp;#27;[36mI Verify display of list of registrations page&amp;#27;[0m
    &amp;#27;[36mAnd &amp;#27;[0m&amp;#27;[36mI Search for Application Ref Number as a Back Office User&amp;#27;[0m
    &amp;#27;[36mAnd &amp;#27;[0m&amp;#27;[36mI Click to view Application&amp;#27;[0m
    &amp;#27;[36mAnd &amp;#27;[0m&amp;#27;[36mI Click on Print Card&amp;#27;[0m
    &amp;#27;[36mAnd &amp;#27;[0m&amp;#27;[36mI Sign Out&amp;#27;[0m
    &amp;#27;[36mAnd &amp;#27;[0m&amp;#27;[36mI Verify Successful Sign Out&amp;#27;[0m
    #    Applicant verify status - Card Printed
    &amp;#27;[36mGiven &amp;#27;[0m&amp;#27;[36mI am on SFWF Front Office Home Page GOC &quot;&lt;Browser&gt;&quot;&amp;#27;[0m
    &amp;#27;[36mWhen &amp;#27;[0m&amp;#27;[36mI Input Registered Maupass User&apos;s Username &quot;&lt;Username&gt;&quot; and Password &quot;&lt;FPassword&gt;&quot;&amp;#27;[0m
    &amp;#27;[36mAnd &amp;#27;[0m&amp;#27;[36mI Click on Sign In button in Maupass&amp;#27;[0m
    &amp;#27;[36mAnd &amp;#27;[0m&amp;#27;[36mI Verify Applicant&apos;s Successful Login&amp;#27;[0m
    &amp;#27;[36mAnd &amp;#27;[0m&amp;#27;[36mI Click on Register as Farmer&amp;#27;[0m
    &amp;#27;[36mAnd &amp;#27;[0m&amp;#27;[36mI Verify that User is directed to My Application Page&amp;#27;[0m
    &amp;#27;[36mAnd &amp;#27;[0m&amp;#27;[36mI Verify display of Farmers Card link&amp;#27;[0m
    &amp;#27;[36mAnd &amp;#27;[0m&amp;#27;[36mI Verify Programmes link&amp;#27;[0m
    &amp;#27;[36mAnd &amp;#27;[0m&amp;#27;[36mI Search for Application Ref Number for to check Status Card Printed&amp;#27;[0m
    &amp;#27;[36mAnd &amp;#27;[0m&amp;#27;[36mI Verify Application Status to be Card Printed&amp;#27;[0m
    &amp;#27;[36mAnd &amp;#27;[0m&amp;#27;[36mI Sign Out as Front Registered User&amp;#27;[0m

    Examples: 
Radio Button is working correctly
Unable to take screenshot
java.lang.NullPointerException

  @Main_feature @US13280 @Approval_by_BO_Payment_at_counter_for_Agro-Processing-Enterprise @Regression @Smoke_counter_Agro-Processing-Enterprise_GOC @GOC_Registrations
  Scenario Outline: Approval for Payment at counter for Registration as Agro-Processing Enterprise-Application form        &amp;#27;[90m# features/US13280_GOC.feature:228&amp;#27;[0m
    &amp;#27;[32mGiven &amp;#27;[0m&amp;#27;[32mI am on SFWF Front Office Home Page GOC &quot;&amp;#27;[0m&amp;#27;[32m&amp;#27;[1mChrome&amp;#27;[0m&amp;#27;[32m&quot;&amp;#27;[0m                                                                 &amp;#27;[90m# Steps.iAmOnSFWFFrontOfficeHomePageGOC(String)&amp;#27;[0m
    &amp;#27;[32mWhen &amp;#27;[0m&amp;#27;[32mI Input Registered Maupass User&apos;s Username &quot;&amp;#27;[0m&amp;#27;[32m&amp;#27;[1mSuraj_Jo&amp;#27;[0m&amp;#27;[32m&quot; and Password &quot;&amp;#27;[0m&amp;#27;[32m&amp;#27;[1mAdmin@123&amp;#27;[0m&amp;#27;[32m&quot;&amp;#27;[0m                                    &amp;#27;[90m# Steps.iInputRegisteredMaupassUserSUsernameAndPassword(String,String)&amp;#27;[0m
    &amp;#27;[32mAnd &amp;#27;[0m&amp;#27;[32mI Click on Sign In button in Maupass&amp;#27;[0m                                                                               &amp;#27;[90m# Steps.iClickOnSignInButtonInMaupass()&amp;#27;[0m
    &amp;#27;[32mAnd &amp;#27;[0m&amp;#27;[32mI Verify Applicant&apos;s Successful Login&amp;#27;[0m                                                                              &amp;#27;[90m# Steps.iVerifyApplicantSSuccessfulLogin()&amp;#27;[0m
    &amp;#27;[32mAnd &amp;#27;[0m&amp;#27;[32mI Click on Register as Farmer&amp;#27;[0m                                                                                      &amp;#27;[90m# Steps.iClickOnRegisterAsFarmer()&amp;#27;[0m
    &amp;#27;[32mAnd &amp;#27;[0m&amp;#27;[32mI Verify that User is directed to My Application Page&amp;#27;[0m                                                              &amp;#27;[90m# Steps.iVerifyThatUserIsDirectedToMyApplicationPage()&amp;#27;[0m
    &amp;#27;[32mAnd &amp;#27;[0m&amp;#27;[32mI Verify display of Farmers Card link&amp;#27;[0m                                                                              &amp;#27;[90m# Steps.iVerifyDisplayOfFarmersCardLink()&amp;#27;[0m
    &amp;#27;[32mAnd &amp;#27;[0m&amp;#27;[32mI Verify Programmes link&amp;#27;[0m                                                                                           &amp;#27;[90m# Steps.iVerifyProgrammesLink()&amp;#27;[0m
    &amp;#27;[32mAnd &amp;#27;[0m&amp;#27;[32mI Click on New Button to apply for Registration&amp;#27;[0m                                                                    &amp;#27;[90m# Steps.iClickOnNewButtonToApplyForRegistration()&amp;#27;[0m
    &amp;#27;[32mAnd &amp;#27;[0m&amp;#27;[32mI Verify display of Registration Type Page&amp;#27;[0m                                                                         &amp;#27;[90m# Steps.iVerifyDisplayOfRegistrationTypePage()&amp;#27;[0m
    &amp;#27;[32mAnd &amp;#27;[0m&amp;#27;[32mI Click on Agro Processing Enterprise&amp;#27;[0m                                                                              &amp;#27;[90m# Steps.iClickOnAgroProcessingEnterprise()&amp;#27;[0m
    &amp;#27;[32mAnd &amp;#27;[0m&amp;#27;[32mI Verify display of REGISTRATION FOR AGRO-PROCESSING ENTERPRISE Page&amp;#27;[0m                                               &amp;#27;[90m# Steps.iVerifyDisplayOfREGISTRATIONFORAGROPROCESSINGENTERPRISEPage()&amp;#27;[0m
    &amp;#27;[32mAnd &amp;#27;[0m&amp;#27;[32mI Input Associate/Society/Company Name &quot;&amp;#27;[0m&amp;#27;[32m&amp;#27;[1mABC Agro Co Ltd&amp;#27;[0m&amp;#27;[32m&quot;&amp;#27;[0m                                                           &amp;#27;[90m# Steps.iInputAssociateSocietyCompanyName(String)&amp;#27;[0m
    &amp;#27;[32mAnd &amp;#27;[0m&amp;#27;[32mI Input Represented by &quot;&amp;#27;[0m&amp;#27;[32m&amp;#27;[1mMr John Brown&amp;#27;[0m&amp;#27;[32m&quot;&amp;#27;[0m                                                                             &amp;#27;[90m# Steps.iInputRepresentedBy(String)&amp;#27;[0m
    &amp;#27;[32mAnd &amp;#27;[0m&amp;#27;[32mI Input Business Registration No(BRN) for Agro-Processing Enterprise &quot;&amp;#27;[0m&amp;#27;[32m&amp;#27;[1mC123456789&amp;#27;[0m&amp;#27;[32m&quot;&amp;#27;[0m                                  &amp;#27;[90m# Steps.iInputBusinessRegistrationNoBRNForAgroProcessingEnterprise(String)&amp;#27;[0m
    &amp;#27;[32mAnd &amp;#27;[0m&amp;#27;[32mI Input Certificate of Incorporation No for Agro-Processing Enterprise &quot;&amp;#27;[0m&amp;#27;[32m&amp;#27;[1mXLPR852&amp;#27;[0m&amp;#27;[32m&quot;&amp;#27;[0m                                   &amp;#27;[90m# Steps.iInputCertificateOfIncorporationNoForAgroProcessingEnterprise(String)&amp;#27;[0m
    &amp;#27;[32mAnd &amp;#27;[0m&amp;#27;[32mI Select Activity &quot;&amp;#27;[0m&amp;#27;[32m&amp;#27;[1mFull Time&amp;#27;[0m&amp;#27;[32m&quot;&amp;#27;[0m                                                                                      &amp;#27;[90m# Steps.iSelectActivity(String)&amp;#27;[0m
    &amp;#27;[32mAnd &amp;#27;[0m&amp;#27;[32mI Input Office Address &quot;&amp;#27;[0m&amp;#27;[32m&amp;#27;[1mThe Main Road, Grand Port&amp;#27;[0m&amp;#27;[32m&quot;&amp;#27;[0m                                                                 &amp;#27;[90m# Steps.iInputOfficeAddress(String)&amp;#27;[0m
    &amp;#27;[32mAnd &amp;#27;[0m&amp;#27;[32mI Input Enterprise Address &quot;&amp;#27;[0m&amp;#27;[32m&amp;#27;[1mRoyal Road, Port Louis&amp;#27;[0m&amp;#27;[32m&quot;&amp;#27;[0m                                                                &amp;#27;[90m# Steps.iInputEnterpriseAddress(String)&amp;#27;[0m
    &amp;#27;[32mAnd &amp;#27;[0m&amp;#27;[32mI Select No of years for Registration membership &quot;&amp;#27;[0m&amp;#27;[32m&amp;#27;[1m1&amp;#27;[0m&amp;#27;[32m&quot;&amp;#27;[0m                                                               &amp;#27;[90m# Steps.iSelectNoOfYearsForRegistrationMembership(String)&amp;#27;[0m
    &amp;#27;[32mAnd &amp;#27;[0m&amp;#27;[32mI Input List of Products manufactured &quot;&amp;#27;[0m&amp;#27;[32m&amp;#27;[1mTomato, Pepper&amp;#27;[0m&amp;#27;[32m&quot;&amp;#27;[0m                                                             &amp;#27;[90m# Steps.iInputListOfProductsManufactured(String)&amp;#27;[0m
    &amp;#27;[32mAnd &amp;#27;[0m&amp;#27;[32mI Select Status of Applicant for Agro-Processing Enterprise &quot;&amp;#27;[0m&amp;#27;[32m&amp;#27;[1mCompany&amp;#27;[0m&amp;#27;[32m&quot;&amp;#27;[0m                                              &amp;#27;[90m# Steps.iSelectStatusOfApplicantForAgroProcessingEnterprise(String)&amp;#27;[0m
    &amp;#27;[32mAnd &amp;#27;[0m&amp;#27;[32mI Click on Save and Continue&amp;#27;[0m                                                                                       &amp;#27;[90m# Steps.iClickOnSaveAndContinue()&amp;#27;[0m
    &amp;#27;[32mAnd &amp;#27;[0m&amp;#27;[32mI Verify Upload Required Documents Page is displayed&amp;#27;[0m                                                               &amp;#27;[90m# Steps.iVerifyUploadRequiredDocumentsPageIsDisplayed()&amp;#27;[0m
    &amp;#27;[32mAnd &amp;#27;[0m&amp;#27;[32mI Upload Business Registration Card &quot;&amp;#27;[0m&amp;#27;[32m&amp;#27;[1msrc\test\resources\Upload_Test1.pdf&amp;#27;[0m&amp;#27;[32m&quot;&amp;#27;[0m                                          &amp;#27;[90m# Steps.iUploadBusinessRegistrationCard(String)&amp;#27;[0m
    &amp;#27;[32mAnd &amp;#27;[0m&amp;#27;[32mI Upload Certificate of Incorporation &quot;&amp;#27;[0m&amp;#27;[32m&amp;#27;[1msrc\test\resources\Upload_Test1.pdf&amp;#27;[0m&amp;#27;[32m&quot;&amp;#27;[0m                                        &amp;#27;[90m# Steps.iUploadCertificateOfIncorporation(String)&amp;#27;[0m
    &amp;#27;[32mAnd &amp;#27;[0m&amp;#27;[32mI Upload List of Directors/ Associates &quot;&amp;#27;[0m&amp;#27;[32m&amp;#27;[1msrc\test\resources\Upload_Test1.pdf&amp;#27;[0m&amp;#27;[32m&quot;&amp;#27;[0m                                       &amp;#27;[90m# Steps.iUploadListOfDirectorsAssociates(String)&amp;#27;[0m
    &amp;#27;[32mAnd &amp;#27;[0m&amp;#27;[32mI Upload Board Resolution of Enterprise for appointment of representative(s) &quot;&amp;#27;[0m&amp;#27;[32m&amp;#27;[1msrc\test\resources\Upload_Test1.pdf&amp;#27;[0m&amp;#27;[32m&quot;&amp;#27;[0m &amp;#27;[90m# Steps.iUploadBoardResolutionOfEnterpriseForAppointmentOfRepresentativeS(String)&amp;#27;[0m
    &amp;#27;[32mAnd &amp;#27;[0m&amp;#27;[32mI Upload National Identity card of representative &quot;&amp;#27;[0m&amp;#27;[32m&amp;#27;[1msrc\test\resources\Upload_Test1.pdf&amp;#27;[0m&amp;#27;[32m&quot;&amp;#27;[0m                            &amp;#27;[90m# Steps.iUploadNationalIdentityCardOfRepresentative(String)&amp;#27;[0m
    &amp;#27;[32mAnd &amp;#27;[0m&amp;#27;[32mI Upload Location Plan Document &quot;&amp;#27;[0m&amp;#27;[32m&amp;#27;[1msrc\test\resources\Upload_Test1.pdf&amp;#27;[0m&amp;#27;[32m&quot;&amp;#27;[0m                                              &amp;#27;[90m# Steps.iUploadLocationPlanDocument(String)&amp;#27;[0m
    &amp;#27;[32mAnd &amp;#27;[0m&amp;#27;[32mI Upload Copy of SMEDA Certificate Document &quot;&amp;#27;[0m&amp;#27;[32m&amp;#27;[1msrc\test\resources\Upload_Test1.pdf&amp;#27;[0m&amp;#27;[32m&quot;&amp;#27;[0m                                  &amp;#27;[90m# Steps.iUploadCopyOfSMEDACertificateDocument(String)&amp;#27;[0m
    &amp;#27;[32mAnd &amp;#27;[0m&amp;#27;[32mI Upload Copy of Utility Bill Document &quot;&amp;#27;[0m&amp;#27;[32m&amp;#27;[1msrc\test\resources\Upload_Test1.pdf&amp;#27;[0m&amp;#27;[32m&quot;&amp;#27;[0m                                       &amp;#27;[90m# Steps.iUploadCopyOfUtilityBillDocument(String)&amp;#27;[0m
    &amp;#27;[31mAnd &amp;#27;[0m&amp;#27;[31mI Verify for Document Upload Success Message&amp;#27;[0m                                                                       &amp;#27;[90m# Steps.iVerifyForDocumentUploadSuccessMessage()&amp;#27;[0m
      &amp;#27;[31morg.openqa.selenium.ElementNotInteractableException: element not interactable
        (Session info: chrome=129.0.6668.100)
      Build info: version: &apos;3.4.0&apos;, revision: &apos;unknown&apos;, time: &apos;unknown&apos;
      System info: host: &apos;SIL-LTDELLI7-G6&apos;, ip: &apos;192.168.8.46&apos;, os.name: &apos;Windows 11&apos;, os.arch: &apos;amd64&apos;, os.version: &apos;10.0&apos;, java.version: &apos;1.8.0_371&apos;
      Driver info: org.openqa.selenium.chrome.ChromeDriver
      Capabilities [{networkConnectionEnabled=false, chrome={chromedriverVersion=129.0.6668.100 (cf58cba358d31ce285c1970a79a9411d0fb381a5-refs/branch-heads/6668@{#1704}), userDataDir=C:\Users\SURAJ~1.JOG\AppData\Local\Temp\scoped_dir44088_644171444}, timeouts={implicit=0.0, pageLoad=300000.0, script=30000.0}, pageLoadStrategy=normal, unhandledPromptBehavior=dismiss and notify, strictFileInteractability=false, platform=ANY, proxy=Proxy(), webauthn:extension:minPinLength=true, goog:chromeOptions={debuggerAddress=localhost:63763}, webauthn:extension:credBlob=true, webauthn:extension:prf=true, acceptInsecureCerts=false, browserVersion=129.0.6668.100, fedcm:accounts=true, browserName=chrome, javascriptEnabled=true, platformName=windows, setWindowRect=true, webauthn:extension:largeBlob=true, webauthn:virtualAuthenticators=true}]
      Session ID: 74311eb78ce8b24c535a309f70f0ee02
      	at sun.reflect.NativeConstructorAccessorImpl.newInstance0(Native Method)
      	at sun.reflect.NativeConstructorAccessorImpl.newInstance(NativeConstructorAccessorImpl.java:62)
      	at sun.reflect.DelegatingConstructorAccessorImpl.newInstance(DelegatingConstructorAccessorImpl.java:45)
      	at java.lang.reflect.Constructor.newInstance(Constructor.java:423)
      	at org.openqa.selenium.remote.http.W3CHttpResponseCodec.createException(W3CHttpResponseCodec.java:150)
      	at org.openqa.selenium.remote.http.W3CHttpResponseCodec.decode(W3CHttpResponseCodec.java:115)
      	at org.openqa.selenium.remote.http.W3CHttpResponseCodec.decode(W3CHttpResponseCodec.java:45)
      	at org.openqa.selenium.remote.HttpCommandExecutor.execute(HttpCommandExecutor.java:164)
      	at org.openqa.selenium.remote.service.DriverCommandExecutor.execute(DriverCommandExecutor.java:82)
      	at org.openqa.selenium.remote.RemoteWebDriver.execute(RemoteWebDriver.java:637)
      	at org.openqa.selenium.remote.RemoteWebElement.execute(RemoteWebElement.java:272)
      	at org.openqa.selenium.remote.RemoteWebElement.click(RemoteWebElement.java:82)
      	at stepdefinition.Steps.iVerifyForDocumentUploadSuccessMessage(Steps.java:733)
      	at ?.And I Verify for Document Upload Success Message(features/US13280_GOC.feature:42)
      &amp;#27;[0m
    &amp;#27;[36mAnd &amp;#27;[0m&amp;#27;[36mI Click on Add Additional Document&amp;#27;[0m                                                                                 &amp;#27;[90m# Steps.iClickOnAddAdditionalDocument()&amp;#27;[0m
    &amp;#27;[36mAnd &amp;#27;[0m&amp;#27;[36mI Input Additional Document Name &quot;&amp;#27;[0m&amp;#27;[36m&amp;#27;[1mAdditional Document Test&amp;#27;[0m&amp;#27;[36m&quot;&amp;#27;[0m                                                        &amp;#27;[90m# Steps.iInputAdditionalDocumentName(String)&amp;#27;[0m
    &amp;#27;[36mAnd &amp;#27;[0m&amp;#27;[36mI Verify Success message for adding Additional Document Name&amp;#27;[0m                                                       &amp;#27;[90m# Steps.iVerifySuccessMessageForAddingAdditionalDocumentName()&amp;#27;[0m
    &amp;#27;[36mAnd &amp;#27;[0m&amp;#27;[36mI Upload Additional Document &quot;&amp;#27;[0m&amp;#27;[36m&amp;#27;[1msrc\test\resources\Upload_Test1.pdf&amp;#27;[0m&amp;#27;[36m&quot;&amp;#27;[0m                                                 &amp;#27;[90m# Steps.iUploadAdditionalDocument(String)&amp;#27;[0m
    &amp;#27;[36mAnd &amp;#27;[0m&amp;#27;[36mI Verify for Document Upload Success Message&amp;#27;[0m                                                                       &amp;#27;[90m# Steps.iVerifyForDocumentUploadSuccessMessage()&amp;#27;[0m
    &amp;#27;[36mAnd &amp;#27;[0m&amp;#27;[36mI Click on Save and Continue&amp;#27;[0m                                                                                       &amp;#27;[90m# Steps.iClickOnSaveAndContinue()&amp;#27;[0m
    &amp;#27;[36mAnd &amp;#27;[0m&amp;#27;[36mI Verify Terms and Conditions Page&amp;#27;[0m                                                                                 &amp;#27;[90m# Steps.iVerifyTermsAndConditionsPage()&amp;#27;[0m
    &amp;#27;[36mAnd &amp;#27;[0m&amp;#27;[36mI click on I agree to the Terms and Conditions&amp;#27;[0m                                                                     &amp;#27;[90m# Steps.iClickOnIAgreeToTheTermsAndConditions()&amp;#27;[0m
    &amp;#27;[36mAnd &amp;#27;[0m&amp;#27;[36mI Select Bank &quot;&amp;#27;[0m&amp;#27;[36m&amp;#27;[1mABC Banking&amp;#27;[0m&amp;#27;[36m&quot;&amp;#27;[0m                                                                                        &amp;#27;[90m# Steps.iSelectBank(String)&amp;#27;[0m
    &amp;#27;[36mAnd &amp;#27;[0m&amp;#27;[36mI Input Bank Branch for Agro-Processing Enterprise &quot;&amp;#27;[0m&amp;#27;[36m&amp;#27;[1mPort Louis&amp;#27;[0m&amp;#27;[36m&quot;&amp;#27;[0m                                                    &amp;#27;[90m# Steps.iInputBankBranchForAgroProcessingEnterprise(String)&amp;#27;[0m
    &amp;#27;[36mAnd &amp;#27;[0m&amp;#27;[36mI Input Personal Bank Account Number Agro-Processing Enterprise &quot;&amp;#27;[0m&amp;#27;[36m&amp;#27;[1m0001252563636&amp;#27;[0m&amp;#27;[36m&quot;&amp;#27;[0m                                    &amp;#27;[90m# Steps.iInputPersonalBankAccountNumberAgroProcessingEnterprise(String)&amp;#27;[0m
    &amp;#27;[36mAnd &amp;#27;[0m&amp;#27;[36mI Click on Submit Application &quot;&amp;#27;[0m&amp;#27;[36m&amp;#27;[1mYes&amp;#27;[0m&amp;#27;[36m&quot;&amp;#27;[0m                                                                                &amp;#27;[90m# Steps.iClickOnSubmitApplication(String)&amp;#27;[0m
    &amp;#27;[36mAnd &amp;#27;[0m&amp;#27;[36mI Verify Success message for application submitted&amp;#27;[0m                                                                 &amp;#27;[90m# Steps.iVerifySuccessMessageForApplicationSubmitted()&amp;#27;[0m
    &amp;#27;[36mAnd &amp;#27;[0m&amp;#27;[36mI Verify Application Status &quot;&amp;#27;[0m&amp;#27;[36m&amp;#27;[1mSubmitted&amp;#27;[0m&amp;#27;[36m&quot;&amp;#27;[0m                                                                            &amp;#27;[90m# Steps.iVerifyApplicationStatus(String)&amp;#27;[0m
    &amp;#27;[36mAnd &amp;#27;[0m&amp;#27;[36mI Verify Payment Status &quot;&amp;#27;[0m&amp;#27;[36m&amp;#27;[1mPending&amp;#27;[0m&amp;#27;[36m&quot;&amp;#27;[0m                                                                                  &amp;#27;[90m# Steps.iVerifyPaymentStatus(String)&amp;#27;[0m
    &amp;#27;[36mAnd &amp;#27;[0m&amp;#27;[36mI Copy Application Number&amp;#27;[0m                                                                                          &amp;#27;[90m# Steps.iCopyApplicationNumber()&amp;#27;[0m
    &amp;#27;[36mAnd &amp;#27;[0m&amp;#27;[36mI Click on Shopping Cart for payment&amp;#27;[0m                                                                               &amp;#27;[90m# Steps.iClickOnShoppingCartForPayment()&amp;#27;[0m
    &amp;#27;[36mAnd &amp;#27;[0m&amp;#27;[36mI Select Application for payment&amp;#27;[0m                                                                                   &amp;#27;[90m# Steps.IselectApplicationForPayment()&amp;#27;[0m
    &amp;#27;[36mAnd &amp;#27;[0m&amp;#27;[36mI Click on Proceed to Payment&amp;#27;[0m                                                                                      &amp;#27;[90m# Steps.iClickOnProceedToPayment()&amp;#27;[0m
    &amp;#27;[36mAnd &amp;#27;[0m&amp;#27;[36mI Click on Payment Icon&amp;#27;[0m                                                                                            &amp;#27;[90m# Steps.iClickOnPaymentIcon()&amp;#27;[0m
    &amp;#27;[36mAnd &amp;#27;[0m&amp;#27;[36mI Select Payment Method &quot;&amp;#27;[0m&amp;#27;[36m&amp;#27;[1mCounter&amp;#27;[0m&amp;#27;[36m&quot;&amp;#27;[0m                                                                                  &amp;#27;[90m# Steps.iSelectPaymentMethod(String)&amp;#27;[0m
    &amp;#27;[36mAnd &amp;#27;[0m&amp;#27;[36mI Click on Final Proceed to Payment&amp;#27;[0m                                                                                &amp;#27;[90m# Steps.iClickOnFinalProceedToPayment()&amp;#27;[0m
    &amp;#27;[36mAnd &amp;#27;[0m&amp;#27;[36mI Verify Message to proceed to Post Office for Payment&amp;#27;[0m                                                             &amp;#27;[90m# Steps.iVerifyMessageToProceedToPostOfficeForPayment()&amp;#27;[0m
    &amp;#27;[36mAnd &amp;#27;[0m&amp;#27;[36mI Sign Out as Front Registered User&amp;#27;[0m                                                                                &amp;#27;[90m# Steps.iSignOutAsFrontRegisteredUser()&amp;#27;[0m
    #    Finance
    &amp;#27;[36mAnd &amp;#27;[0m&amp;#27;[36mI am on SFWF Back Office Home Page GOC &quot;&amp;#27;[0m&amp;#27;[36m&amp;#27;[1mChrome&amp;#27;[0m&amp;#27;[36m&quot;&amp;#27;[0m                                                                    &amp;#27;[90m# Steps.iAmOnSFWFBackOfficeHomePageGOC(String)&amp;#27;[0m
    &amp;#27;[36mAnd &amp;#27;[0m&amp;#27;[36mI Input Finance Username &quot;&amp;#27;[0m&amp;#27;[36m&amp;#27;[1mFinance&amp;#27;[0m&amp;#27;[36m&quot; and Password &quot;&amp;#27;[0m&amp;#27;[36m&amp;#27;[1mAdmin@123&amp;#27;[0m&amp;#27;[36m&quot;&amp;#27;[0m                                                        &amp;#27;[90m# Steps.iInputFinanceUsernameAndPassword(String,String)&amp;#27;[0m
    &amp;#27;[36mAnd &amp;#27;[0m&amp;#27;[36mI Click on Sign In button&amp;#27;[0m                                                                                          &amp;#27;[90m# Steps.iClickOnSignInButton()&amp;#27;[0m
    &amp;#27;[36mAnd &amp;#27;[0m&amp;#27;[36mI Verify Successful Login&amp;#27;[0m                                                                                          &amp;#27;[90m# Steps.IVerifySuccessfulLogin()&amp;#27;[0m
    &amp;#27;[36mAnd &amp;#27;[0m&amp;#27;[36mI Click on Manage Cashier&amp;#27;[0m                                                                                          &amp;#27;[90m# Steps.iClickOnManageCashier()&amp;#27;[0m
    &amp;#27;[36mAnd &amp;#27;[0m&amp;#27;[36mI Verify List of Applications page&amp;#27;[0m                                                                                 &amp;#27;[90m# Steps.iVerifyListOfApplicationsPage()&amp;#27;[0m
    &amp;#27;[36mAnd &amp;#27;[0m&amp;#27;[36mI Click on Confirm Processing Fees&amp;#27;[0m                                                                                 &amp;#27;[90m# Steps.iClickOnConfirmProcessingFees()&amp;#27;[0m
    &amp;#27;[36mAnd &amp;#27;[0m&amp;#27;[36mI Verify display of Processing Details Frame&amp;#27;[0m                                                                       &amp;#27;[90m# Steps.iVerifyDisplayOfProcessingDetailsFrame()&amp;#27;[0m
    #    And I Select Payment Mode &quot;&lt;Payment_Mode&gt;&quot;
    #    And I Input Amount of payment &quot;&lt;Amount_To_Pay&gt;&quot;
    #    And I Click on Add Payment
    &amp;#27;[36mAnd &amp;#27;[0m&amp;#27;[36mI Click on Save Payment&amp;#27;[0m                                                                                            &amp;#27;[90m# Steps.iClickOnSavePayment()&amp;#27;[0m
    &amp;#27;[36mAnd &amp;#27;[0m&amp;#27;[36mI Verify success message for adding payment&amp;#27;[0m                                                                        &amp;#27;[90m# Steps.iVerifySuccessMessageForAddingPayment()&amp;#27;[0m
    &amp;#27;[36mAnd &amp;#27;[0m&amp;#27;[36mI Sign Out&amp;#27;[0m                                                                                                         &amp;#27;[90m# Steps.iSignOut()&amp;#27;[0m
    &amp;#27;[36mAnd &amp;#27;[0m&amp;#27;[36mI Verify Successful Sign Out&amp;#27;[0m                                                                                       &amp;#27;[90m# Steps.iVerifySuccessfulSignOut()&amp;#27;[0m
    #    PWO
    &amp;#27;[36mAnd &amp;#27;[0m&amp;#27;[36mI am on SFWF Back Office Home Page GOC &quot;&amp;#27;[0m&amp;#27;[36m&amp;#27;[1mChrome&amp;#27;[0m&amp;#27;[36m&quot;&amp;#27;[0m                                                                    &amp;#27;[90m# Steps.iAmOnSFWFBackOfficeHomePageGOC(String)&amp;#27;[0m
    &amp;#27;[36mAnd &amp;#27;[0m&amp;#27;[36mI Input PWO Username &quot;&amp;#27;[0m&amp;#27;[36m&amp;#27;[1mPWO&amp;#27;[0m&amp;#27;[36m&quot; and Password &quot;&amp;#27;[0m&amp;#27;[36m&amp;#27;[1mAdmin@123&amp;#27;[0m&amp;#27;[36m&quot;&amp;#27;[0m                                                                &amp;#27;[90m# Steps.iInputPWOUsernameAndPassword(String,String)&amp;#27;[0m
    &amp;#27;[36mAnd &amp;#27;[0m&amp;#27;[36mI Click on Sign In button&amp;#27;[0m                                                                                          &amp;#27;[90m# Steps.iClickOnSignInButton()&amp;#27;[0m
    &amp;#27;[36mAnd &amp;#27;[0m&amp;#27;[36mI Verify Successful Login&amp;#27;[0m                                                                                          &amp;#27;[90m# Steps.IVerifySuccessfulLogin()&amp;#27;[0m
    &amp;#27;[36mAnd &amp;#27;[0m&amp;#27;[36mI Click on All Applications&amp;#27;[0m                                                                                        &amp;#27;[90m# Steps.iClickOnAllApplications()&amp;#27;[0m
    &amp;#27;[36mAnd &amp;#27;[0m&amp;#27;[36mI Verify display of list of registrations page&amp;#27;[0m                                                                     &amp;#27;[90m# Steps.iVerifyDisplayOfListOfRegistrationsPage()&amp;#27;[0m
    &amp;#27;[36mAnd &amp;#27;[0m&amp;#27;[36mI Search for Application Ref Number as a Back Office User&amp;#27;[0m                                                          &amp;#27;[90m# Steps.iSearchForApplicationRefNumberAsABackOfficeUser()&amp;#27;[0m
    &amp;#27;[36mAnd &amp;#27;[0m&amp;#27;[36mI Click to view Application&amp;#27;[0m                                                                                        &amp;#27;[90m# Steps.iClickToViewApplication()&amp;#27;[0m
    &amp;#27;[36mAnd &amp;#27;[0m&amp;#27;[36mI Click on Action Button&amp;#27;[0m                                                                                           &amp;#27;[90m# Steps.iClickOnActionButton()&amp;#27;[0m
    &amp;#27;[36mAnd &amp;#27;[0m&amp;#27;[36mI Select PWO Assigned&amp;#27;[0m                                                                                              &amp;#27;[90m# Steps.iSelectPWOAssigned()&amp;#27;[0m
    &amp;#27;[36mAnd &amp;#27;[0m&amp;#27;[36mI Select WPO&amp;#27;[0m                                                                                                       &amp;#27;[90m# Steps.iSelectWPO()&amp;#27;[0m
    &amp;#27;[36mAnd &amp;#27;[0m&amp;#27;[36mI Input Remarks &quot;&amp;#27;[0m&amp;#27;[36m&amp;#27;[1mThis is a test&amp;#27;[0m&amp;#27;[36m&quot;&amp;#27;[0m                                                                                   &amp;#27;[90m# Steps.iInputRemarks(String)&amp;#27;[0m
    &amp;#27;[36mAnd &amp;#27;[0m&amp;#27;[36mI Click on Save Actions&amp;#27;[0m                                                                                            &amp;#27;[90m# Steps.iClickOnSaveActions()&amp;#27;[0m
    &amp;#27;[36mAnd &amp;#27;[0m&amp;#27;[36mI Verify for success message for assigning&amp;#27;[0m                                                                         &amp;#27;[90m# Steps.iVerifyForSuccessMessageForAssigning()&amp;#27;[0m
    &amp;#27;[36mAnd &amp;#27;[0m&amp;#27;[36mI Sign Out&amp;#27;[0m                                                                                                         &amp;#27;[90m# Steps.iSignOut()&amp;#27;[0m
    &amp;#27;[36mAnd &amp;#27;[0m&amp;#27;[36mI Verify Successful Sign Out&amp;#27;[0m                                                                                       &amp;#27;[90m# Steps.iVerifySuccessfulSignOut()&amp;#27;[0m
    #    WPO
    &amp;#27;[36mAnd &amp;#27;[0m&amp;#27;[36mI am on SFWF Back Office Home Page GOC &quot;&amp;#27;[0m&amp;#27;[36m&amp;#27;[1mChrome&amp;#27;[0m&amp;#27;[36m&quot;&amp;#27;[0m                                                                    &amp;#27;[90m# Steps.iAmOnSFWFBackOfficeHomePageGOC(String)&amp;#27;[0m
    &amp;#27;[36mAnd &amp;#27;[0m&amp;#27;[36mI Input WPO Username &quot;&amp;#27;[0m&amp;#27;[36m&amp;#27;[1mWPO&amp;#27;[0m&amp;#27;[36m&quot; and Password &quot;&amp;#27;[0m&amp;#27;[36m&amp;#27;[1mAdmin@123&amp;#27;[0m&amp;#27;[36m&quot;&amp;#27;[0m                                                                &amp;#27;[90m# Steps.iInputWPOUsernameAndPassword(String,String)&amp;#27;[0m
    &amp;#27;[36mAnd &amp;#27;[0m&amp;#27;[36mI Click on Sign In button&amp;#27;[0m                                                                                          &amp;#27;[90m# Steps.iClickOnSignInButton()&amp;#27;[0m
    &amp;#27;[36mAnd &amp;#27;[0m&amp;#27;[36mI Verify Successful Login&amp;#27;[0m                                                                                          &amp;#27;[90m# Steps.IVerifySuccessfulLogin()&amp;#27;[0m
    &amp;#27;[36mAnd &amp;#27;[0m&amp;#27;[36mI Click on All Applications&amp;#27;[0m                                                                                        &amp;#27;[90m# Steps.iClickOnAllApplications()&amp;#27;[0m
    &amp;#27;[36mAnd &amp;#27;[0m&amp;#27;[36mI Verify display of list of registrations page&amp;#27;[0m                                                                     &amp;#27;[90m# Steps.iVerifyDisplayOfListOfRegistrationsPage()&amp;#27;[0m
    &amp;#27;[36mAnd &amp;#27;[0m&amp;#27;[36mI Search for Application Ref Number as a Back Office User&amp;#27;[0m                                                          &amp;#27;[90m# Steps.iSearchForApplicationRefNumberAsABackOfficeUser()&amp;#27;[0m
    &amp;#27;[36mAnd &amp;#27;[0m&amp;#27;[36mI Click to view Application&amp;#27;[0m                                                                                        &amp;#27;[90m# Steps.iClickToViewApplication()&amp;#27;[0m
    &amp;#27;[36mAnd &amp;#27;[0m&amp;#27;[36mI Click on Action Button&amp;#27;[0m                                                                                           &amp;#27;[90m# Steps.iClickOnActionButton()&amp;#27;[0m
    &amp;#27;[36mAnd &amp;#27;[0m&amp;#27;[36mI Select Assigned&amp;#27;[0m                                                                                                  &amp;#27;[90m# Steps.iSelectAssigned()&amp;#27;[0m
    &amp;#27;[36mAnd &amp;#27;[0m&amp;#27;[36mI Select WO&amp;#27;[0m                                                                                                        &amp;#27;[90m# Steps.iSelectWO()&amp;#27;[0m
    &amp;#27;[36mAnd &amp;#27;[0m&amp;#27;[36mI Input Remarks &quot;&amp;#27;[0m&amp;#27;[36m&amp;#27;[1mThis is a test&amp;#27;[0m&amp;#27;[36m&quot;&amp;#27;[0m                                                                                   &amp;#27;[90m# Steps.iInputRemarks(String)&amp;#27;[0m
    &amp;#27;[36mAnd &amp;#27;[0m&amp;#27;[36mI Click on Save Actions&amp;#27;[0m                                                                                            &amp;#27;[90m# Steps.iClickOnSaveActions()&amp;#27;[0m
    &amp;#27;[36mAnd &amp;#27;[0m&amp;#27;[36mI Verify for success message for assigning&amp;#27;[0m                                                                         &amp;#27;[90m# Steps.iVerifyForSuccessMessageForAssigning()&amp;#27;[0m
    &amp;#27;[36mAnd &amp;#27;[0m&amp;#27;[36mI Sign Out&amp;#27;[0m                                                                                                         &amp;#27;[90m# Steps.iSignOut()&amp;#27;[0m
    &amp;#27;[36mAnd &amp;#27;[0m&amp;#27;[36mI Verify Successful Sign Out&amp;#27;[0m                                                                                       &amp;#27;[90m# Steps.iVerifySuccessfulSignOut()&amp;#27;[0m
    #    WO/WA
    &amp;#27;[36mAnd &amp;#27;[0m&amp;#27;[36mI am on SFWF Back Office Home Page GOC &quot;&amp;#27;[0m&amp;#27;[36m&amp;#27;[1mChrome&amp;#27;[0m&amp;#27;[36m&quot;&amp;#27;[0m                                                                    &amp;#27;[90m# Steps.iAmOnSFWFBackOfficeHomePageGOC(String)&amp;#27;[0m
    &amp;#27;[36mAnd &amp;#27;[0m&amp;#27;[36mI Input WO-WA Username &quot;&amp;#27;[0m&amp;#27;[36m&amp;#27;[1mWO&amp;#27;[0m&amp;#27;[36m&quot; and Password &quot;&amp;#27;[0m&amp;#27;[36m&amp;#27;[1mAdmin@123&amp;#27;[0m&amp;#27;[36m&quot;&amp;#27;[0m                                                               &amp;#27;[90m# Steps.iInputWOWAUsernameAndPassword(String,String)&amp;#27;[0m
    &amp;#27;[36mAnd &amp;#27;[0m&amp;#27;[36mI Click on Sign In button&amp;#27;[0m                                                                                          &amp;#27;[90m# Steps.iClickOnSignInButton()&amp;#27;[0m
    &amp;#27;[36mAnd &amp;#27;[0m&amp;#27;[36mI Verify Successful Login&amp;#27;[0m                                                                                          &amp;#27;[90m# Steps.IVerifySuccessfulLogin()&amp;#27;[0m
    &amp;#27;[36mAnd &amp;#27;[0m&amp;#27;[36mI Click on All Applications&amp;#27;[0m                                                                                        &amp;#27;[90m# Steps.iClickOnAllApplications()&amp;#27;[0m
    &amp;#27;[36mAnd &amp;#27;[0m&amp;#27;[36mI Verify display of list of registrations page&amp;#27;[0m                                                                     &amp;#27;[90m# Steps.iVerifyDisplayOfListOfRegistrationsPage()&amp;#27;[0m
    &amp;#27;[36mAnd &amp;#27;[0m&amp;#27;[36mI Search for Application Ref Number as a Back Office User&amp;#27;[0m                                                          &amp;#27;[90m# Steps.iSearchForApplicationRefNumberAsABackOfficeUser()&amp;#27;[0m
    &amp;#27;[36mAnd &amp;#27;[0m&amp;#27;[36mI Click to view Application&amp;#27;[0m                                                                                        &amp;#27;[90m# Steps.iClickToViewApplication()&amp;#27;[0m
    &amp;#27;[36mAnd &amp;#27;[0m&amp;#27;[36mI Click on Site Report Tab&amp;#27;[0m                                                                                         &amp;#27;[90m# Steps.iClickOnSiteReportTab()&amp;#27;[0m
    &amp;#27;[36mAnd &amp;#27;[0m&amp;#27;[36mI Select Bonafide Planter &quot;&amp;#27;[0m&amp;#27;[36m&amp;#27;[1mYes&amp;#27;[0m&amp;#27;[36m&quot;&amp;#27;[0m                                                                                    &amp;#27;[90m# Steps.iSelectBonafidePlanter(String)&amp;#27;[0m
    &amp;#27;[36mAnd &amp;#27;[0m&amp;#27;[36mI Input Site visit remarks &quot;&amp;#27;[0m&amp;#27;[36m&amp;#27;[1mThis is a test&amp;#27;[0m&amp;#27;[36m&quot;&amp;#27;[0m                                                                        &amp;#27;[90m# Steps.iInputSiteVisitRemarks(String)&amp;#27;[0m
    &amp;#27;[36mAnd &amp;#27;[0m&amp;#27;[36mI Upload Site Report &quot;&amp;#27;[0m&amp;#27;[36m&amp;#27;[1msrc\test\resources\Upload_Test1.pdf&amp;#27;[0m&amp;#27;[36m&quot;&amp;#27;[0m                                                         &amp;#27;[90m# Steps.iUploadSiteReport(String)&amp;#27;[0m
    &amp;#27;[36mAnd &amp;#27;[0m&amp;#27;[36mI Verify for Document Upload Success Message for Site Visit&amp;#27;[0m                                                        &amp;#27;[90m# Steps.iVerifyForDocumentUploadSuccessMessageForSiteVisit()&amp;#27;[0m
    &amp;#27;[36mAnd &amp;#27;[0m&amp;#27;[36mI Click on Save Button&amp;#27;[0m                                                                                             &amp;#27;[90m# Steps.iClickOnSaveButton()&amp;#27;[0m
    &amp;#27;[36mAnd &amp;#27;[0m&amp;#27;[36mI Verify Site Visit saved success message&amp;#27;[0m                                                                          &amp;#27;[90m# Steps.iVerifySiteVisitSavedSuccessMessage()&amp;#27;[0m
    &amp;#27;[36mAnd &amp;#27;[0m&amp;#27;[36mI Click on Action Button&amp;#27;[0m                                                                                           &amp;#27;[90m# Steps.iClickOnActionButton()&amp;#27;[0m
    &amp;#27;[36mAnd &amp;#27;[0m&amp;#27;[36mI Select Assigned&amp;#27;[0m                                                                                                  &amp;#27;[90m# Steps.iSelectAssigned()&amp;#27;[0m
    &amp;#27;[36mAnd &amp;#27;[0m&amp;#27;[36mI Select WPO&amp;#27;[0m                                                                                                       &amp;#27;[90m# Steps.iSelectWPO()&amp;#27;[0m
    &amp;#27;[36mAnd &amp;#27;[0m&amp;#27;[36mI Input Remarks &quot;&amp;#27;[0m&amp;#27;[36m&amp;#27;[1mThis is a test&amp;#27;[0m&amp;#27;[36m&quot;&amp;#27;[0m                                                                                   &amp;#27;[90m# Steps.iInputRemarks(String)&amp;#27;[0m
    &amp;#27;[36mAnd &amp;#27;[0m&amp;#27;[36mI Click on Save Actions&amp;#27;[0m                                                                                            &amp;#27;[90m# Steps.iClickOnSaveActions()&amp;#27;[0m
    &amp;#27;[36mAnd &amp;#27;[0m&amp;#27;[36mI Verify for success message for assigning&amp;#27;[0m                                                                         &amp;#27;[90m# Steps.iVerifyForSuccessMessageForAssigning()&amp;#27;[0m
    &amp;#27;[36mAnd &amp;#27;[0m&amp;#27;[36mI Sign Out&amp;#27;[0m                                                                                                         &amp;#27;[90m# Steps.iSignOut()&amp;#27;[0m
    &amp;#27;[36mAnd &amp;#27;[0m&amp;#27;[36mI Verify Successful Sign Out&amp;#27;[0m                                                                                       &amp;#27;[90m# Steps.iVerifySuccessfulSignOut()&amp;#27;[0m
    #    WPO
    &amp;#27;[36mAnd &amp;#27;[0m&amp;#27;[36mI am on SFWF Back Office Home Page GOC &quot;&amp;#27;[0m&amp;#27;[36m&amp;#27;[1mChrome&amp;#27;[0m&amp;#27;[36m&quot;&amp;#27;[0m                                                                    &amp;#27;[90m# Steps.iAmOnSFWFBackOfficeHomePageGOC(String)&amp;#27;[0m
    &amp;#27;[36mAnd &amp;#27;[0m&amp;#27;[36mI Input WPO Username &quot;&amp;#27;[0m&amp;#27;[36m&amp;#27;[1mWPO&amp;#27;[0m&amp;#27;[36m&quot; and Password &quot;&amp;#27;[0m&amp;#27;[36m&amp;#27;[1mAdmin@123&amp;#27;[0m&amp;#27;[36m&quot;&amp;#27;[0m                                                                &amp;#27;[90m# Steps.iInputWPOUsernameAndPassword(String,String)&amp;#27;[0m
    &amp;#27;[36mAnd &amp;#27;[0m&amp;#27;[36mI Click on Sign In button&amp;#27;[0m                                                                                          &amp;#27;[90m# Steps.iClickOnSignInButton()&amp;#27;[0m
    &amp;#27;[36mAnd &amp;#27;[0m&amp;#27;[36mI Verify Successful Login&amp;#27;[0m                                                                                          &amp;#27;[90m# Steps.IVerifySuccessfulLogin()&amp;#27;[0m
    &amp;#27;[36mAnd &amp;#27;[0m&amp;#27;[36mI Click on All Applications&amp;#27;[0m                                                                                        &amp;#27;[90m# Steps.iClickOnAllApplications()&amp;#27;[0m
    &amp;#27;[36mAnd &amp;#27;[0m&amp;#27;[36mI Verify display of list of registrations page&amp;#27;[0m                                                                     &amp;#27;[90m# Steps.iVerifyDisplayOfListOfRegistrationsPage()&amp;#27;[0m
    &amp;#27;[36mAnd &amp;#27;[0m&amp;#27;[36mI Search for Application Ref Number as a Back Office User&amp;#27;[0m                                                          &amp;#27;[90m# Steps.iSearchForApplicationRefNumberAsABackOfficeUser()&amp;#27;[0m
    &amp;#27;[36mAnd &amp;#27;[0m&amp;#27;[36mI Click to view Application&amp;#27;[0m                                                                                        &amp;#27;[90m# Steps.iClickToViewApplication()&amp;#27;[0m
    &amp;#27;[36mAnd &amp;#27;[0m&amp;#27;[36mI Click on Action Button&amp;#27;[0m                                                                                           &amp;#27;[90m# Steps.iClickOnActionButton()&amp;#27;[0m
    &amp;#27;[36mAnd &amp;#27;[0m&amp;#27;[36mI Select Under Query&amp;#27;[0m                                                                                               &amp;#27;[90m# Steps.iSelectUnderQuery()&amp;#27;[0m
    &amp;#27;[36mAnd &amp;#27;[0m&amp;#27;[36mI Input External Remarks &quot;&amp;#27;[0m&amp;#27;[36m&amp;#27;[1mThis is a test&amp;#27;[0m&amp;#27;[36m&quot;&amp;#27;[0m                                                                          &amp;#27;[90m# Steps.iInputExternalRemarks(String)&amp;#27;[0m
    &amp;#27;[36mAnd &amp;#27;[0m&amp;#27;[36mI Click on Under Query Notification&amp;#27;[0m                                                                                &amp;#27;[90m# Steps.iClickOnUnderQueryNotification()&amp;#27;[0m
    &amp;#27;[36mAnd &amp;#27;[0m&amp;#27;[36mI Verify Success Message for Under Query Notification&amp;#27;[0m                                                              &amp;#27;[90m# Steps.iVerifySuccessMessageForUnderQueryNotification()&amp;#27;[0m
    &amp;#27;[36mAnd &amp;#27;[0m&amp;#27;[36mI Click on Save Actions&amp;#27;[0m                                                                                            &amp;#27;[90m# Steps.iClickOnSaveActions()&amp;#27;[0m
    &amp;#27;[36mAnd &amp;#27;[0m&amp;#27;[36mI Verify for success message for workflow saved&amp;#27;[0m                                                                    &amp;#27;[90m# Steps.iVerifyForSuccessMessageForWorkflowSaved()&amp;#27;[0m
    &amp;#27;[36mAnd &amp;#27;[0m&amp;#27;[36mI Sign Out&amp;#27;[0m                                                                                                         &amp;#27;[90m# Steps.iSignOut()&amp;#27;[0m
    &amp;#27;[36mAnd &amp;#27;[0m&amp;#27;[36mI Verify Successful Sign Out&amp;#27;[0m                                                                                       &amp;#27;[90m# Steps.iVerifySuccessfulSignOut()&amp;#27;[0m
    #    Applicant after under query
    &amp;#27;[36mGiven &amp;#27;[0m&amp;#27;[36mI am on SFWF Front Office Home Page GOC &quot;&amp;#27;[0m&amp;#27;[36m&amp;#27;[1mChrome&amp;#27;[0m&amp;#27;[36m&quot;&amp;#27;[0m                                                                 &amp;#27;[90m# Steps.iAmOnSFWFFrontOfficeHomePageGOC(String)&amp;#27;[0m
    &amp;#27;[36mWhen &amp;#27;[0m&amp;#27;[36mI Input Registered Maupass User&apos;s Username &quot;&amp;#27;[0m&amp;#27;[36m&amp;#27;[1mSuraj_Jo&amp;#27;[0m&amp;#27;[36m&quot; and Password &quot;&amp;#27;[0m&amp;#27;[36m&amp;#27;[1mAdmin@123&amp;#27;[0m&amp;#27;[36m&quot;&amp;#27;[0m                                    &amp;#27;[90m# Steps.iInputRegisteredMaupassUserSUsernameAndPassword(String,String)&amp;#27;[0m
    &amp;#27;[36mAnd &amp;#27;[0m&amp;#27;[36mI Click on Sign In button in Maupass&amp;#27;[0m                                                                               &amp;#27;[90m# Steps.iClickOnSignInButtonInMaupass()&amp;#27;[0m
    &amp;#27;[36mAnd &amp;#27;[0m&amp;#27;[36mI Verify Applicant&apos;s Successful Login&amp;#27;[0m                                                                              &amp;#27;[90m# Steps.iVerifyApplicantSSuccessfulLogin()&amp;#27;[0m
    &amp;#27;[36mAnd &amp;#27;[0m&amp;#27;[36mI Click on Register as Farmer&amp;#27;[0m                                                                                      &amp;#27;[90m# Steps.iClickOnRegisterAsFarmer()&amp;#27;[0m
    &amp;#27;[36mAnd &amp;#27;[0m&amp;#27;[36mI Verify that User is directed to My Application Page&amp;#27;[0m                                                              &amp;#27;[90m# Steps.iVerifyThatUserIsDirectedToMyApplicationPage()&amp;#27;[0m
    &amp;#27;[36mAnd &amp;#27;[0m&amp;#27;[36mI Verify display of Farmers Card link&amp;#27;[0m                                                                              &amp;#27;[90m# Steps.iVerifyDisplayOfFarmersCardLink()&amp;#27;[0m
    &amp;#27;[36mAnd &amp;#27;[0m&amp;#27;[36mI Verify Programmes link&amp;#27;[0m                                                                                           &amp;#27;[90m# Steps.iVerifyProgrammesLink()&amp;#27;[0m
    &amp;#27;[36mAnd &amp;#27;[0m&amp;#27;[36mI Search for Application Ref Number for re-submit&amp;#27;[0m                                                                  &amp;#27;[90m# Steps.iSearchForApplicationRefNumberForReSubmit()&amp;#27;[0m
    &amp;#27;[36mAnd &amp;#27;[0m&amp;#27;[36mI Verify display of REGISTRATION FOR AGRO-PROCESSING ENTERPRISE Page&amp;#27;[0m                                               &amp;#27;[90m# Steps.iVerifyDisplayOfREGISTRATIONFORAGROPROCESSINGENTERPRISEPage()&amp;#27;[0m
    &amp;#27;[36mAnd &amp;#27;[0m&amp;#27;[36mI Click on Save and Continue&amp;#27;[0m                                                                                       &amp;#27;[90m# Steps.iClickOnSaveAndContinue()&amp;#27;[0m
    &amp;#27;[36mAnd &amp;#27;[0m&amp;#27;[36mI Verify Upload Required Documents Page is displayed&amp;#27;[0m                                                               &amp;#27;[90m# Steps.iVerifyUploadRequiredDocumentsPageIsDisplayed()&amp;#27;[0m
    &amp;#27;[36mAnd &amp;#27;[0m&amp;#27;[36mI Click on Save and Continue&amp;#27;[0m                                                                                       &amp;#27;[90m# Steps.iClickOnSaveAndContinue()&amp;#27;[0m
    &amp;#27;[36mAnd &amp;#27;[0m&amp;#27;[36mI Verify Terms and Conditions Page&amp;#27;[0m                                                                                 &amp;#27;[90m# Steps.iVerifyTermsAndConditionsPage()&amp;#27;[0m
    &amp;#27;[36mAnd &amp;#27;[0m&amp;#27;[36mI Click on Submit Application &quot;&amp;#27;[0m&amp;#27;[36m&amp;#27;[1mYes&amp;#27;[0m&amp;#27;[36m&quot;&amp;#27;[0m                                                                                &amp;#27;[90m# Steps.iClickOnSubmitApplication(String)&amp;#27;[0m
    &amp;#27;[36mAnd &amp;#27;[0m&amp;#27;[36mI Verify Success message for application submitted&amp;#27;[0m                                                                 &amp;#27;[90m# Steps.iVerifySuccessMessageForApplicationSubmitted()&amp;#27;[0m
    &amp;#27;[36mAnd &amp;#27;[0m&amp;#27;[36mI Sign Out as Front Registered User&amp;#27;[0m                                                                                &amp;#27;[90m# Steps.iSignOutAsFrontRegisteredUser()&amp;#27;[0m
    #    WPO
    &amp;#27;[36mAnd &amp;#27;[0m&amp;#27;[36mI am on SFWF Back Office Home Page GOC &quot;&amp;#27;[0m&amp;#27;[36m&amp;#27;[1mChrome&amp;#27;[0m&amp;#27;[36m&quot;&amp;#27;[0m                                                                    &amp;#27;[90m# Steps.iAmOnSFWFBackOfficeHomePageGOC(String)&amp;#27;[0m
    &amp;#27;[36mAnd &amp;#27;[0m&amp;#27;[36mI Input WPO Username &quot;&amp;#27;[0m&amp;#27;[36m&amp;#27;[1mWPO&amp;#27;[0m&amp;#27;[36m&quot; and Password &quot;&amp;#27;[0m&amp;#27;[36m&amp;#27;[1mAdmin@123&amp;#27;[0m&amp;#27;[36m&quot;&amp;#27;[0m                                                                &amp;#27;[90m# Steps.iInputWPOUsernameAndPassword(String,String)&amp;#27;[0m
    &amp;#27;[36mAnd &amp;#27;[0m&amp;#27;[36mI Click on Sign In button&amp;#27;[0m                                                                                          &amp;#27;[90m# Steps.iClickOnSignInButton()&amp;#27;[0m
    &amp;#27;[36mAnd &amp;#27;[0m&amp;#27;[36mI Verify Successful Login&amp;#27;[0m                                                                                          &amp;#27;[90m# Steps.IVerifySuccessfulLogin()&amp;#27;[0m
    &amp;#27;[36mAnd &amp;#27;[0m&amp;#27;[36mI Click on All Applications&amp;#27;[0m                                                                                        &amp;#27;[90m# Steps.iClickOnAllApplications()&amp;#27;[0m
    &amp;#27;[36mAnd &amp;#27;[0m&amp;#27;[36mI Verify display of list of registrations page&amp;#27;[0m                                                                     &amp;#27;[90m# Steps.iVerifyDisplayOfListOfRegistrationsPage()&amp;#27;[0m
    &amp;#27;[36mAnd &amp;#27;[0m&amp;#27;[36mI Search for Application Ref Number as a Back Office User&amp;#27;[0m                                                          &amp;#27;[90m# Steps.iSearchForApplicationRefNumberAsABackOfficeUser()&amp;#27;[0m
    &amp;#27;[36mAnd &amp;#27;[0m&amp;#27;[36mI Click to view Application&amp;#27;[0m                                                                                        &amp;#27;[90m# Steps.iClickToViewApplication()&amp;#27;[0m
    &amp;#27;[36mAnd &amp;#27;[0m&amp;#27;[36mI Click on Action Button&amp;#27;[0m                                                                                           &amp;#27;[90m# Steps.iClickOnActionButton()&amp;#27;[0m
    &amp;#27;[36mAnd &amp;#27;[0m&amp;#27;[36mI Select Approved to approve the registration application&amp;#27;[0m                                                          &amp;#27;[90m# Steps.iSelectApprovedToApproveTheRegistrationApplication()&amp;#27;[0m
    &amp;#27;[36mAnd &amp;#27;[0m&amp;#27;[36mI Input Remarks &quot;&amp;#27;[0m&amp;#27;[36m&amp;#27;[1mThis is a test&amp;#27;[0m&amp;#27;[36m&quot;&amp;#27;[0m                                                                                   &amp;#27;[90m# Steps.iInputRemarks(String)&amp;#27;[0m
    &amp;#27;[36mAnd &amp;#27;[0m&amp;#27;[36mI Click on Save Actions&amp;#27;[0m                                                                                            &amp;#27;[90m# Steps.iClickOnSaveActions()&amp;#27;[0m
    &amp;#27;[36mAnd &amp;#27;[0m&amp;#27;[36mI Verify for success message for approval&amp;#27;[0m                                                                          &amp;#27;[90m# Steps.iVerifyForSuccessMessageForApproval()&amp;#27;[0m
    &amp;#27;[36mAnd &amp;#27;[0m&amp;#27;[36mI Sign Out&amp;#27;[0m                                                                                                         &amp;#27;[90m# Steps.iSignOut()&amp;#27;[0m
    &amp;#27;[36mAnd &amp;#27;[0m&amp;#27;[36mI Verify Successful Sign Out&amp;#27;[0m                                                                                       &amp;#27;[90m# Steps.iVerifySuccessfulSignOut()&amp;#27;[0m
    #    IT Department
    &amp;#27;[36mAnd &amp;#27;[0m&amp;#27;[36mI am on SFWF Back Office Home Page GOC &quot;&amp;#27;[0m&amp;#27;[36m&amp;#27;[1mChrome&amp;#27;[0m&amp;#27;[36m&quot;&amp;#27;[0m                                                                    &amp;#27;[90m# Steps.iAmOnSFWFBackOfficeHomePageGOC(String)&amp;#27;[0m
    &amp;#27;[36mAnd &amp;#27;[0m&amp;#27;[36mI Input IT Department Username &quot;&amp;#27;[0m&amp;#27;[36m&amp;#27;[1mIT_DEPT&amp;#27;[0m&amp;#27;[36m&quot; and Password &quot;&amp;#27;[0m&amp;#27;[36m&amp;#27;[1mAdmin@123&amp;#27;[0m&amp;#27;[36m&quot;&amp;#27;[0m                                                  &amp;#27;[90m# Steps.iInputITDepartmentUsernameAndPassword(String,String)&amp;#27;[0m
    &amp;#27;[36mAnd &amp;#27;[0m&amp;#27;[36mI Click on Sign In button&amp;#27;[0m                                                                                          &amp;#27;[90m# Steps.iClickOnSignInButton()&amp;#27;[0m
    &amp;#27;[36mAnd &amp;#27;[0m&amp;#27;[36mI Verify Successful Login&amp;#27;[0m                                                                                          &amp;#27;[90m# Steps.IVerifySuccessfulLogin()&amp;#27;[0m
    &amp;#27;[36mAnd &amp;#27;[0m&amp;#27;[36mI Click on All Applications&amp;#27;[0m                                                                                        &amp;#27;[90m# Steps.iClickOnAllApplications()&amp;#27;[0m
    &amp;#27;[36mAnd &amp;#27;[0m&amp;#27;[36mI Verify display of list of registrations page&amp;#27;[0m                                                                     &amp;#27;[90m# Steps.iVerifyDisplayOfListOfRegistrationsPage()&amp;#27;[0m
    &amp;#27;[36mAnd &amp;#27;[0m&amp;#27;[36mI Search for Application Ref Number as a Back Office User&amp;#27;[0m                                                          &amp;#27;[90m# Steps.iSearchForApplicationRefNumberAsABackOfficeUser()&amp;#27;[0m
    &amp;#27;[36mAnd &amp;#27;[0m&amp;#27;[36mI Click to view Application&amp;#27;[0m                                                                                        &amp;#27;[90m# Steps.iClickToViewApplication()&amp;#27;[0m
    &amp;#27;[36mAnd &amp;#27;[0m&amp;#27;[36mI Click on Print Card&amp;#27;[0m                                                                                              &amp;#27;[90m# Steps.iClickOnPrintCard()&amp;#27;[0m
    &amp;#27;[36mAnd &amp;#27;[0m&amp;#27;[36mI Sign Out&amp;#27;[0m                                                                                                         &amp;#27;[90m# Steps.iSignOut()&amp;#27;[0m
    &amp;#27;[36mAnd &amp;#27;[0m&amp;#27;[36mI Verify Successful Sign Out&amp;#27;[0m                                                                                       &amp;#27;[90m# Steps.iVerifySuccessfulSignOut()&amp;#27;[0m
    #    Applicant verify status - Card Printed
    &amp;#27;[36mGiven &amp;#27;[0m&amp;#27;[36mI am on SFWF Front Office Home Page GOC &quot;&amp;#27;[0m&amp;#27;[36m&amp;#27;[1mChrome&amp;#27;[0m&amp;#27;[36m&quot;&amp;#27;[0m                                                                 &amp;#27;[90m# Steps.iAmOnSFWFFrontOfficeHomePageGOC(String)&amp;#27;[0m
    &amp;#27;[36mWhen &amp;#27;[0m&amp;#27;[36mI Input Registered Maupass User&apos;s Username &quot;&amp;#27;[0m&amp;#27;[36m&amp;#27;[1mSuraj_Jo&amp;#27;[0m&amp;#27;[36m&quot; and Password &quot;&amp;#27;[0m&amp;#27;[36m&amp;#27;[1mAdmin@123&amp;#27;[0m&amp;#27;[36m&quot;&amp;#27;[0m                                    &amp;#27;[90m# Steps.iInputRegisteredMaupassUserSUsernameAndPassword(String,String)&amp;#27;[0m
[...]
Session ID: 1726ba680efc265e954085675fb187d7
	at sun.reflect.NativeConstructorAccessorImpl.newInstance0(Native Method)
	at sun.reflect.NativeConstructorAccessorImpl.newInstance(NativeConstructorAccessorImpl.java:62)
	at sun.reflect.DelegatingConstructorAccessorImpl.newInstance(DelegatingConstructorAccessorImpl.java:45)
	at java.lang.reflect.Constructor.newInstance(Constructor.java:423)
	at org.openqa.selenium.remote.http.W3CHttpResponseCodec.createException(W3CHttpResponseCodec.java:150)
	at org.openqa.selenium.remote.http.W3CHttpResponseCodec.decode(W3CHttpResponseCodec.java:115)
	at org.openqa.selenium.remote.http.W3CHttpResponseCodec.decode(W3CHttpResponseCodec.java:45)
	at org.openqa.selenium.remote.HttpCommandExecutor.execute(HttpCommandExecutor.java:164)
	at org.openqa.selenium.remote.service.DriverCommandExecutor.execute(DriverCommandExecutor.java:82)
	at org.openqa.selenium.remote.RemoteWebDriver.execute(RemoteWebDriver.java:637)
	at org.openqa.selenium.remote.RemoteWebElement.execute(RemoteWebElement.java:272)
	at org.openqa.selenium.remote.RemoteWebElement.click(RemoteWebElement.java:82)
	at stepdefinition.Steps.iVerifyForDocumentUploadSuccessMessage(Steps.java:733)
	at ?.And I Verify for Document Upload Success Message(features/US13280_GOC.feature:1838)

org.openqa.selenium.ElementNotInteractableException: element not interactable
  (Session info: chrome=129.0.6668.100)
Build info: version: &apos;3.4.0&apos;, revision: &apos;unknown&apos;, time: &apos;unknown&apos;
System info: host: &apos;SIL-LTDELLI7-G6&apos;, ip: &apos;192.168.8.46&apos;, os.name: &apos;Windows 11&apos;, os.arch: &apos;amd64&apos;, os.version: &apos;10.0&apos;, java.version: &apos;1.8.0_371&apos;
Driver info: org.openqa.selenium.chrome.ChromeDriver
Capabilities [{networkConnectionEnabled=false, chrome={chromedriverVersion=129.0.6668.100 (cf58cba358d31ce285c1970a79a9411d0fb381a5-refs/branch-heads/6668@{#1704}), userDataDir=C:\Users\SURAJ~1.JOG\AppData\Local\Temp\scoped_dir30788_1085619848}, timeouts={implicit=0.0, pageLoad=300000.0, script=30000.0}, pageLoadStrategy=normal, unhandledPromptBehavior=dismiss and notify, strictFileInteractability=false, platform=ANY, proxy=Proxy(), webauthn:extension:minPinLength=true, goog:chromeOptions={debuggerAddress=localhost:65497}, webauthn:extension:credBlob=true, webauthn:extension:prf=true, acceptInsecureCerts=false, browserVersion=129.0.6668.100, fedcm:accounts=true, browserName=chrome, javascriptEnabled=true, platformName=windows, setWindowRect=true, webauthn:extension:largeBlob=true, webauthn:virtualAuthenticators=true}]
Session ID: 18408f8142fa26daac63104d4cba9888
	at sun.reflect.NativeConstructorAccessorImpl.newInstance0(Native Method)
	at sun.reflect.NativeConstructorAccessorImpl.newInstance(NativeConstructorAccessorImpl.java:62)
	at sun.reflect.DelegatingConstructorAccessorImpl.newInstance(DelegatingConstructorAccessorImpl.java:45)
	at java.lang.reflect.Constructor.newInstance(Constructor.java:423)
	at org.openqa.selenium.remote.http.W3CHttpResponseCodec.createException(W3CHttpResponseCodec.java:150)
	at org.openqa.selenium.remote.http.W3CHttpResponseCodec.decode(W3CHttpResponseCodec.java:115)
	at org.openqa.selenium.remote.http.W3CHttpResponseCodec.decode(W3CHttpResponseCodec.java:45)
	at org.openqa.selenium.remote.HttpCommandExecutor.execute(HttpCommandExecutor.java:164)
	at org.openqa.selenium.remote.service.DriverCommandExecutor.execute(DriverCommandExecutor.java:82)
	at org.openqa.selenium.remote.RemoteWebDriver.execute(RemoteWebDriver.java:637)
	at org.openqa.selenium.remote.RemoteWebElement.execute(RemoteWebElement.java:272)
	at org.openqa.selenium.remote.RemoteWebElement.click(RemoteWebElement.java:82)
	at stepdefinition.Steps.iVerifyForDocumentUploadSuccessMessage(Steps.java:733)
	at ?.And I Verify for Document Upload Success Message(features/US13280_GOC.feature:2081)

</system-out>
    <system-err>SLF4J: No SLF4J providers were found.
SLF4J: Defaulting to no-operation (NOP) logger implementation
SLF4J: See https://www.slf4j.org/codes.html#noProviders for further details.
Starting ChromeDriver 129.0.6668.100 (cf58cba358d31ce285c1970a79a9411d0fb381a5-refs/branch-heads/6668@{#1704}) on port 9930
Only local connections are allowed.
Please see https://chromedriver.chromium.org/security-considerations for suggestions on keeping ChromeDriver safe.
ChromeDriver was started successfully on port 9930.
Oct 15, 2024 4:04:24 PM org.openqa.selenium.remote.ProtocolHandshake createSession
INFO: Detected dialect: W3C
Starting ChromeDriver 129.0.6668.100 (cf58cba358d31ce285c1970a79a9411d0fb381a5-refs/branch-heads/6668@{#1704}) on port 53711
Only local connections are allowed.
Please see https://chromedriver.chromium.org/security-considerations for suggestions on keeping ChromeDriver safe.
ChromeDriver was started successfully on port 53711.
Oct 15, 2024 4:05:12 PM org.openqa.selenium.remote.ProtocolHandshake createSession
INFO: Detected dialect: W3C
Starting ChromeDriver 129.0.6668.100 (cf58cba358d31ce285c1970a79a9411d0fb381a5-refs/branch-heads/6668@{#1704}) on port 7754
Only local connections are allowed.
Please see https://chromedriver.chromium.org/security-considerations for suggestions on keeping ChromeDriver safe.
ChromeDriver was started successfully on port 7754.
Oct 15, 2024 4:06:00 PM org.openqa.selenium.remote.ProtocolHandshake createSession
INFO: Detected dialect: W3C
Starting ChromeDriver 129.0.6668.100 (cf58cba358d31ce285c1970a79a9411d0fb381a5-refs/branch-heads/6668@{#1704}) on port 54276
Only local connections are allowed.
Please see https://chromedriver.chromium.org/security-considerations for suggestions on keeping ChromeDriver safe.
ChromeDriver was started successfully on port 54276.
Oct 15, 2024 4:06:47 PM org.openqa.selenium.remote.ProtocolHandshake createSession
INFO: Detected dialect: W3C
Starting ChromeDriver 129.0.6668.100 (cf58cba358d31ce285c1970a79a9411d0fb381a5-refs/branch-heads/6668@{#1704}) on port 11939
Only local connections are allowed.
Please see https://chromedriver.chromium.org/security-considerations for suggestions on keeping ChromeDriver safe.
ChromeDriver was started successfully on port 11939.
Oct 15, 2024 4:07:33 PM org.openqa.selenium.remote.ProtocolHandshake createSession
INFO: Detected dialect: W3C
Starting ChromeDriver 129.0.6668.100 (cf58cba358d31ce285c1970a79a9411d0fb381a5-refs/branch-heads/6668@{#1704}) on port 36842
Only local connections are allowed.
Please see https://chromedriver.chromium.org/security-considerations for suggestions on keeping ChromeDriver safe.
ChromeDriver was started successfully on port 36842.
Oct 15, 2024 4:09:54 PM org.openqa.selenium.remote.ProtocolHandshake createSession
INFO: Detected dialect: W3C
Starting ChromeDriver 129.0.6668.100 (cf58cba358d31ce285c1970a79a9411d0fb381a5-refs/branch-heads/6668@{#1704}) on port 6802
Only local connections are allowed.
Please see https://chromedriver.chromium.org/security-considerations for suggestions on keeping ChromeDriver safe.
ChromeDriver was started successfully on port 6802.
Oct 15, 2024 4:10:20 PM org.openqa.selenium.remote.ProtocolHandshake createSession
INFO: Detected dialect: W3C
Starting ChromeDriver 129.0.6668.100 (cf58cba358d31ce285c1970a79a9411d0fb381a5-refs/branch-heads/6668@{#1704}) on port 6235
Only local connections are allowed.
Please see https://chromedriver.chromium.org/security-considerations for suggestions on keeping ChromeDriver safe.
ChromeDriver was started successfully on port 6235.
Oct 15, 2024 4:10:59 PM org.openqa.selenium.remote.ProtocolHandshake createSession
INFO: Detected dialect: W3C
Starting ChromeDriver 129.0.6668.100 (cf58cba358d31ce285c1970a79a9411d0fb381a5-refs/branch-heads/6668@{#1704}) on port 45851
Only local connections are allowed.
Please see https://chromedriver.chromium.org/security-considerations for suggestions on keeping ChromeDriver safe.
ChromeDriver was started successfully on port 45851.
Oct 15, 2024 4:11:36 PM org.openqa.selenium.remote.ProtocolHandshake createSession
INFO: Detected dialect: W3C
Starting ChromeDriver 129.0.6668.100 (cf58cba358d31ce285c1970a79a9411d0fb381a5-refs/branch-heads/6668@{#1704}) on port 29837
Only local connections are allowed.
Please see https://chromedriver.chromium.org/security-considerations for suggestions on keeping ChromeDriver safe.
ChromeDriver was started successfully on port 29837.
Oct 15, 2024 4:12:50 PM org.openqa.selenium.remote.ProtocolHandshake createSession
INFO: Detected dialect: W3C
Starting ChromeDriver 129.0.6668.100 (cf58cba358d31ce285c1970a79a9411d0fb381a5-refs/branch-heads/6668@{#1704}) on port 16201
Only local connections are allowed.
Please see https://chromedriver.chromium.org/security-considerations for suggestions on keeping ChromeDriver safe.
ChromeDriver was started successfully on port 16201.
Oct 15, 2024 4:13:17 PM org.openqa.selenium.remote.ProtocolHandshake createSession
INFO: Detected dialect: W3C
Starting ChromeDriver 129.0.6668.100 (cf58cba358d31ce285c1970a79a9411d0fb381a5-refs/branch-heads/6668@{#1704}) on port 12310
Only local connections are allowed.
Please see https://chromedriver.chromium.org/security-considerations for suggestions on keeping ChromeDriver safe.
ChromeDriver was started successfully on port 12310.
Oct 15, 2024 4:14:27 PM org.openqa.selenium.remote.ProtocolHandshake createSession
INFO: Detected dialect: W3C
Starting ChromeDriver 129.0.6668.100 (cf58cba358d31ce285c1970a79a9411d0fb381a5-refs/branch-heads/6668@{#1704}) on port 37536
Only local connections are allowed.
Please see https://chromedriver.chromium.org/security-considerations for suggestions on keeping ChromeDriver safe.
ChromeDriver was started successfully on port 37536.
Oct 15, 2024 4:15:03 PM org.openqa.selenium.remote.ProtocolHandshake createSession
INFO: Detected dialect: W3C
Starting ChromeDriver 129.0.6668.100 (cf58cba358d31ce285c1970a79a9411d0fb381a5-refs/branch-heads/6668@{#1704}) on port 38339
Only local connections are allowed.
Please see https://chromedriver.chromium.org/security-considerations for suggestions on keeping ChromeDriver safe.
ChromeDriver was started successfully on port 38339.
Oct 15, 2024 4:15:30 PM org.openqa.selenium.remote.ProtocolHandshake createSession
INFO: Detected dialect: W3C
Starting ChromeDriver 129.0.6668.100 (cf58cba358d31ce285c1970a79a9411d0fb381a5-refs/branch-heads/6668@{#1704}) on port 40859
Only local connections are allowed.
Please see https://chromedriver.chromium.org/security-considerations for suggestions on keeping ChromeDriver safe.
ChromeDriver was started successfully on port 40859.
Oct 15, 2024 4:15:56 PM org.openqa.selenium.remote.ProtocolHandshake createSession
INFO: Detected dialect: W3C
Starting ChromeDriver 129.0.6668.100 (cf58cba358d31ce285c1970a79a9411d0fb381a5-refs/branch-heads/6668@{#1704}) on port 30906
Only local connections are allowed.
Please see https://chromedriver.chromium.org/security-considerations for suggestions on keeping ChromeDriver safe.
ChromeDriver was started successfully on port 30906.
Oct 15, 2024 4:18:29 PM org.openqa.selenium.remote.ProtocolHandshake createSession
INFO: Detected dialect: W3C
Starting ChromeDriver 129.0.6668.100 (cf58cba358d31ce285c1970a79a9411d0fb381a5-refs/branch-heads/6668@{#1704}) on port 9471
Only local connections are allowed.
Please see https://chromedriver.chromium.org/security-considerations for suggestions on keeping ChromeDriver safe.
ChromeDriver was started successfully on port 9471.
Oct 15, 2024 4:19:09 PM org.openqa.selenium.remote.ProtocolHandshake createSession
INFO: Detected dialect: W3C
Starting ChromeDriver 129.0.6668.100 (cf58cba358d31ce285c1970a79a9411d0fb381a5-refs/branch-heads/6668@{#1704}) on port 29969
Only local connections are allowed.
Please see https://chromedriver.chromium.org/security-considerations for suggestions on keeping ChromeDriver safe.
ChromeDriver was started successfully on port 29969.
Oct 15, 2024 4:19:48 PM org.openqa.selenium.remote.ProtocolHandshake createSession
INFO: Detected dialect: W3C
Starting ChromeDriver 129.0.6668.100 (cf58cba358d31ce285c1970a79a9411d0fb381a5-refs/branch-heads/6668@{#1704}) on port 39301
Only local connections are allowed.
Please see https://chromedriver.chromium.org/security-considerations for suggestions on keeping ChromeDriver safe.
ChromeDriver was started successfully on port 39301.
Oct 15, 2024 4:20:57 PM org.openqa.selenium.remote.ProtocolHandshake createSession
INFO: Detected dialect: W3C
Starting ChromeDriver 129.0.6668.100 (cf58cba358d31ce285c1970a79a9411d0fb381a5-refs/branch-heads/6668@{#1704}) on port 10037
Only local connections are allowed.
Please see https://chromedriver.chromium.org/security-considerations for suggestions on keeping ChromeDriver safe.
ChromeDriver was started successfully on port 10037.
Oct 15, 2024 4:21:24 PM org.openqa.selenium.remote.ProtocolHandshake createSession
INFO: Detected dialect: W3C
Starting ChromeDriver 129.0.6668.100 (cf58cba358d31ce285c1970a79a9411d0fb381a5-refs/branch-heads/6668@{#1704}) on port 43567
Only local connections are allowed.
Please see https://chromedriver.chromium.org/security-considerations for suggestions on keeping ChromeDriver safe.
ChromeDriver was started successfully on port 43567.
Oct 15, 2024 4:22:31 PM org.openqa.selenium.remote.ProtocolHandshake createSession
INFO: Detected dialect: W3C
Starting ChromeDriver 129.0.6668.100 (cf58cba358d31ce285c1970a79a9411d0fb381a5-refs/branch-heads/6668@{#1704}) on port 52949
Only local connections are allowed.
Please see https://chromedriver.chromium.org/security-considerations for suggestions on keeping ChromeDriver safe.
ChromeDriver was started successfully on port 52949.
Oct 15, 2024 4:23:05 PM org.openqa.selenium.remote.ProtocolHandshake createSession
INFO: Detected dialect: W3C
Starting ChromeDriver 129.0.6668.100 (cf58cba358d31ce285c1970a79a9411d0fb381a5-refs/branch-heads/6668@{#1704}) on port 24678
Only local connections are allowed.
Please see https://chromedriver.chromium.org/security-considerations for suggestions on keeping ChromeDriver safe.
ChromeDriver was started successfully on port 24678.
Oct 15, 2024 4:23:29 PM org.openqa.selenium.remote.ProtocolHandshake createSession
INFO: Detected dialect: W3C
Starting ChromeDriver 129.0.6668.100 (cf58cba358d31ce285c1970a79a9411d0fb381a5-refs/branch-heads/6668@{#1704}) on port 9775
Only local connections are allowed.
Please see https://chromedriver.chromium.org/security-considerations for suggestions on keeping ChromeDriver safe.
ChromeDriver was started successfully on port 9775.
Oct 15, 2024 4:23:55 PM org.openqa.selenium.remote.ProtocolHandshake createSession
INFO: Detected dialect: W3C
Starting ChromeDriver 129.0.6668.100 (cf58cba358d31ce285c1970a79a9411d0fb381a5-refs/branch-heads/6668@{#1704}) on port 11993
Only local connections are allowed.
Please see https://chromedriver.chromium.org/security-considerations for suggestions on keeping ChromeDriver safe.
ChromeDriver was started successfully on port 11993.
Oct 15, 2024 4:26:14 PM org.openqa.selenium.remote.ProtocolHandshake createSession
INFO: Detected dialect: W3C
Starting ChromeDriver 129.0.6668.100 (cf58cba358d31ce285c1970a79a9411d0fb381a5-refs/branch-heads/6668@{#1704}) on port 21045
Only local connections are allowed.
Please see https://chromedriver.chromium.org/security-considerations for suggestions on keeping ChromeDriver safe.
ChromeDriver was started successfully on port 21045.
Oct 15, 2024 4:26:42 PM org.openqa.selenium.remote.ProtocolHandshake createSession
INFO: Detected dialect: W3C
Starting ChromeDriver 129.0.6668.100 (cf58cba358d31ce285c1970a79a9411d0fb381a5-refs/branch-heads/6668@{#1704}) on port 52631
Only local connections are allowed.
Please see https://chromedriver.chromium.org/security-considerations for suggestions on keeping ChromeDriver safe.
ChromeDriver was started successfully on port 52631.
Oct 15, 2024 4:27:20 PM org.openqa.selenium.remote.ProtocolHandshake createSession
INFO: Detected dialect: W3C
Starting ChromeDriver 129.0.6668.100 (cf58cba358d31ce285c1970a79a9411d0fb381a5-refs/branch-heads/6668@{#1704}) on port 32359
Only local connections are allowed.
Please see https://chromedriver.chromium.org/security-considerations for suggestions on keeping ChromeDriver safe.
ChromeDriver was started successfully on port 32359.
Oct 15, 2024 4:27:58 PM org.openqa.selenium.remote.ProtocolHandshake createSession
INFO: Detected dialect: W3C
Starting ChromeDriver 129.0.6668.100 (cf58cba358d31ce285c1970a79a9411d0fb381a5-refs/branch-heads/6668@{#1704}) on port 15494
Only local connections are allowed.
Please see https://chromedriver.chromium.org/security-considerations for suggestions on keeping ChromeDriver safe.
ChromeDriver was started successfully on port 15494.
Oct 15, 2024 4:28:17 PM org.openqa.selenium.remote.ProtocolHandshake createSession
INFO: Detected dialect: W3C
Starting ChromeDriver 129.0.6668.100 (cf58cba358d31ce285c1970a79a9411d0fb381a5-refs/branch-heads/6668@{#1704}) on port 10988
Only local connections are allowed.
Please see https://chromedriver.chromium.org/security-considerations for suggestions on keeping ChromeDriver safe.
ChromeDriver was started successfully on port 10988.
Oct 15, 2024 4:30:42 PM org.openqa.selenium.remote.ProtocolHandshake createSession
INFO: Detected dialect: W3C
Starting ChromeDriver 129.0.6668.100 (cf58cba358d31ce285c1970a79a9411d0fb381a5-refs/branch-heads/6668@{#1704}) on port 27050
Only local connections are allowed.
Please see https://chromedriver.chromium.org/security-considerations for suggestions on keeping ChromeDriver safe.
ChromeDriver was started successfully on port 27050.
Oct 15, 2024 4:31:21 PM org.openqa.selenium.remote.ProtocolHandshake createSession
INFO: Detected dialect: W3C
Starting ChromeDriver 129.0.6668.100 (cf58cba358d31ce285c1970a79a9411d0fb381a5-refs/branch-heads/6668@{#1704}) on port 25576
Only local connections are allowed.
Please see https://chromedriver.chromium.org/security-considerations for suggestions on keeping ChromeDriver safe.
ChromeDriver was started successfully on port 25576.
Oct 15, 2024 4:31:57 PM org.openqa.selenium.remote.ProtocolHandshake createSession
INFO: Detected dialect: W3C
Starting ChromeDriver 129.0.6668.100 (cf58cba358d31ce285c1970a79a9411d0fb381a5-refs/branch-heads/6668@{#1704}) on port 29340
Only local connections are allowed.
Please see https://chromedriver.chromium.org/security-considerations for suggestions on keeping ChromeDriver safe.
ChromeDriver was started successfully on port 29340.
Oct 15, 2024 4:32:16 PM org.openqa.selenium.remote.ProtocolHandshake createSession
INFO: Detected dialect: W3C
Starting ChromeDriver 129.0.6668.100 (cf58cba358d31ce285c1970a79a9411d0fb381a5-refs/branch-heads/6668@{#1704}) on port 61862
Only local connections are allowed.
Please see https://chromedriver.chromium.org/security-considerations for suggestions on keeping ChromeDriver safe.
ChromeDriver was started successfully on port 61862.
Oct 15, 2024 4:33:51 PM org.openqa.selenium.remote.ProtocolHandshake createSession
INFO: Detected dialect: W3C
log4j:WARN No appenders could be found for logger (freemarker.cache).
log4j:WARN Please initialize the log4j system properly.
</system-err>
  </testcase>
</testsuite>