<?xml version="1.0" encoding="UTF-8" ?>
<testsuite tests="1" failures="1" name="cucumbertest.TestRunner_web" time="362.684" errors="0" skipped="0">
  <properties>
[...]
</properties>
  <testcase classname="cucumbertest.TestRunner_web" name="runCukes" time="362.684">
    <failure message="org.openqa.selenium.NoSuchElementException: no such element: Unable to locate element: {&quot;method&quot;:&quot;xpath&quot;,&quot;selector&quot;:&quot;//span[contains(text(),&apos;Save and Continue&apos;)]&quot;}
  (Session info: chrome=129.0.6668.60)
For documentation on this error, please visit: http://seleniumhq.org/exceptions/no_such_element.html
Build info: version: &apos;3.4.0&apos;, revision: &apos;unknown&apos;, time: &apos;unknown&apos;
System info: host: &apos;SIL-LTDELLI7-G6&apos;, ip: &apos;130.1.19.132&apos;, os.name: &apos;Windows 11&apos;, os.arch: &apos;amd64&apos;, os.version: &apos;10.0&apos;, java.version: &apos;1.8.0_371&apos;
Driver info: org.openqa.selenium.chrome.ChromeDriver
Capabilities [{networkConnectionEnabled=false, chrome={chromedriverVersion=129.0.6668.89 (951c0b97221f8d4ba37cf97d324505c832251cf9-refs/branch-heads/6668@{#1503}), userDataDir=C:\Users\SURAJ~1.JOG\AppData\Local\Temp\scoped_dir35568_760835912}, timeouts={implicit=0.0, pageLoad=300000.0, script=30000.0}, pageLoadStrategy=normal, unhandledPromptBehavior=dismiss and notify, strictFileInteractability=false, platform=ANY, proxy=Proxy(), webauthn:extension:minPinLength=true, goog:chromeOptions={debuggerAddress=localhost:50734}, webauthn:extension:credBlob=true, webauthn:extension:prf=true, acceptInsecureCerts=false, browserVersion=129.0.6668.60, fedcm:accounts=true, browserName=chrome, javascriptEnabled=true, platformName=windows, setWindowRect=true, webauthn:extension:largeBlob=true, webauthn:virtualAuthenticators=true}]
Session ID: 5008aa0ee60d2ed779132b50fbda8678
*** Element info: {Using=xpath, value=//span[contains(text(),&apos;Save and Continue&apos;)]}" type="cucumber.runtime.CucumberException">cucumber.runtime.CucumberException: org.openqa.selenium.NoSuchElementException: no such element: Unable to locate element: {&quot;method&quot;:&quot;xpath&quot;,&quot;selector&quot;:&quot;//span[contains(text(),&apos;Save and Continue&apos;)]&quot;}
  (Session info: chrome=129.0.6668.60)
For documentation on this error, please visit: http://seleniumhq.org/exceptions/no_such_element.html
Build info: version: &apos;3.4.0&apos;, revision: &apos;unknown&apos;, time: &apos;unknown&apos;
System info: host: &apos;SIL-LTDELLI7-G6&apos;, ip: &apos;130.1.19.132&apos;, os.name: &apos;Windows 11&apos;, os.arch: &apos;amd64&apos;, os.version: &apos;10.0&apos;, java.version: &apos;1.8.0_371&apos;
Driver info: org.openqa.selenium.chrome.ChromeDriver
Capabilities [{networkConnectionEnabled=false, chrome={chromedriverVersion=129.0.6668.89 (951c0b97221f8d4ba37cf97d324505c832251cf9-refs/branch-heads/6668@{#1503}), userDataDir=C:\Users\SURAJ~1.JOG\AppData\Local\Temp\scoped_dir35568_760835912}, timeouts={implicit=0.0, pageLoad=300000.0, script=30000.0}, pageLoadStrategy=normal, unhandledPromptBehavior=dismiss and notify, strictFileInteractability=false, platform=ANY, proxy=Proxy(), webauthn:extension:minPinLength=true, goog:chromeOptions={debuggerAddress=localhost:50734}, webauthn:extension:credBlob=true, webauthn:extension:prf=true, acceptInsecureCerts=false, browserVersion=129.0.6668.60, fedcm:accounts=true, browserName=chrome, javascriptEnabled=true, platformName=windows, setWindowRect=true, webauthn:extension:largeBlob=true, webauthn:virtualAuthenticators=true}]
Session ID: 5008aa0ee60d2ed779132b50fbda8678
*** Element info: {Using=xpath, value=//span[contains(text(),&apos;Save and Continue&apos;)]}
	at cucumber.api.testng.TestNGCucumberRunner.runCukes(TestNGCucumberRunner.java:57)
	at cucumbertest.TestRunner_web.runCukes(TestRunner_web.java:25)
Caused by: org.openqa.selenium.NoSuchElementException: no such element: Unable to locate element: {&quot;method&quot;:&quot;xpath&quot;,&quot;selector&quot;:&quot;//span[contains(text(),&apos;Save and Continue&apos;)]&quot;}
  (Session info: chrome=129.0.6668.60)
For documentation on this error, please visit: http://seleniumhq.org/exceptions/no_such_element.html
Build info: version: &apos;3.4.0&apos;, revision: &apos;unknown&apos;, time: &apos;unknown&apos;
System info: host: &apos;SIL-LTDELLI7-G6&apos;, ip: &apos;130.1.19.132&apos;, os.name: &apos;Windows 11&apos;, os.arch: &apos;amd64&apos;, os.version: &apos;10.0&apos;, java.version: &apos;1.8.0_371&apos;
Driver info: org.openqa.selenium.chrome.ChromeDriver
Capabilities [{networkConnectionEnabled=false, chrome={chromedriverVersion=129.0.6668.89 (951c0b97221f8d4ba37cf97d324505c832251cf9-refs/branch-heads/6668@{#1503}), userDataDir=C:\Users\SURAJ~1.JOG\AppData\Local\Temp\scoped_dir35568_760835912}, timeouts={implicit=0.0, pageLoad=300000.0, script=30000.0}, pageLoadStrategy=normal, unhandledPromptBehavior=dismiss and notify, strictFileInteractability=false, platform=ANY, proxy=Proxy(), webauthn:extension:minPinLength=true, goog:chromeOptions={debuggerAddress=localhost:50734}, webauthn:extension:credBlob=true, webauthn:extension:prf=true, acceptInsecureCerts=false, browserVersion=129.0.6668.60, fedcm:accounts=true, browserName=chrome, javascriptEnabled=true, platformName=windows, setWindowRect=true, webauthn:extension:largeBlob=true, webauthn:virtualAuthenticators=true}]
Session ID: 5008aa0ee60d2ed779132b50fbda8678
*** Element info: {Using=xpath, value=//span[contains(text(),&apos;Save and Continue&apos;)]}
	at sun.reflect.NativeConstructorAccessorImpl.newInstance0(Native Method)
	at sun.reflect.NativeConstructorAccessorImpl.newInstance(NativeConstructorAccessorImpl.java:62)
	at sun.reflect.DelegatingConstructorAccessorImpl.newInstance(DelegatingConstructorAccessorImpl.java:45)
	at java.lang.reflect.Constructor.newInstance(Constructor.java:423)
	at org.openqa.selenium.remote.http.W3CHttpResponseCodec.createException(W3CHttpResponseCodec.java:150)
	at org.openqa.selenium.remote.http.W3CHttpResponseCodec.decode(W3CHttpResponseCodec.java:115)
	at org.openqa.selenium.remote.http.W3CHttpResponseCodec.decode(W3CHttpResponseCodec.java:45)
	at org.openqa.selenium.remote.HttpCommandExecutor.execute(HttpCommandExecutor.java:164)
	at org.openqa.selenium.remote.service.DriverCommandExecutor.execute(DriverCommandExecutor.java:82)
	at org.openqa.selenium.remote.RemoteWebDriver.execute(RemoteWebDriver.java:637)
	at org.openqa.selenium.remote.RemoteWebDriver.findElement(RemoteWebDriver.java:410)
	at org.openqa.selenium.remote.RemoteWebDriver.findElementByXPath(RemoteWebDriver.java:509)
	at org.openqa.selenium.By$ByXPath.findElement(By.java:361)
	at org.openqa.selenium.remote.RemoteWebDriver.findElement(RemoteWebDriver.java:402)
	at objectrepository.Farmers_cooperatives_association_society_company.Save_and_continue(Farmers_cooperatives_association_society_company.java:232)
	at stepdefinition.Steps.iClickOnSaveAndContinue(Steps.java:685)
	at ✽.And I Click on Save and Continue(features/US13280.feature:1553)
</failure>
    <system-out>Configuring TestNG with: org.apache.maven.surefire.testng.conf.TestNG652Configurator@2cfb4a64
#User Story 13280 - Back Office Process for Registration
@Main_feature @US13280 @Regression
Feature: User Story 13280 - Back Office Process for Registration

  #Scenario7
  @Approval_by_BO_Payment_at_counter_for_Tea_grower @Smoke_counter_Tea_grower
  Scenario Outline: Payment at counter for Registration as Tea Grower                       &amp;#27;[90m# features/US13280.feature:1384&amp;#27;[0m
    &amp;#27;[36mGiven &amp;#27;[0m&amp;#27;[36mI am on SFWF Front Office Home Page &quot;&lt;Browser&gt;&quot;&amp;#27;[0m
    &amp;#27;[36mWhen &amp;#27;[0m&amp;#27;[36mI Input Registered User&apos;s Username &quot;&lt;Username&gt;&quot; and Password &quot;&lt;Password&gt;&quot;&amp;#27;[0m
    &amp;#27;[36mAnd &amp;#27;[0m&amp;#27;[36mI Click on Sign In button&amp;#27;[0m
    &amp;#27;[36mAnd &amp;#27;[0m&amp;#27;[36mI Verify Applicant&apos;s Successful Login&amp;#27;[0m
    &amp;#27;[36mAnd &amp;#27;[0m&amp;#27;[36mI Click on Register as Farmer&amp;#27;[0m
    &amp;#27;[36mAnd &amp;#27;[0m&amp;#27;[36mI Verify that User is directed to My Application Page&amp;#27;[0m
    &amp;#27;[36mAnd &amp;#27;[0m&amp;#27;[36mI Verify display of Farmers Card link&amp;#27;[0m
    &amp;#27;[36mAnd &amp;#27;[0m&amp;#27;[36mI Verify Programmes link&amp;#27;[0m
    &amp;#27;[36mAnd &amp;#27;[0m&amp;#27;[36mI Click on New Button to apply for Registration&amp;#27;[0m
    &amp;#27;[36mAnd &amp;#27;[0m&amp;#27;[36mI Verify display of Registration Type Page&amp;#27;[0m
    &amp;#27;[36mAnd &amp;#27;[0m&amp;#27;[36mI Click on Tea Grower Icon&amp;#27;[0m
    &amp;#27;[36mAnd &amp;#27;[0m&amp;#27;[36mI Verify display of REGISTRATION FOR TEA GROWERS Page&amp;#27;[0m
    &amp;#27;[36mAnd &amp;#27;[0m&amp;#27;[36mI Select an Applicant Title &quot;&lt;Applicant_Title&gt;&quot;&amp;#27;[0m
    &amp;#27;[36mAnd &amp;#27;[0m&amp;#27;[36mI Select Applicant District &quot;&lt;District&gt;&quot;&amp;#27;[0m
    &amp;#27;[36mAnd &amp;#27;[0m&amp;#27;[36mI Select Applicant Education Level &quot;&lt;Education_Level&gt;&quot;&amp;#27;[0m
    &amp;#27;[36mAnd &amp;#27;[0m&amp;#27;[36mI Select Agricultural Activity &quot;&lt;Act&gt;&quot;&amp;#27;[0m
    &amp;#27;[36mAnd &amp;#27;[0m&amp;#27;[36mI Input Other Occupation &quot;&lt;Other_Occupation&gt;&quot;&amp;#27;[0m
    &amp;#27;[36mAnd &amp;#27;[0m&amp;#27;[36mI Upload Photograph &quot;&lt;Photo&gt;&quot;&amp;#27;[0m
    &amp;#27;[36mAnd &amp;#27;[0m&amp;#27;[36mI Verify for Photo upload success message&amp;#27;[0m
    &amp;#27;[36mAnd &amp;#27;[0m&amp;#27;[36mI Select Duration Year for Registration membership for Tea Grower &quot;&lt;Year_dur&gt;&quot;&amp;#27;[0m
    &amp;#27;[36mAnd &amp;#27;[0m&amp;#27;[36mI Select Marital Status &quot;&lt;Marital_Status&gt;&quot;&amp;#27;[0m
    &amp;#27;[36mAnd &amp;#27;[0m&amp;#27;[36mI Click on Save and Continue&amp;#27;[0m
    &amp;#27;[36mAnd &amp;#27;[0m&amp;#27;[36mI Verify Display of Particulars of Family Beneficiaries Page&amp;#27;[0m
    &amp;#27;[36mAnd &amp;#27;[0m&amp;#27;[36mI Click on Add Family and Beneficiaries&amp;#27;[0m
    &amp;#27;[36mAnd &amp;#27;[0m&amp;#27;[36mVerify Display of Particulars of Family Beneficiaries input table&amp;#27;[0m
    &amp;#27;[36mAnd &amp;#27;[0m&amp;#27;[36mI Select Family relationship for tea grower &quot;&lt;Relationship&gt;&quot;&amp;#27;[0m
    &amp;#27;[36mAnd &amp;#27;[0m&amp;#27;[36mI Input Family Surname &quot;&lt;Family_Surname&gt;&quot;&amp;#27;[0m
    &amp;#27;[36mAnd &amp;#27;[0m&amp;#27;[36mI Input Family Other Names &quot;&lt;Family_Other_Names&gt;&quot;&amp;#27;[0m
    &amp;#27;[36mAnd &amp;#27;[0m&amp;#27;[36mI Select Family Gender &quot;&lt;Gender&gt;&quot;&amp;#27;[0m
    &amp;#27;[36mAnd &amp;#27;[0m&amp;#27;[36mI Input Family Date of Birth &quot;&lt;DOB&gt;&quot;&amp;#27;[0m
    &amp;#27;[36mAnd &amp;#27;[0m&amp;#27;[36mI Input Family Occupation &quot;&lt;Occupation&gt;&quot;&amp;#27;[0m
    &amp;#27;[36mAnd &amp;#27;[0m&amp;#27;[36mI Click on Beneficiary of life Insurance Scheme&amp;#27;[0m
    &amp;#27;[36mAnd &amp;#27;[0m&amp;#27;[36mI Click on Beneficiary of Accident Insurance Scheme&amp;#27;[0m
    &amp;#27;[36mAnd &amp;#27;[0m&amp;#27;[36mI Save Particulars of Family and Beneficiaries&amp;#27;[0m
    &amp;#27;[36mAnd &amp;#27;[0m&amp;#27;[36mI Click on Save and Continue&amp;#27;[0m
    &amp;#27;[36mAnd &amp;#27;[0m&amp;#27;[36mI Verify Display of Particulars for Registration of Tea Plantation&amp;#27;[0m
    &amp;#27;[36mAnd &amp;#27;[0m&amp;#27;[36mI Click on Add Crop&amp;#27;[0m
    &amp;#27;[36mAnd &amp;#27;[0m&amp;#27;[36mI Input Organisation Account Number &quot;&lt;Org_acc_no&gt;&quot;&amp;#27;[0m
    &amp;#27;[36mAnd &amp;#27;[0m&amp;#27;[36mI Input Total Extent of plot (In Arpent) &quot;&lt;Land_Extent&gt;&quot;&amp;#27;[0m
    &amp;#27;[36mAnd &amp;#27;[0m&amp;#27;[36mI Select Owner Type &quot;&lt;Owner_Type&gt;&quot;&amp;#27;[0m
    &amp;#27;[36mAnd &amp;#27;[0m&amp;#27;[36mI Input Plot Location &quot;&lt;Plot_Location&gt;&quot;&amp;#27;[0m
    &amp;#27;[36mAnd &amp;#27;[0m&amp;#27;[36mI Click on Save and Continue&amp;#27;[0m
    &amp;#27;[36mAnd &amp;#27;[0m&amp;#27;[36mI Verify Declaration Page for REGISTRATION FOR TEA GROWER&amp;#27;[0m
    &amp;#27;[36mAnd &amp;#27;[0m&amp;#27;[36mI click on I agree to the Terms and Conditions&amp;#27;[0m
    &amp;#27;[36mAnd &amp;#27;[0m&amp;#27;[36mI Click on Photo checkbox&amp;#27;[0m
    &amp;#27;[36mAnd &amp;#27;[0m&amp;#27;[36mI Select Bank &quot;&lt;Bank_Name&gt;&quot;&amp;#27;[0m
    &amp;#27;[36mAnd &amp;#27;[0m&amp;#27;[36mI Input Bank Branch for Agro-Processing Enterprise &quot;&lt;Bank_Branch&gt;&quot;&amp;#27;[0m
    &amp;#27;[36mAnd &amp;#27;[0m&amp;#27;[36mI Input Personal Bank Account Number Agro-Processing Enterprise &quot;&lt;Bank_Account_No&gt;&quot;&amp;#27;[0m
    &amp;#27;[36mAnd &amp;#27;[0m&amp;#27;[36mI Click on Submit Application &quot;&lt;Confirmation&gt;&quot;&amp;#27;[0m
    &amp;#27;[36mAnd &amp;#27;[0m&amp;#27;[36mI Verify Success message for application submitted&amp;#27;[0m
    &amp;#27;[36mAnd &amp;#27;[0m&amp;#27;[36mI Verify Application Status &quot;&lt;App_status&gt;&quot;&amp;#27;[0m
    &amp;#27;[36mAnd &amp;#27;[0m&amp;#27;[36mI Verify Payment Status &quot;&lt;Payment_Status&gt;&quot;&amp;#27;[0m
    &amp;#27;[36mAnd &amp;#27;[0m&amp;#27;[36mI Copy Application Number&amp;#27;[0m
    &amp;#27;[36mAnd &amp;#27;[0m&amp;#27;[36mI Click on Shopping Cart for payment&amp;#27;[0m
    &amp;#27;[36mAnd &amp;#27;[0m&amp;#27;[36mI Select Application for payment&amp;#27;[0m
    &amp;#27;[36mAnd &amp;#27;[0m&amp;#27;[36mI Click on Proceed to Payment&amp;#27;[0m
    &amp;#27;[36mAnd &amp;#27;[0m&amp;#27;[36mI Click on Payment Icon&amp;#27;[0m
    &amp;#27;[36mAnd &amp;#27;[0m&amp;#27;[36mI Select Payment Method &quot;&lt;Payment_method&gt;&quot;&amp;#27;[0m
    &amp;#27;[36mAnd &amp;#27;[0m&amp;#27;[36mI Click on Final Proceed to Payment&amp;#27;[0m
    &amp;#27;[36mAnd &amp;#27;[0m&amp;#27;[36mI Verify Message to proceed to Post Office for Payment&amp;#27;[0m
    &amp;#27;[36mThen &amp;#27;[0m&amp;#27;[36mI Sign Out as Front Registered User&amp;#27;[0m
    #    Finance
    #    Finance
    &amp;#27;[36mAnd &amp;#27;[0m&amp;#27;[36mI am on SFWF Back Office Home Page &quot;&lt;Browser&gt;&quot;&amp;#27;[0m
    &amp;#27;[36mAnd &amp;#27;[0m&amp;#27;[36mI Input Finance Username &quot;&lt;FUsername&gt;&quot; and Password &quot;&lt;Password&gt;&quot;&amp;#27;[0m
    &amp;#27;[36mAnd &amp;#27;[0m&amp;#27;[36mI Click on Sign In button&amp;#27;[0m
    &amp;#27;[36mAnd &amp;#27;[0m&amp;#27;[36mI Verify Successful Login&amp;#27;[0m
    &amp;#27;[36mAnd &amp;#27;[0m&amp;#27;[36mI Click on Manage Cashier&amp;#27;[0m
    &amp;#27;[36mAnd &amp;#27;[0m&amp;#27;[36mI Verify List of Applications page&amp;#27;[0m
    &amp;#27;[36mAnd &amp;#27;[0m&amp;#27;[36mI Click on Confirm Processing Fees&amp;#27;[0m
    &amp;#27;[36mAnd &amp;#27;[0m&amp;#27;[36mI Verify display of Processing Details Frame&amp;#27;[0m
    #    And I Select Payment Mode &quot;&lt;Payment_Mode&gt;&quot;
    #    And I Input Amount of payment &quot;&lt;Amount_To_Pay&gt;&quot;
    #    And I Click on Add Payment
    &amp;#27;[36mAnd &amp;#27;[0m&amp;#27;[36mI Click on Save Payment&amp;#27;[0m
    &amp;#27;[36mAnd &amp;#27;[0m&amp;#27;[36mI Verify success message for adding payment&amp;#27;[0m
    &amp;#27;[36mAnd &amp;#27;[0m&amp;#27;[36mI Sign Out&amp;#27;[0m
    &amp;#27;[36mAnd &amp;#27;[0m&amp;#27;[36mI Verify Successful Sign Out&amp;#27;[0m
    #    PWO
    &amp;#27;[36mAnd &amp;#27;[0m&amp;#27;[36mI am on SFWF Back Office Home Page &quot;&lt;Browser&gt;&quot;&amp;#27;[0m
    &amp;#27;[36mAnd &amp;#27;[0m&amp;#27;[36mI Input PWO Username &quot;&lt;PwoUsername&gt;&quot; and Password &quot;&lt;Password&gt;&quot;&amp;#27;[0m
    &amp;#27;[36mAnd &amp;#27;[0m&amp;#27;[36mI Click on Sign In button&amp;#27;[0m
    &amp;#27;[36mAnd &amp;#27;[0m&amp;#27;[36mI Verify Successful Login&amp;#27;[0m
    &amp;#27;[36mAnd &amp;#27;[0m&amp;#27;[36mI Click on All Applications&amp;#27;[0m
    &amp;#27;[36mAnd &amp;#27;[0m&amp;#27;[36mI Verify display of list of registrations page&amp;#27;[0m
    &amp;#27;[36mAnd &amp;#27;[0m&amp;#27;[36mI Search for Application Ref Number as a Back Office User&amp;#27;[0m
    &amp;#27;[36mAnd &amp;#27;[0m&amp;#27;[36mI Click to view Application&amp;#27;[0m
    &amp;#27;[36mAnd &amp;#27;[0m&amp;#27;[36mI Click on Action Button&amp;#27;[0m
    &amp;#27;[36mAnd &amp;#27;[0m&amp;#27;[36mI Select PWO Assigned&amp;#27;[0m
    &amp;#27;[36mAnd &amp;#27;[0m&amp;#27;[36mI Select WPO&amp;#27;[0m
    &amp;#27;[36mAnd &amp;#27;[0m&amp;#27;[36mI Input Remarks &quot;&lt;Remarks&gt;&quot;&amp;#27;[0m
    &amp;#27;[36mAnd &amp;#27;[0m&amp;#27;[36mI Click on Save Actions&amp;#27;[0m
    &amp;#27;[36mAnd &amp;#27;[0m&amp;#27;[36mI Verify for success message for assigning&amp;#27;[0m
    &amp;#27;[36mAnd &amp;#27;[0m&amp;#27;[36mI Sign Out&amp;#27;[0m
    &amp;#27;[36mAnd &amp;#27;[0m&amp;#27;[36mI Verify Successful Sign Out&amp;#27;[0m
    #    WPO
    &amp;#27;[36mAnd &amp;#27;[0m&amp;#27;[36mI am on SFWF Back Office Home Page &quot;&lt;Browser&gt;&quot;&amp;#27;[0m
    &amp;#27;[36mAnd &amp;#27;[0m&amp;#27;[36mI Input WPO Username &quot;&lt;WpoUsername&gt;&quot; and Password &quot;&lt;Password&gt;&quot;&amp;#27;[0m
    &amp;#27;[36mAnd &amp;#27;[0m&amp;#27;[36mI Click on Sign In button&amp;#27;[0m
    &amp;#27;[36mAnd &amp;#27;[0m&amp;#27;[36mI Verify Successful Login&amp;#27;[0m
    &amp;#27;[36mAnd &amp;#27;[0m&amp;#27;[36mI Click on All Applications&amp;#27;[0m
    &amp;#27;[36mAnd &amp;#27;[0m&amp;#27;[36mI Verify display of list of registrations page&amp;#27;[0m
    &amp;#27;[36mAnd &amp;#27;[0m&amp;#27;[36mI Search for Application Ref Number as a Back Office User&amp;#27;[0m
    &amp;#27;[36mAnd &amp;#27;[0m&amp;#27;[36mI Click to view Application&amp;#27;[0m
    &amp;#27;[36mAnd &amp;#27;[0m&amp;#27;[36mI Click on Action Button&amp;#27;[0m
    &amp;#27;[36mAnd &amp;#27;[0m&amp;#27;[36mI Select Assigned&amp;#27;[0m
    &amp;#27;[36mAnd &amp;#27;[0m&amp;#27;[36mI Select WO&amp;#27;[0m
    &amp;#27;[36mAnd &amp;#27;[0m&amp;#27;[36mI Input Remarks &quot;&lt;Remarks&gt;&quot;&amp;#27;[0m
    &amp;#27;[36mAnd &amp;#27;[0m&amp;#27;[36mI Click on Save Actions&amp;#27;[0m
    &amp;#27;[36mAnd &amp;#27;[0m&amp;#27;[36mI Verify for success message for assigning&amp;#27;[0m
    &amp;#27;[36mAnd &amp;#27;[0m&amp;#27;[36mI Sign Out&amp;#27;[0m
    &amp;#27;[36mAnd &amp;#27;[0m&amp;#27;[36mI Verify Successful Sign Out&amp;#27;[0m
    #    WO/WA
    &amp;#27;[36mAnd &amp;#27;[0m&amp;#27;[36mI am on SFWF Back Office Home Page &quot;&lt;Browser&gt;&quot;&amp;#27;[0m
    &amp;#27;[36mAnd &amp;#27;[0m&amp;#27;[36mI Input WO-WA Username &quot;&lt;WOUsername&gt;&quot; and Password &quot;&lt;Password&gt;&quot;&amp;#27;[0m
    &amp;#27;[36mAnd &amp;#27;[0m&amp;#27;[36mI Click on Sign In button&amp;#27;[0m
    &amp;#27;[36mAnd &amp;#27;[0m&amp;#27;[36mI Verify Successful Login&amp;#27;[0m
    &amp;#27;[36mAnd &amp;#27;[0m&amp;#27;[36mI Click on All Applications&amp;#27;[0m
    &amp;#27;[36mAnd &amp;#27;[0m&amp;#27;[36mI Verify display of list of registrations page&amp;#27;[0m
    &amp;#27;[36mAnd &amp;#27;[0m&amp;#27;[36mI Search for Application Ref Number as a Back Office User&amp;#27;[0m
    &amp;#27;[36mAnd &amp;#27;[0m&amp;#27;[36mI Click to view Application&amp;#27;[0m
    &amp;#27;[36mAnd &amp;#27;[0m&amp;#27;[36mI Click on Site Report Tab&amp;#27;[0m
    &amp;#27;[36mAnd &amp;#27;[0m&amp;#27;[36mI Select Bonafide Planter &quot;&lt;Bonafide&gt;&quot;&amp;#27;[0m
    &amp;#27;[36mAnd &amp;#27;[0m&amp;#27;[36mI Input Site visit remarks &quot;&lt;Remarks&gt;&quot;&amp;#27;[0m
    &amp;#27;[36mAnd &amp;#27;[0m&amp;#27;[36mI Upload Site Report &quot;&lt;Upload_test&gt;&quot;&amp;#27;[0m
    &amp;#27;[36mAnd &amp;#27;[0m&amp;#27;[36mI Verify for Document Upload Success Message&amp;#27;[0m
    &amp;#27;[36mAnd &amp;#27;[0m&amp;#27;[36mI Click on Save Button&amp;#27;[0m
    &amp;#27;[36mAnd &amp;#27;[0m&amp;#27;[36mI Verify Site Visit saved success message&amp;#27;[0m
    &amp;#27;[36mAnd &amp;#27;[0m&amp;#27;[36mI Click on Action Button&amp;#27;[0m
    &amp;#27;[36mAnd &amp;#27;[0m&amp;#27;[36mI Select Assigned&amp;#27;[0m
    &amp;#27;[36mAnd &amp;#27;[0m&amp;#27;[36mI Select WPO&amp;#27;[0m
    &amp;#27;[36mAnd &amp;#27;[0m&amp;#27;[36mI Input Remarks &quot;&lt;Remarks&gt;&quot;&amp;#27;[0m
    &amp;#27;[36mAnd &amp;#27;[0m&amp;#27;[36mI Click on Save Actions&amp;#27;[0m
    &amp;#27;[36mAnd &amp;#27;[0m&amp;#27;[36mI Verify for success message for assigning&amp;#27;[0m
    &amp;#27;[36mAnd &amp;#27;[0m&amp;#27;[36mI Sign Out&amp;#27;[0m
    &amp;#27;[36mAnd &amp;#27;[0m&amp;#27;[36mI Verify Successful Sign Out&amp;#27;[0m
    #    WPO
    &amp;#27;[36mAnd &amp;#27;[0m&amp;#27;[36mI am on SFWF Back Office Home Page &quot;&lt;Browser&gt;&quot;&amp;#27;[0m
    &amp;#27;[36mAnd &amp;#27;[0m&amp;#27;[36mI Input WPO Username &quot;&lt;WpoUsername&gt;&quot; and Password &quot;&lt;Password&gt;&quot;&amp;#27;[0m
    &amp;#27;[36mAnd &amp;#27;[0m&amp;#27;[36mI Click on Sign In button&amp;#27;[0m
    &amp;#27;[36mAnd &amp;#27;[0m&amp;#27;[36mI Verify Successful Login&amp;#27;[0m
    &amp;#27;[36mAnd &amp;#27;[0m&amp;#27;[36mI Click on All Applications&amp;#27;[0m
    &amp;#27;[36mAnd &amp;#27;[0m&amp;#27;[36mI Verify display of list of registrations page&amp;#27;[0m
    &amp;#27;[36mAnd &amp;#27;[0m&amp;#27;[36mI Search for Application Ref Number as a Back Office User&amp;#27;[0m
    &amp;#27;[36mAnd &amp;#27;[0m&amp;#27;[36mI Click to view Application&amp;#27;[0m
    &amp;#27;[36mAnd &amp;#27;[0m&amp;#27;[36mI Click on Action Button&amp;#27;[0m
    &amp;#27;[36mAnd &amp;#27;[0m&amp;#27;[36mI Select Under Query&amp;#27;[0m
    &amp;#27;[36mAnd &amp;#27;[0m&amp;#27;[36mI Input External Remarks &quot;&lt;Remarks&gt;&quot;&amp;#27;[0m
    &amp;#27;[36mAnd &amp;#27;[0m&amp;#27;[36mI Click on Under Query Notification for Tea Grower&amp;#27;[0m
    &amp;#27;[36mAnd &amp;#27;[0m&amp;#27;[36mI Verify Success Message for Under Query Notification for Tea Grower&amp;#27;[0m
    &amp;#27;[36mAnd &amp;#27;[0m&amp;#27;[36mI Click on Save Actions&amp;#27;[0m
    &amp;#27;[36mAnd &amp;#27;[0m&amp;#27;[36mI Verify for success message for workflow saved&amp;#27;[0m
    &amp;#27;[36mAnd &amp;#27;[0m&amp;#27;[36mI Sign Out&amp;#27;[0m
    &amp;#27;[36mAnd &amp;#27;[0m&amp;#27;[36mI Verify Successful Sign Out&amp;#27;[0m
    #    Applicant after under query
    &amp;#27;[36mGiven &amp;#27;[0m&amp;#27;[36mI am on SFWF Front Office Home Page &quot;&lt;Browser&gt;&quot;&amp;#27;[0m
    &amp;#27;[36mWhen &amp;#27;[0m&amp;#27;[36mI Input Registered User&apos;s Username &quot;&lt;Username&gt;&quot; and Password &quot;&lt;Password&gt;&quot;&amp;#27;[0m
    &amp;#27;[36mAnd &amp;#27;[0m&amp;#27;[36mI Click on Sign In button&amp;#27;[0m
    &amp;#27;[36mAnd &amp;#27;[0m&amp;#27;[36mI Verify Applicant&apos;s Successful Login&amp;#27;[0m
    &amp;#27;[36mAnd &amp;#27;[0m&amp;#27;[36mI Click on Register as Farmer&amp;#27;[0m
    &amp;#27;[36mAnd &amp;#27;[0m&amp;#27;[36mI Verify that User is directed to My Application Page&amp;#27;[0m
    &amp;#27;[36mAnd &amp;#27;[0m&amp;#27;[36mI Verify display of Farmers Card link&amp;#27;[0m
    &amp;#27;[36mAnd &amp;#27;[0m&amp;#27;[36mI Verify Programmes link&amp;#27;[0m
    &amp;#27;[36mAnd &amp;#27;[0m&amp;#27;[36mI Search for Application Ref Number for re-submit&amp;#27;[0m
    &amp;#27;[36mAnd &amp;#27;[0m&amp;#27;[36mI Verify display of REGISTRATION FOR TEA GROWERS Page&amp;#27;[0m
    &amp;#27;[36mAnd &amp;#27;[0m&amp;#27;[36mI Click on Save and Continue&amp;#27;[0m
    &amp;#27;[36mAnd &amp;#27;[0m&amp;#27;[36mI Verify Upload Required Documents Page is displayed&amp;#27;[0m
    &amp;#27;[36mAnd &amp;#27;[0m&amp;#27;[36mI Click on Save and Continue&amp;#27;[0m
    &amp;#27;[36mAnd &amp;#27;[0m&amp;#27;[36mI Verify Terms and Conditions Page&amp;#27;[0m
    &amp;#27;[36mAnd &amp;#27;[0m&amp;#27;[36mI Click on Submit Application &quot;&lt;Confirmation&gt;&quot;&amp;#27;[0m
    &amp;#27;[36mAnd &amp;#27;[0m&amp;#27;[36mI Verify Success message for application submitted&amp;#27;[0m
    &amp;#27;[36mAnd &amp;#27;[0m&amp;#27;[36mI Sign Out as Front Registered User&amp;#27;[0m
    #    WPO
    &amp;#27;[36mAnd &amp;#27;[0m&amp;#27;[36mI am on SFWF Back Office Home Page &quot;&lt;Browser&gt;&quot;&amp;#27;[0m
    &amp;#27;[36mAnd &amp;#27;[0m&amp;#27;[36mI Input WPO Username &quot;&lt;WpoUsername&gt;&quot; and Password &quot;&lt;Password&gt;&quot;&amp;#27;[0m
    &amp;#27;[36mAnd &amp;#27;[0m&amp;#27;[36mI Click on Sign In button&amp;#27;[0m
    &amp;#27;[36mAnd &amp;#27;[0m&amp;#27;[36mI Verify Successful Login&amp;#27;[0m
    &amp;#27;[36mAnd &amp;#27;[0m&amp;#27;[36mI Click on All Applications&amp;#27;[0m
    &amp;#27;[36mAnd &amp;#27;[0m&amp;#27;[36mI Verify display of list of registrations page&amp;#27;[0m
    &amp;#27;[36mAnd &amp;#27;[0m&amp;#27;[36mI Search for Application Ref Number as a Back Office User&amp;#27;[0m
    &amp;#27;[36mAnd &amp;#27;[0m&amp;#27;[36mI Click to view Application&amp;#27;[0m
    &amp;#27;[36mAnd &amp;#27;[0m&amp;#27;[36mI Click on Action Button&amp;#27;[0m
    &amp;#27;[36mAnd &amp;#27;[0m&amp;#27;[36mI Select Approved to approve the registration application&amp;#27;[0m
    &amp;#27;[36mAnd &amp;#27;[0m&amp;#27;[36mI Input Remarks &quot;&lt;Remarks&gt;&quot;&amp;#27;[0m
    &amp;#27;[36mAnd &amp;#27;[0m&amp;#27;[36mI Click on Save Actions&amp;#27;[0m
    &amp;#27;[36mAnd &amp;#27;[0m&amp;#27;[36mI Verify for success message for approval&amp;#27;[0m
    &amp;#27;[36mAnd &amp;#27;[0m&amp;#27;[36mI Sign Out&amp;#27;[0m
    &amp;#27;[36mAnd &amp;#27;[0m&amp;#27;[36mI Verify Successful Sign Out&amp;#27;[0m
    #    IT Department
    &amp;#27;[36mAnd &amp;#27;[0m&amp;#27;[36mI am on SFWF Back Office Home Page &quot;&lt;Browser&gt;&quot;&amp;#27;[0m
    &amp;#27;[36mAnd &amp;#27;[0m&amp;#27;[36mI Input IT Department Username &quot;&lt;ITUsername&gt;&quot; and Password &quot;&lt;Password&gt;&quot;&amp;#27;[0m
    &amp;#27;[36mAnd &amp;#27;[0m&amp;#27;[36mI Click on Sign In button&amp;#27;[0m
    &amp;#27;[36mAnd &amp;#27;[0m&amp;#27;[36mI Verify Successful Login&amp;#27;[0m
    &amp;#27;[36mAnd &amp;#27;[0m&amp;#27;[36mI Click on All Applications&amp;#27;[0m
    &amp;#27;[36mAnd &amp;#27;[0m&amp;#27;[36mI Verify display of list of registrations page&amp;#27;[0m
    &amp;#27;[36mAnd &amp;#27;[0m&amp;#27;[36mI Search for Application Ref Number as a Back Office User&amp;#27;[0m
    &amp;#27;[36mAnd &amp;#27;[0m&amp;#27;[36mI Click to view Application&amp;#27;[0m
    &amp;#27;[36mAnd &amp;#27;[0m&amp;#27;[36mI Click on Print Card&amp;#27;[0m
    &amp;#27;[36mAnd &amp;#27;[0m&amp;#27;[36mI Sign Out&amp;#27;[0m
    &amp;#27;[36mAnd &amp;#27;[0m&amp;#27;[36mI Verify Successful Sign Out&amp;#27;[0m
    #    Applicant verify status - Card Printed
    &amp;#27;[36mGiven &amp;#27;[0m&amp;#27;[36mI am on SFWF Front Office Home Page &quot;&lt;Browser&gt;&quot;&amp;#27;[0m
    &amp;#27;[36mWhen &amp;#27;[0m&amp;#27;[36mI Input Registered User&apos;s Username &quot;&lt;Username&gt;&quot; and Password &quot;&lt;Password&gt;&quot;&amp;#27;[0m
    &amp;#27;[36mAnd &amp;#27;[0m&amp;#27;[36mI Click on Sign In button&amp;#27;[0m
    &amp;#27;[36mAnd &amp;#27;[0m&amp;#27;[36mI Verify Applicant&apos;s Successful Login&amp;#27;[0m
    &amp;#27;[36mAnd &amp;#27;[0m&amp;#27;[36mI Click on Register as Farmer&amp;#27;[0m
    &amp;#27;[36mAnd &amp;#27;[0m&amp;#27;[36mI Verify that User is directed to My Application Page&amp;#27;[0m
    &amp;#27;[36mAnd &amp;#27;[0m&amp;#27;[36mI Verify display of Farmers Card link&amp;#27;[0m
    &amp;#27;[36mAnd &amp;#27;[0m&amp;#27;[36mI Verify Programmes link&amp;#27;[0m
    &amp;#27;[36mAnd &amp;#27;[0m&amp;#27;[36mI Search for Application Ref Number for to check Status Card Printed&amp;#27;[0m
    &amp;#27;[36mAnd &amp;#27;[0m&amp;#27;[36mI Verify Application Status to be Card Printed&amp;#27;[0m
    &amp;#27;[36mAnd &amp;#27;[0m&amp;#27;[36mI Sign Out as Front Registered User&amp;#27;[0m

    Examples: 
Mrs is working
District Select is working
Education Level is working
Spouse option is working
Gender Female is working fine
Tenant is working fine
Unable to take screenshot
java.lang.NullPointerException
Status is not valid
Text from source element: TG2024-00170
Unable to take screenshot
java.lang.NullPointerException

  @Main_feature @Approval_by_BO_Payment_at_counter_for_Tea_grower @US13280 @Regression @Smoke_counter_Tea_grower
  Scenario Outline: Payment at counter for Registration as Tea Grower                   &amp;#27;[90m# features/US13280.feature:1606&amp;#27;[0m
    &amp;#27;[32mGiven &amp;#27;[0m&amp;#27;[32mI am on SFWF Front Office Home Page &quot;&amp;#27;[0m&amp;#27;[32m&amp;#27;[1mChrome&amp;#27;[0m&amp;#27;[32m&quot;&amp;#27;[0m                                  &amp;#27;[90m# Steps.iAmOnSFWFFrontOfficeHomePage(String)&amp;#27;[0m
    &amp;#27;[32mWhen &amp;#27;[0m&amp;#27;[32mI Input Registered User&apos;s Username &quot;&amp;#27;[0m&amp;#27;[32m&amp;#27;[1mSuraj&amp;#27;[0m&amp;#27;[32m&quot; and Password &quot;&amp;#27;[0m&amp;#27;[32m&amp;#27;[1mAdmin@123&amp;#27;[0m&amp;#27;[32m&quot;&amp;#27;[0m            &amp;#27;[90m# Steps.iInputRegisteredUserSUsernameAndPassword(String,String)&amp;#27;[0m
    &amp;#27;[32mAnd &amp;#27;[0m&amp;#27;[32mI Click on Sign In button&amp;#27;[0m                                                       &amp;#27;[90m# Steps.iClickOnSignInButton()&amp;#27;[0m
    &amp;#27;[32mAnd &amp;#27;[0m&amp;#27;[32mI Verify Applicant&apos;s Successful Login&amp;#27;[0m                                           &amp;#27;[90m# Steps.iVerifyApplicantSSuccessfulLogin()&amp;#27;[0m
    &amp;#27;[32mAnd &amp;#27;[0m&amp;#27;[32mI Click on Register as Farmer&amp;#27;[0m                                                   &amp;#27;[90m# Steps.iClickOnRegisterAsFarmer()&amp;#27;[0m
    &amp;#27;[32mAnd &amp;#27;[0m&amp;#27;[32mI Verify that User is directed to My Application Page&amp;#27;[0m                           &amp;#27;[90m# Steps.iVerifyThatUserIsDirectedToMyApplicationPage()&amp;#27;[0m
    &amp;#27;[32mAnd &amp;#27;[0m&amp;#27;[32mI Verify display of Farmers Card link&amp;#27;[0m                                           &amp;#27;[90m# Steps.iVerifyDisplayOfFarmersCardLink()&amp;#27;[0m
    &amp;#27;[32mAnd &amp;#27;[0m&amp;#27;[32mI Verify Programmes link&amp;#27;[0m                                                        &amp;#27;[90m# Steps.iVerifyProgrammesLink()&amp;#27;[0m
    &amp;#27;[32mAnd &amp;#27;[0m&amp;#27;[32mI Click on New Button to apply for Registration&amp;#27;[0m                                 &amp;#27;[90m# Steps.iClickOnNewButtonToApplyForRegistration()&amp;#27;[0m
    &amp;#27;[32mAnd &amp;#27;[0m&amp;#27;[32mI Verify display of Registration Type Page&amp;#27;[0m                                      &amp;#27;[90m# Steps.iVerifyDisplayOfRegistrationTypePage()&amp;#27;[0m
    &amp;#27;[32mAnd &amp;#27;[0m&amp;#27;[32mI Click on Tea Grower Icon&amp;#27;[0m                                                      &amp;#27;[90m# Steps.iClickOnTeaGrowerIcon()&amp;#27;[0m
    &amp;#27;[32mAnd &amp;#27;[0m&amp;#27;[32mI Verify display of REGISTRATION FOR TEA GROWERS Page&amp;#27;[0m                           &amp;#27;[90m# Steps.iVerifyDisplayOfREGISTRATIONFORTEAGROWERSPage()&amp;#27;[0m
    &amp;#27;[32mAnd &amp;#27;[0m&amp;#27;[32mI Select an Applicant Title &quot;&amp;#27;[0m&amp;#27;[32m&amp;#27;[1mMrs&amp;#27;[0m&amp;#27;[32m&quot;&amp;#27;[0m                                               &amp;#27;[90m# Steps.iSelectAnApplicantTitle(String)&amp;#27;[0m
    &amp;#27;[32mAnd &amp;#27;[0m&amp;#27;[32mI Select Applicant District &quot;&amp;#27;[0m&amp;#27;[32m&amp;#27;[1mPort Louis&amp;#27;[0m&amp;#27;[32m&quot;&amp;#27;[0m                                        &amp;#27;[90m# Steps.iSelectApplicantDistrict(String)&amp;#27;[0m
    &amp;#27;[32mAnd &amp;#27;[0m&amp;#27;[32mI Select Applicant Education Level &quot;&amp;#27;[0m&amp;#27;[32m&amp;#27;[1mTertiary&amp;#27;[0m&amp;#27;[32m&quot;&amp;#27;[0m                                   &amp;#27;[90m# Steps.iSelectApplicantEducationLevel(String)&amp;#27;[0m
    &amp;#27;[32mAnd &amp;#27;[0m&amp;#27;[32mI Select Agricultural Activity &quot;&amp;#27;[0m&amp;#27;[32m&amp;#27;[1mFull Time&amp;#27;[0m&amp;#27;[32m&quot;&amp;#27;[0m                                      &amp;#27;[90m# Steps.iSelectAgriculturalActivity(String)&amp;#27;[0m
    &amp;#27;[32mAnd &amp;#27;[0m&amp;#27;[32mI Input Other Occupation &quot;&amp;#27;[0m&amp;#27;[32m&amp;#27;[1mManager&amp;#27;[0m&amp;#27;[32m&quot;&amp;#27;[0m                                              &amp;#27;[90m# Steps.iInputOtherOccupation(String)&amp;#27;[0m
    &amp;#27;[32mAnd &amp;#27;[0m&amp;#27;[32mI Upload Photograph &quot;&amp;#27;[0m&amp;#27;[32m&amp;#27;[1msrc\test\resources\Photo_upload.jpg&amp;#27;[0m&amp;#27;[32m&quot;&amp;#27;[0m                       &amp;#27;[90m# Steps.iUploadPhotograph(String)&amp;#27;[0m
    &amp;#27;[32mAnd &amp;#27;[0m&amp;#27;[32mI Verify for Photo upload success message&amp;#27;[0m                                       &amp;#27;[90m# Steps.iVerifyForPhotoUploadSuccessMessage()&amp;#27;[0m
    &amp;#27;[32mAnd &amp;#27;[0m&amp;#27;[32mI Select Duration Year for Registration membership for Tea Grower &quot;&amp;#27;[0m&amp;#27;[32m&amp;#27;[1m2&amp;#27;[0m&amp;#27;[32m&quot;&amp;#27;[0m           &amp;#27;[90m# Steps.iSelectDurationYearForRegistrationMembershipForTeaGrower(String)&amp;#27;[0m
    &amp;#27;[32mAnd &amp;#27;[0m&amp;#27;[32mI Select Marital Status &quot;&amp;#27;[0m&amp;#27;[32m&amp;#27;[1mMarried&amp;#27;[0m&amp;#27;[32m&quot;&amp;#27;[0m                                               &amp;#27;[90m# Steps.iSelectMaritalStatus(String)&amp;#27;[0m
    &amp;#27;[32mAnd &amp;#27;[0m&amp;#27;[32mI Click on Save and Continue&amp;#27;[0m                                                    &amp;#27;[90m# Steps.iClickOnSaveAndContinue()&amp;#27;[0m
    &amp;#27;[32mAnd &amp;#27;[0m&amp;#27;[32mI Verify Display of Particulars of Family Beneficiaries Page&amp;#27;[0m                    &amp;#27;[90m# Steps.iVerifyDisplayOfParticularsOfFamilyBeneficiariesPage()&amp;#27;[0m
    &amp;#27;[32mAnd &amp;#27;[0m&amp;#27;[32mI Click on Add Family and Beneficiaries&amp;#27;[0m                                         &amp;#27;[90m# Steps.iClickOnAddFamilyAndBeneficiaries()&amp;#27;[0m
    &amp;#27;[32mAnd &amp;#27;[0m&amp;#27;[32mVerify Display of Particulars of Family Beneficiaries input table&amp;#27;[0m               &amp;#27;[90m# Steps.verifyDisplayOfParticularsOfFamilyBeneficiariesInputTable()&amp;#27;[0m
    &amp;#27;[32mAnd &amp;#27;[0m&amp;#27;[32mI Select Family relationship for tea grower &quot;&amp;#27;[0m&amp;#27;[32m&amp;#27;[1mSpouse&amp;#27;[0m&amp;#27;[32m&quot;&amp;#27;[0m                            &amp;#27;[90m# Steps.iSelectFamilyRelationshipForTeaGrower(String)&amp;#27;[0m
    &amp;#27;[32mAnd &amp;#27;[0m&amp;#27;[32mI Input Family Surname &quot;&amp;#27;[0m&amp;#27;[32m&amp;#27;[1mKeen&amp;#27;[0m&amp;#27;[32m&quot;&amp;#27;[0m                                                   &amp;#27;[90m# Steps.iInputFamilySurname(String)&amp;#27;[0m
    &amp;#27;[32mAnd &amp;#27;[0m&amp;#27;[32mI Input Family Other Names &quot;&amp;#27;[0m&amp;#27;[32m&amp;#27;[1mDafne&amp;#27;[0m&amp;#27;[32m&quot;&amp;#27;[0m                                              &amp;#27;[90m# Steps.iInputFamilyOtherNames(String)&amp;#27;[0m
    &amp;#27;[32mAnd &amp;#27;[0m&amp;#27;[32mI Select Family Gender &quot;&amp;#27;[0m&amp;#27;[32m&amp;#27;[1mFemale&amp;#27;[0m&amp;#27;[32m&quot;&amp;#27;[0m                                                 &amp;#27;[90m# Steps.iSelectFamilyGender(String)&amp;#27;[0m
    &amp;#27;[32mAnd &amp;#27;[0m&amp;#27;[32mI Input Family Date of Birth &quot;&amp;#27;[0m&amp;#27;[32m&amp;#27;[1m1Jan94&amp;#27;[0m&amp;#27;[32m&quot;&amp;#27;[0m                                           &amp;#27;[90m# Steps.iInputFamilyDateOfBirth(String)&amp;#27;[0m
    &amp;#27;[32mAnd &amp;#27;[0m&amp;#27;[32mI Input Family Occupation &quot;&amp;#27;[0m&amp;#27;[32m&amp;#27;[1mActress&amp;#27;[0m&amp;#27;[32m&quot;&amp;#27;[0m                                             &amp;#27;[90m# Steps.iInputFamilyOccupation(String)&amp;#27;[0m
    &amp;#27;[32mAnd &amp;#27;[0m&amp;#27;[32mI Click on Beneficiary of life Insurance Scheme&amp;#27;[0m                                 &amp;#27;[90m# Steps.iClickOnBeneficiaryOfLifeInsuranceScheme()&amp;#27;[0m
    &amp;#27;[32mAnd &amp;#27;[0m&amp;#27;[32mI Click on Beneficiary of Accident Insurance Scheme&amp;#27;[0m                             &amp;#27;[90m# Steps.iClickOnBeneficiaryOfAccidentInsuranceScheme()&amp;#27;[0m
    &amp;#27;[32mAnd &amp;#27;[0m&amp;#27;[32mI Save Particulars of Family and Beneficiaries&amp;#27;[0m                                  &amp;#27;[90m# Steps.iSaveParticularsOfFamilyAndBeneficiaries()&amp;#27;[0m
    &amp;#27;[32mAnd &amp;#27;[0m&amp;#27;[32mI Click on Save and Continue&amp;#27;[0m                                                    &amp;#27;[90m# Steps.iClickOnSaveAndContinue()&amp;#27;[0m
    &amp;#27;[32mAnd &amp;#27;[0m&amp;#27;[32mI Verify Display of Particulars for Registration of Tea Plantation&amp;#27;[0m              &amp;#27;[90m# Steps.iVerifyDisplayOfParticularsForRegistrationOfTeaPlantation()&amp;#27;[0m
    &amp;#27;[32mAnd &amp;#27;[0m&amp;#27;[32mI Click on Add Crop&amp;#27;[0m                                                             &amp;#27;[90m# Steps.iClickOnAddCrop()&amp;#27;[0m
    &amp;#27;[32mAnd &amp;#27;[0m&amp;#27;[32mI Input Organisation Account Number &quot;&amp;#27;[0m&amp;#27;[32m&amp;#27;[1mACC58969&amp;#27;[0m&amp;#27;[32m&quot;&amp;#27;[0m                                  &amp;#27;[90m# Steps.iInputOrganisationAccountNumber(String)&amp;#27;[0m
    &amp;#27;[32mAnd &amp;#27;[0m&amp;#27;[32mI Input Total Extent of plot (In Arpent) &quot;&amp;#27;[0m&amp;#27;[32m&amp;#27;[1m2.7&amp;#27;[0m&amp;#27;[32m&quot;&amp;#27;[0m                                  &amp;#27;[90m# Steps.iInputTotalExtentOfPlotInArpent(String)&amp;#27;[0m
    &amp;#27;[32mAnd &amp;#27;[0m&amp;#27;[32mI Select Owner Type &quot;&amp;#27;[0m&amp;#27;[32m&amp;#27;[1mTenant&amp;#27;[0m&amp;#27;[32m&quot;&amp;#27;[0m                                                    &amp;#27;[90m# Steps.iSelectOwnerType(String)&amp;#27;[0m
    &amp;#27;[32mAnd &amp;#27;[0m&amp;#27;[32mI Input Plot Location &quot;&amp;#27;[0m&amp;#27;[32m&amp;#27;[1mMoka&amp;#27;[0m&amp;#27;[32m&quot;&amp;#27;[0m                                                    &amp;#27;[90m# Steps.iInputPlotLocation(String)&amp;#27;[0m
    &amp;#27;[32mAnd &amp;#27;[0m&amp;#27;[32mI Click on Save and Continue&amp;#27;[0m                                                    &amp;#27;[90m# Steps.iClickOnSaveAndContinue()&amp;#27;[0m
    &amp;#27;[32mAnd &amp;#27;[0m&amp;#27;[32mI Verify Declaration Page for REGISTRATION FOR TEA GROWER&amp;#27;[0m                       &amp;#27;[90m# Steps.iVerifyDeclarationPageForREGISTRATIONFORTEAGROWER()&amp;#27;[0m
    &amp;#27;[32mAnd &amp;#27;[0m&amp;#27;[32mI click on I agree to the Terms and Conditions&amp;#27;[0m                                  &amp;#27;[90m# Steps.iClickOnIAgreeToTheTermsAndConditions()&amp;#27;[0m
    &amp;#27;[32mAnd &amp;#27;[0m&amp;#27;[32mI Click on Photo checkbox&amp;#27;[0m                                                       &amp;#27;[90m# Steps.iClickOnPhotoCheckbox()&amp;#27;[0m
    &amp;#27;[32mAnd &amp;#27;[0m&amp;#27;[32mI Select Bank &quot;&amp;#27;[0m&amp;#27;[32m&amp;#27;[1mABC Banking&amp;#27;[0m&amp;#27;[32m&quot;&amp;#27;[0m                                                     &amp;#27;[90m# Steps.iSelectBank(String)&amp;#27;[0m
    &amp;#27;[32mAnd &amp;#27;[0m&amp;#27;[32mI Input Bank Branch for Agro-Processing Enterprise &quot;&amp;#27;[0m&amp;#27;[32m&amp;#27;[1mPort Louis&amp;#27;[0m&amp;#27;[32m&quot;&amp;#27;[0m                 &amp;#27;[90m# Steps.iInputBankBranchForAgroProcessingEnterprise(String)&amp;#27;[0m
    &amp;#27;[32mAnd &amp;#27;[0m&amp;#27;[32mI Input Personal Bank Account Number Agro-Processing Enterprise &quot;&amp;#27;[0m&amp;#27;[32m&amp;#27;[1m0001252563636&amp;#27;[0m&amp;#27;[32m&quot;&amp;#27;[0m &amp;#27;[90m# Steps.iInputPersonalBankAccountNumberAgroProcessingEnterprise(String)&amp;#27;[0m
    &amp;#27;[32mAnd &amp;#27;[0m&amp;#27;[32mI Click on Submit Application &quot;&amp;#27;[0m&amp;#27;[32m&amp;#27;[1mYes&amp;#27;[0m&amp;#27;[32m&quot;&amp;#27;[0m                                             &amp;#27;[90m# Steps.iClickOnSubmitApplication(String)&amp;#27;[0m
    &amp;#27;[32mAnd &amp;#27;[0m&amp;#27;[32mI Verify Success message for application submitted&amp;#27;[0m                              &amp;#27;[90m# Steps.iVerifySuccessMessageForApplicationSubmitted()&amp;#27;[0m
    &amp;#27;[32mAnd &amp;#27;[0m&amp;#27;[32mI Verify Application Status &quot;&amp;#27;[0m&amp;#27;[32m&amp;#27;[1mSubmitted&amp;#27;[0m&amp;#27;[32m&quot;&amp;#27;[0m                                         &amp;#27;[90m# Steps.iVerifyApplicationStatus(String)&amp;#27;[0m
    &amp;#27;[32mAnd &amp;#27;[0m&amp;#27;[32mI Verify Payment Status &quot;&amp;#27;[0m&amp;#27;[32m&amp;#27;[1mPending&amp;#27;[0m&amp;#27;[32m&quot;&amp;#27;[0m                                               &amp;#27;[90m# Steps.iVerifyPaymentStatus(String)&amp;#27;[0m
    &amp;#27;[32mAnd &amp;#27;[0m&amp;#27;[32mI Copy Application Number&amp;#27;[0m                                                       &amp;#27;[90m# Steps.iCopyApplicationNumber()&amp;#27;[0m
    &amp;#27;[32mAnd &amp;#27;[0m&amp;#27;[32mI Click on Shopping Cart for payment&amp;#27;[0m                                            &amp;#27;[90m# Steps.iClickOnShoppingCartForPayment()&amp;#27;[0m
    &amp;#27;[32mAnd &amp;#27;[0m&amp;#27;[32mI Select Application for payment&amp;#27;[0m                                                &amp;#27;[90m# Steps.IselectApplicationForPayment()&amp;#27;[0m
    &amp;#27;[32mAnd &amp;#27;[0m&amp;#27;[32mI Click on Proceed to Payment&amp;#27;[0m                                                   &amp;#27;[90m# Steps.iClickOnProceedToPayment()&amp;#27;[0m
    &amp;#27;[32mAnd &amp;#27;[0m&amp;#27;[32mI Click on Payment Icon&amp;#27;[0m                                                         &amp;#27;[90m# Steps.iClickOnPaymentIcon()&amp;#27;[0m
    &amp;#27;[32mAnd &amp;#27;[0m&amp;#27;[32mI Select Payment Method &quot;&amp;#27;[0m&amp;#27;[32m&amp;#27;[1mCounter&amp;#27;[0m&amp;#27;[32m&quot;&amp;#27;[0m                                               &amp;#27;[90m# Steps.iSelectPaymentMethod(String)&amp;#27;[0m
    &amp;#27;[32mAnd &amp;#27;[0m&amp;#27;[32mI Click on Final Proceed to Payment&amp;#27;[0m                                             &amp;#27;[90m# Steps.iClickOnFinalProceedToPayment()&amp;#27;[0m
    &amp;#27;[32mAnd &amp;#27;[0m&amp;#27;[32mI Verify Message to proceed to Post Office for Payment&amp;#27;[0m                          &amp;#27;[90m# Steps.iVerifyMessageToProceedToPostOfficeForPayment()&amp;#27;[0m
    &amp;#27;[32mThen &amp;#27;[0m&amp;#27;[32mI Sign Out as Front Registered User&amp;#27;[0m                                            &amp;#27;[90m# Steps.iSignOutAsFrontRegisteredUser()&amp;#27;[0m
    #    Finance
    #    Finance
    &amp;#27;[32mAnd &amp;#27;[0m&amp;#27;[32mI am on SFWF Back Office Home Page &quot;&amp;#27;[0m&amp;#27;[32m&amp;#27;[1mChrome&amp;#27;[0m&amp;#27;[32m&quot;&amp;#27;[0m                                     &amp;#27;[90m# Steps.iAmOnSFWFBackOfficeHomePage(String)&amp;#27;[0m
    &amp;#27;[32mAnd &amp;#27;[0m&amp;#27;[32mI Input Finance Username &quot;&amp;#27;[0m&amp;#27;[32m&amp;#27;[1mFINANCE&amp;#27;[0m&amp;#27;[32m&quot; and Password &quot;&amp;#27;[0m&amp;#27;[32m&amp;#27;[1mAdmin@123&amp;#27;[0m&amp;#27;[32m&quot;&amp;#27;[0m                     &amp;#27;[90m# Steps.iInputFinanceUsernameAndPassword(String,String)&amp;#27;[0m
    &amp;#27;[32mAnd &amp;#27;[0m&amp;#27;[32mI Click on Sign In button&amp;#27;[0m                                                       &amp;#27;[90m# Steps.iClickOnSignInButton()&amp;#27;[0m
    &amp;#27;[32mAnd &amp;#27;[0m&amp;#27;[32mI Verify Successful Login&amp;#27;[0m                                                       &amp;#27;[90m# Steps.IVerifySuccessfulLogin()&amp;#27;[0m
    &amp;#27;[32mAnd &amp;#27;[0m&amp;#27;[32mI Click on Manage Cashier&amp;#27;[0m                                                       &amp;#27;[90m# Steps.iClickOnManageCashier()&amp;#27;[0m
    &amp;#27;[32mAnd &amp;#27;[0m&amp;#27;[32mI Verify List of Applications page&amp;#27;[0m                                              &amp;#27;[90m# Steps.iVerifyListOfApplicationsPage()&amp;#27;[0m
    &amp;#27;[32mAnd &amp;#27;[0m&amp;#27;[32mI Click on Confirm Processing Fees&amp;#27;[0m                                              &amp;#27;[90m# Steps.iClickOnConfirmProcessingFees()&amp;#27;[0m
    &amp;#27;[32mAnd &amp;#27;[0m&amp;#27;[32mI Verify display of Processing Details Frame&amp;#27;[0m                                    &amp;#27;[90m# Steps.iVerifyDisplayOfProcessingDetailsFrame()&amp;#27;[0m
    #    And I Select Payment Mode &quot;&lt;Payment_Mode&gt;&quot;
    #    And I Input Amount of payment &quot;&lt;Amount_To_Pay&gt;&quot;
    #    And I Click on Add Payment
    &amp;#27;[32mAnd &amp;#27;[0m&amp;#27;[32mI Click on Save Payment&amp;#27;[0m                                                         &amp;#27;[90m# Steps.iClickOnSavePayment()&amp;#27;[0m
    &amp;#27;[32mAnd &amp;#27;[0m&amp;#27;[32mI Verify success message for adding payment&amp;#27;[0m                                     &amp;#27;[90m# Steps.iVerifySuccessMessageForAddingPayment()&amp;#27;[0m
    &amp;#27;[32mAnd &amp;#27;[0m&amp;#27;[32mI Sign Out&amp;#27;[0m                                                                      &amp;#27;[90m# Steps.iSignOut()&amp;#27;[0m
    &amp;#27;[32mAnd &amp;#27;[0m&amp;#27;[32mI Verify Successful Sign Out&amp;#27;[0m                                                    &amp;#27;[90m# Steps.iVerifySuccessfulSignOut()&amp;#27;[0m
    #    PWO
    &amp;#27;[32mAnd &amp;#27;[0m&amp;#27;[32mI am on SFWF Back Office Home Page &quot;&amp;#27;[0m&amp;#27;[32m&amp;#27;[1mChrome&amp;#27;[0m&amp;#27;[32m&quot;&amp;#27;[0m                                     &amp;#27;[90m# Steps.iAmOnSFWFBackOfficeHomePage(String)&amp;#27;[0m
    &amp;#27;[32mAnd &amp;#27;[0m&amp;#27;[32mI Input PWO Username &quot;&amp;#27;[0m&amp;#27;[32m&amp;#27;[1mPWO&amp;#27;[0m&amp;#27;[32m&quot; and Password &quot;&amp;#27;[0m&amp;#27;[32m&amp;#27;[1mAdmin@123&amp;#27;[0m&amp;#27;[32m&quot;&amp;#27;[0m                             &amp;#27;[90m# Steps.iInputPWOUsernameAndPassword(String,String)&amp;#27;[0m
    &amp;#27;[32mAnd &amp;#27;[0m&amp;#27;[32mI Click on Sign In button&amp;#27;[0m                                                       &amp;#27;[90m# Steps.iClickOnSignInButton()&amp;#27;[0m
    &amp;#27;[32mAnd &amp;#27;[0m&amp;#27;[32mI Verify Successful Login&amp;#27;[0m                                                       &amp;#27;[90m# Steps.IVerifySuccessfulLogin()&amp;#27;[0m
    &amp;#27;[32mAnd &amp;#27;[0m&amp;#27;[32mI Click on All Applications&amp;#27;[0m                                                     &amp;#27;[90m# Steps.iClickOnAllApplications()&amp;#27;[0m
    &amp;#27;[32mAnd &amp;#27;[0m&amp;#27;[32mI Verify display of list of registrations page&amp;#27;[0m                                  &amp;#27;[90m# Steps.iVerifyDisplayOfListOfRegistrationsPage()&amp;#27;[0m
    &amp;#27;[32mAnd &amp;#27;[0m&amp;#27;[32mI Search for Application Ref Number as a Back Office User&amp;#27;[0m                       &amp;#27;[90m# Steps.iSearchForApplicationRefNumberAsABackOfficeUser()&amp;#27;[0m
    &amp;#27;[32mAnd &amp;#27;[0m&amp;#27;[32mI Click to view Application&amp;#27;[0m                                                     &amp;#27;[90m# Steps.iClickToViewApplication()&amp;#27;[0m
    &amp;#27;[32mAnd &amp;#27;[0m&amp;#27;[32mI Click on Action Button&amp;#27;[0m                                                        &amp;#27;[90m# Steps.iClickOnActionButton()&amp;#27;[0m
    &amp;#27;[32mAnd &amp;#27;[0m&amp;#27;[32mI Select PWO Assigned&amp;#27;[0m                                                           &amp;#27;[90m# Steps.iSelectPWOAssigned()&amp;#27;[0m
    &amp;#27;[32mAnd &amp;#27;[0m&amp;#27;[32mI Select WPO&amp;#27;[0m                                                                    &amp;#27;[90m# Steps.iSelectWPO()&amp;#27;[0m
    &amp;#27;[32mAnd &amp;#27;[0m&amp;#27;[32mI Input Remarks &quot;&amp;#27;[0m&amp;#27;[32m&amp;#27;[1mThis is a test&amp;#27;[0m&amp;#27;[32m&quot;&amp;#27;[0m                                                &amp;#27;[90m# Steps.iInputRemarks(String)&amp;#27;[0m
    &amp;#27;[32mAnd &amp;#27;[0m&amp;#27;[32mI Click on Save Actions&amp;#27;[0m                                                         &amp;#27;[90m# Steps.iClickOnSaveActions()&amp;#27;[0m
    &amp;#27;[32mAnd &amp;#27;[0m&amp;#27;[32mI Verify for success message for assigning&amp;#27;[0m                                      &amp;#27;[90m# Steps.iVerifyForSuccessMessageForAssigning()&amp;#27;[0m
    &amp;#27;[32mAnd &amp;#27;[0m&amp;#27;[32mI Sign Out&amp;#27;[0m                                                                      &amp;#27;[90m# Steps.iSignOut()&amp;#27;[0m
    &amp;#27;[32mAnd &amp;#27;[0m&amp;#27;[32mI Verify Successful Sign Out&amp;#27;[0m                                                    &amp;#27;[90m# Steps.iVerifySuccessfulSignOut()&amp;#27;[0m
    #    WPO
    &amp;#27;[32mAnd &amp;#27;[0m&amp;#27;[32mI am on SFWF Back Office Home Page &quot;&amp;#27;[0m&amp;#27;[32m&amp;#27;[1mChrome&amp;#27;[0m&amp;#27;[32m&quot;&amp;#27;[0m                                     &amp;#27;[90m# Steps.iAmOnSFWFBackOfficeHomePage(String)&amp;#27;[0m
    &amp;#27;[32mAnd &amp;#27;[0m&amp;#27;[32mI Input WPO Username &quot;&amp;#27;[0m&amp;#27;[32m&amp;#27;[1mWPO&amp;#27;[0m&amp;#27;[32m&quot; and Password &quot;&amp;#27;[0m&amp;#27;[32m&amp;#27;[1mAdmin@123&amp;#27;[0m&amp;#27;[32m&quot;&amp;#27;[0m                             &amp;#27;[90m# Steps.iInputWPOUsernameAndPassword(String,String)&amp;#27;[0m
    &amp;#27;[32mAnd &amp;#27;[0m&amp;#27;[32mI Click on Sign In button&amp;#27;[0m                                                       &amp;#27;[90m# Steps.iClickOnSignInButton()&amp;#27;[0m
    &amp;#27;[32mAnd &amp;#27;[0m&amp;#27;[32mI Verify Successful Login&amp;#27;[0m                                                       &amp;#27;[90m# Steps.IVerifySuccessfulLogin()&amp;#27;[0m
    &amp;#27;[32mAnd &amp;#27;[0m&amp;#27;[32mI Click on All Applications&amp;#27;[0m                                                     &amp;#27;[90m# Steps.iClickOnAllApplications()&amp;#27;[0m
    &amp;#27;[32mAnd &amp;#27;[0m&amp;#27;[32mI Verify display of list of registrations page&amp;#27;[0m                                  &amp;#27;[90m# Steps.iVerifyDisplayOfListOfRegistrationsPage()&amp;#27;[0m
    &amp;#27;[32mAnd &amp;#27;[0m&amp;#27;[32mI Search for Application Ref Number as a Back Office User&amp;#27;[0m                       &amp;#27;[90m# Steps.iSearchForApplicationRefNumberAsABackOfficeUser()&amp;#27;[0m
    &amp;#27;[32mAnd &amp;#27;[0m&amp;#27;[32mI Click to view Application&amp;#27;[0m                                                     &amp;#27;[90m# Steps.iClickToViewApplication()&amp;#27;[0m
    &amp;#27;[32mAnd &amp;#27;[0m&amp;#27;[32mI Click on Action Button&amp;#27;[0m                                                        &amp;#27;[90m# Steps.iClickOnActionButton()&amp;#27;[0m
    &amp;#27;[32mAnd &amp;#27;[0m&amp;#27;[32mI Select Assigned&amp;#27;[0m                                                               &amp;#27;[90m# Steps.iSelectAssigned()&amp;#27;[0m
    &amp;#27;[32mAnd &amp;#27;[0m&amp;#27;[32mI Select WO&amp;#27;[0m                                                                     &amp;#27;[90m# Steps.iSelectWO()&amp;#27;[0m
    &amp;#27;[32mAnd &amp;#27;[0m&amp;#27;[32mI Input Remarks &quot;&amp;#27;[0m&amp;#27;[32m&amp;#27;[1mThis is a test&amp;#27;[0m&amp;#27;[32m&quot;&amp;#27;[0m                                                &amp;#27;[90m# Steps.iInputRemarks(String)&amp;#27;[0m
    &amp;#27;[32mAnd &amp;#27;[0m&amp;#27;[32mI Click on Save Actions&amp;#27;[0m                                                         &amp;#27;[90m# Steps.iClickOnSaveActions()&amp;#27;[0m
    &amp;#27;[32mAnd &amp;#27;[0m&amp;#27;[32mI Verify for success message for assigning&amp;#27;[0m                                      &amp;#27;[90m# Steps.iVerifyForSuccessMessageForAssigning()&amp;#27;[0m
    &amp;#27;[32mAnd &amp;#27;[0m&amp;#27;[32mI Sign Out&amp;#27;[0m                                                                      &amp;#27;[90m# Steps.iSignOut()&amp;#27;[0m
    &amp;#27;[32mAnd &amp;#27;[0m&amp;#27;[32mI Verify Successful Sign Out&amp;#27;[0m                                                    &amp;#27;[90m# Steps.iVerifySuccessfulSignOut()&amp;#27;[0m
    #    WO/WA
    &amp;#27;[32mAnd &amp;#27;[0m&amp;#27;[32mI am on SFWF Back Office Home Page &quot;&amp;#27;[0m&amp;#27;[32m&amp;#27;[1mChrome&amp;#27;[0m&amp;#27;[32m&quot;&amp;#27;[0m                                     &amp;#27;[90m# Steps.iAmOnSFWFBackOfficeHomePage(String)&amp;#27;[0m
    &amp;#27;[32mAnd &amp;#27;[0m&amp;#27;[32mI Input WO-WA Username &quot;&amp;#27;[0m&amp;#27;[32m&amp;#27;[1mWO&amp;#27;[0m&amp;#27;[32m&quot; and Password &quot;&amp;#27;[0m&amp;#27;[32m&amp;#27;[1mAdmin@123&amp;#27;[0m&amp;#27;[32m&quot;&amp;#27;[0m                            &amp;#27;[90m# Steps.iInputWOWAUsernameAndPassword(String,String)&amp;#27;[0m
    &amp;#27;[32mAnd &amp;#27;[0m&amp;#27;[32mI Click on Sign In button&amp;#27;[0m                                                       &amp;#27;[90m# Steps.iClickOnSignInButton()&amp;#27;[0m
    &amp;#27;[32mAnd &amp;#27;[0m&amp;#27;[32mI Verify Successful Login&amp;#27;[0m                                                       &amp;#27;[90m# Steps.IVerifySuccessfulLogin()&amp;#27;[0m
    &amp;#27;[32mAnd &amp;#27;[0m&amp;#27;[32mI Click on All Applications&amp;#27;[0m                                                     &amp;#27;[90m# Steps.iClickOnAllApplications()&amp;#27;[0m
    &amp;#27;[32mAnd &amp;#27;[0m&amp;#27;[32mI Verify display of list of registrations page&amp;#27;[0m                                  &amp;#27;[90m# Steps.iVerifyDisplayOfListOfRegistrationsPage()&amp;#27;[0m
    &amp;#27;[32mAnd &amp;#27;[0m&amp;#27;[32mI Search for Application Ref Number as a Back Office User&amp;#27;[0m                       &amp;#27;[90m# Steps.iSearchForApplicationRefNumberAsABackOfficeUser()&amp;#27;[0m
    &amp;#27;[32mAnd &amp;#27;[0m&amp;#27;[32mI Click to view Application&amp;#27;[0m                                                     &amp;#27;[90m# Steps.iClickToViewApplication()&amp;#27;[0m
    &amp;#27;[32mAnd &amp;#27;[0m&amp;#27;[32mI Click on Site Report Tab&amp;#27;[0m                                                      &amp;#27;[90m# Steps.iClickOnSiteReportTab()&amp;#27;[0m
    &amp;#27;[32mAnd &amp;#27;[0m&amp;#27;[32mI Select Bonafide Planter &quot;&amp;#27;[0m&amp;#27;[32m&amp;#27;[1mYes&amp;#27;[0m&amp;#27;[32m&quot;&amp;#27;[0m                                                 &amp;#27;[90m# Steps.iSelectBonafidePlanter(String)&amp;#27;[0m
    &amp;#27;[32mAnd &amp;#27;[0m&amp;#27;[32mI Input Site visit remarks &quot;&amp;#27;[0m&amp;#27;[32m&amp;#27;[1mThis is a test&amp;#27;[0m&amp;#27;[32m&quot;&amp;#27;[0m                                     &amp;#27;[90m# Steps.iInputSiteVisitRemarks(String)&amp;#27;[0m
    &amp;#27;[32mAnd &amp;#27;[0m&amp;#27;[32mI Upload Site Report &quot;&amp;#27;[0m&amp;#27;[32m&amp;#27;[1msrc\test\resources\Upload_Test1.pdf&amp;#27;[0m&amp;#27;[32m&quot;&amp;#27;[0m                      &amp;#27;[90m# Steps.iUploadSiteReport(String)&amp;#27;[0m
    &amp;#27;[32mAnd &amp;#27;[0m&amp;#27;[32mI Verify for Document Upload Success Message&amp;#27;[0m                                    &amp;#27;[90m# Steps.iVerifyForDocumentUploadSuccessMessage()&amp;#27;[0m
    &amp;#27;[32mAnd &amp;#27;[0m&amp;#27;[32mI Click on Save Button&amp;#27;[0m                                                          &amp;#27;[90m# Steps.iClickOnSaveButton()&amp;#27;[0m
    &amp;#27;[32mAnd &amp;#27;[0m&amp;#27;[32mI Verify Site Visit saved success message&amp;#27;[0m                                       &amp;#27;[90m# Steps.iVerifySiteVisitSavedSuccessMessage()&amp;#27;[0m
    &amp;#27;[32mAnd &amp;#27;[0m&amp;#27;[32mI Click on Action Button&amp;#27;[0m                                                        &amp;#27;[90m# Steps.iClickOnActionButton()&amp;#27;[0m
    &amp;#27;[32mAnd &amp;#27;[0m&amp;#27;[32mI Select Assigned&amp;#27;[0m                                                               &amp;#27;[90m# Steps.iSelectAssigned()&amp;#27;[0m
    &amp;#27;[32mAnd &amp;#27;[0m&amp;#27;[32mI Select WPO&amp;#27;[0m                                                                    &amp;#27;[90m# Steps.iSelectWPO()&amp;#27;[0m
    &amp;#27;[32mAnd &amp;#27;[0m&amp;#27;[32mI Input Remarks &quot;&amp;#27;[0m&amp;#27;[32m&amp;#27;[1mThis is a test&amp;#27;[0m&amp;#27;[32m&quot;&amp;#27;[0m                                                &amp;#27;[90m# Steps.iInputRemarks(String)&amp;#27;[0m
    &amp;#27;[32mAnd &amp;#27;[0m&amp;#27;[32mI Click on Save Actions&amp;#27;[0m                                                         &amp;#27;[90m# Steps.iClickOnSaveActions()&amp;#27;[0m
    &amp;#27;[32mAnd &amp;#27;[0m&amp;#27;[32mI Verify for success message for assigning&amp;#27;[0m                                      &amp;#27;[90m# Steps.iVerifyForSuccessMessageForAssigning()&amp;#27;[0m
    &amp;#27;[32mAnd &amp;#27;[0m&amp;#27;[32mI Sign Out&amp;#27;[0m                                                                      &amp;#27;[90m# Steps.iSignOut()&amp;#27;[0m
    &amp;#27;[32mAnd &amp;#27;[0m&amp;#27;[32mI Verify Successful Sign Out&amp;#27;[0m                                                    &amp;#27;[90m# Steps.iVerifySuccessfulSignOut()&amp;#27;[0m
    #    WPO
    &amp;#27;[32mAnd &amp;#27;[0m&amp;#27;[32mI am on SFWF Back Office Home Page &quot;&amp;#27;[0m&amp;#27;[32m&amp;#27;[1mChrome&amp;#27;[0m&amp;#27;[32m&quot;&amp;#27;[0m                                     &amp;#27;[90m# Steps.iAmOnSFWFBackOfficeHomePage(String)&amp;#27;[0m
    &amp;#27;[32mAnd &amp;#27;[0m&amp;#27;[32mI Input WPO Username &quot;&amp;#27;[0m&amp;#27;[32m&amp;#27;[1mWPO&amp;#27;[0m&amp;#27;[32m&quot; and Password &quot;&amp;#27;[0m&amp;#27;[32m&amp;#27;[1mAdmin@123&amp;#27;[0m&amp;#27;[32m&quot;&amp;#27;[0m                             &amp;#27;[90m# Steps.iInputWPOUsernameAndPassword(String,String)&amp;#27;[0m
    &amp;#27;[32mAnd &amp;#27;[0m&amp;#27;[32mI Click on Sign In button&amp;#27;[0m                                                       &amp;#27;[90m# Steps.iClickOnSignInButton()&amp;#27;[0m
    &amp;#27;[32mAnd &amp;#27;[0m&amp;#27;[32mI Verify Successful Login&amp;#27;[0m                                                       &amp;#27;[90m# Steps.IVerifySuccessfulLogin()&amp;#27;[0m
    &amp;#27;[32mAnd &amp;#27;[0m&amp;#27;[32mI Click on All Applications&amp;#27;[0m                                                     &amp;#27;[90m# Steps.iClickOnAllApplications()&amp;#27;[0m
    &amp;#27;[32mAnd &amp;#27;[0m&amp;#27;[32mI Verify display of list of registrations page&amp;#27;[0m                                  &amp;#27;[90m# Steps.iVerifyDisplayOfListOfRegistrationsPage()&amp;#27;[0m
    &amp;#27;[32mAnd &amp;#27;[0m&amp;#27;[32mI Search for Application Ref Number as a Back Office User&amp;#27;[0m                       &amp;#27;[90m# Steps.iSearchForApplicationRefNumberAsABackOfficeUser()&amp;#27;[0m
    &amp;#27;[32mAnd &amp;#27;[0m&amp;#27;[32mI Click to view Application&amp;#27;[0m                                                     &amp;#27;[90m# Steps.iClickToViewApplication()&amp;#27;[0m
    &amp;#27;[32mAnd &amp;#27;[0m&amp;#27;[32mI Click on Action Button&amp;#27;[0m                                                        &amp;#27;[90m# Steps.iClickOnActionButton()&amp;#27;[0m
    &amp;#27;[32mAnd &amp;#27;[0m&amp;#27;[32mI Select Under Query&amp;#27;[0m                                                            &amp;#27;[90m# Steps.iSelectUnderQuery()&amp;#27;[0m
    &amp;#27;[32mAnd &amp;#27;[0m&amp;#27;[32mI Input External Remarks &quot;&amp;#27;[0m&amp;#27;[32m&amp;#27;[1mThis is a test&amp;#27;[0m&amp;#27;[32m&quot;&amp;#27;[0m                                       &amp;#27;[90m# Steps.iInputExternalRemarks(String)&amp;#27;[0m
    &amp;#27;[32mAnd &amp;#27;[0m&amp;#27;[32mI Click on Under Query Notification for Tea Grower&amp;#27;[0m                              &amp;#27;[90m# Steps.iClickOnUnderQueryNotificationForTeaGrower()&amp;#27;[0m
    &amp;#27;[32mAnd &amp;#27;[0m&amp;#27;[32mI Verify Success Message for Under Query Notification for Tea Grower&amp;#27;[0m            &amp;#27;[90m# Steps.iVerifySuccessMessageForUnderQueryNotificationForTeaGrower()&amp;#27;[0m
    &amp;#27;[32mAnd &amp;#27;[0m&amp;#27;[32mI Click on Save Actions&amp;#27;[0m                                                         &amp;#27;[90m# Steps.iClickOnSaveActions()&amp;#27;[0m
    &amp;#27;[32mAnd &amp;#27;[0m&amp;#27;[32mI Verify for success message for workflow saved&amp;#27;[0m                                 &amp;#27;[90m# Steps.iVerifyForSuccessMessageForWorkflowSaved()&amp;#27;[0m
    &amp;#27;[32mAnd &amp;#27;[0m&amp;#27;[32mI Sign Out&amp;#27;[0m                                                                      &amp;#27;[90m# Steps.iSignOut()&amp;#27;[0m
    &amp;#27;[32mAnd &amp;#27;[0m&amp;#27;[32mI Verify Successful Sign Out&amp;#27;[0m                                                    &amp;#27;[90m# Steps.iVerifySuccessfulSignOut()&amp;#27;[0m
    #    Applicant after under query
    &amp;#27;[32mGiven &amp;#27;[0m&amp;#27;[32mI am on SFWF Front Office Home Page &quot;&amp;#27;[0m&amp;#27;[32m&amp;#27;[1mChrome&amp;#27;[0m&amp;#27;[32m&quot;&amp;#27;[0m                                  &amp;#27;[90m# Steps.iAmOnSFWFFrontOfficeHomePage(String)&amp;#27;[0m
    &amp;#27;[32mWhen &amp;#27;[0m&amp;#27;[32mI Input Registered User&apos;s Username &quot;&amp;#27;[0m&amp;#27;[32m&amp;#27;[1mSuraj&amp;#27;[0m&amp;#27;[32m&quot; and Password &quot;&amp;#27;[0m&amp;#27;[32m&amp;#27;[1mAdmin@123&amp;#27;[0m&amp;#27;[32m&quot;&amp;#27;[0m            &amp;#27;[90m# Steps.iInputRegisteredUserSUsernameAndPassword(String,String)&amp;#27;[0m
    &amp;#27;[32mAnd &amp;#27;[0m&amp;#27;[32mI Click on Sign In button&amp;#27;[0m                                                       &amp;#27;[90m# Steps.iClickOnSignInButton()&amp;#27;[0m
    &amp;#27;[32mAnd &amp;#27;[0m&amp;#27;[32mI Verify Applicant&apos;s Successful Login&amp;#27;[0m                                           &amp;#27;[90m# Steps.iVerifyApplicantSSuccessfulLogin()&amp;#27;[0m
    &amp;#27;[32mAnd &amp;#27;[0m&amp;#27;[32mI Click on Register as Farmer&amp;#27;[0m                                                   &amp;#27;[90m# Steps.iClickOnRegisterAsFarmer()&amp;#27;[0m
    &amp;#27;[32mAnd &amp;#27;[0m&amp;#27;[32mI Verify that User is directed to My Application Page&amp;#27;[0m                           &amp;#27;[90m# Steps.iVerifyThatUserIsDirectedToMyApplicationPage()&amp;#27;[0m
    &amp;#27;[32mAnd &amp;#27;[0m&amp;#27;[32mI Verify display of Farmers Card link&amp;#27;[0m                                           &amp;#27;[90m# Steps.iVerifyDisplayOfFarmersCardLink()&amp;#27;[0m
    &amp;#27;[32mAnd &amp;#27;[0m&amp;#27;[32mI Verify Programmes link&amp;#27;[0m                                                        &amp;#27;[90m# Steps.iVerifyProgrammesLink()&amp;#27;[0m
    &amp;#27;[32mAnd &amp;#27;[0m&amp;#27;[32mI Search for Application Ref Number for re-submit&amp;#27;[0m                               &amp;#27;[90m# Steps.iSearchForApplicationRefNumberForReSubmit()&amp;#27;[0m
    &amp;#27;[32mAnd &amp;#27;[0m&amp;#27;[32mI Verify display of REGISTRATION FOR TEA GROWERS Page&amp;#27;[0m                           &amp;#27;[90m# Steps.iVerifyDisplayOfREGISTRATIONFORTEAGROWERSPage()&amp;#27;[0m
    &amp;#27;[31mAnd &amp;#27;[0m&amp;#27;[31mI Click on Save and Continue&amp;#27;[0m                                                    &amp;#27;[90m# Steps.iClickOnSaveAndContinue()&amp;#27;[0m
      &amp;#27;[31morg.openqa.selenium.NoSuchElementException: no such element: Unable to locate element: {&quot;method&quot;:&quot;xpath&quot;,&quot;selector&quot;:&quot;//span[contains(text(),&apos;Save and Continue&apos;)]&quot;}
        (Session info: chrome=129.0.6668.60)
      For documentation on this error, please visit: http://seleniumhq.org/exceptions/no_such_element.html
      Build info: version: &apos;3.4.0&apos;, revision: &apos;unknown&apos;, time: &apos;unknown&apos;
      System info: host: &apos;SIL-LTDELLI7-G6&apos;, ip: &apos;130.1.19.132&apos;, os.name: &apos;Windows 11&apos;, os.arch: &apos;amd64&apos;, os.version: &apos;10.0&apos;, java.version: &apos;1.8.0_371&apos;
      Driver info: org.openqa.selenium.chrome.ChromeDriver
      Capabilities [{networkConnectionEnabled=false, chrome={chromedriverVersion=129.0.6668.89 (951c0b97221f8d4ba37cf97d324505c832251cf9-refs/branch-heads/6668@{#1503}), userDataDir=C:\Users\SURAJ~1.JOG\AppData\Local\Temp\scoped_dir35568_760835912}, timeouts={implicit=0.0, pageLoad=300000.0, script=30000.0}, pageLoadStrategy=normal, unhandledPromptBehavior=dismiss and notify, strictFileInteractability=false, platform=ANY, proxy=Proxy(), webauthn:extension:minPinLength=true, goog:chromeOptions={debuggerAddress=localhost:50734}, webauthn:extension:credBlob=true, webauthn:extension:prf=true, acceptInsecureCerts=false, browserVersion=129.0.6668.60, fedcm:accounts=true, browserName=chrome, javascriptEnabled=true, platformName=windows, setWindowRect=true, webauthn:extension:largeBlob=true, webauthn:virtualAuthenticators=true}]
      Session ID: 5008aa0ee60d2ed779132b50fbda8678
      *** Element info: {Using=xpath, value=//span[contains(text(),&apos;Save and Continue&apos;)]}
      	at sun.reflect.NativeConstructorAccessorImpl.newInstance0(Native Method)
      	at sun.reflect.NativeConstructorAccessorImpl.newInstance(NativeConstructorAccessorImpl.java:62)
      	at sun.reflect.DelegatingConstructorAccessorImpl.newInstance(DelegatingConstructorAccessorImpl.java:45)
      	at java.lang.reflect.Constructor.newInstance(Constructor.java:423)
      	at org.openqa.selenium.remote.http.W3CHttpResponseCodec.createException(W3CHttpResponseCodec.java:150)
      	at org.openqa.selenium.remote.http.W3CHttpResponseCodec.decode(W3CHttpResponseCodec.java:115)
      	at org.openqa.selenium.remote.http.W3CHttpResponseCodec.decode(W3CHttpResponseCodec.java:45)
      	at org.openqa.selenium.remote.HttpCommandExecutor.execute(HttpCommandExecutor.java:164)
      	at org.openqa.selenium.remote.service.DriverCommandExecutor.execute(DriverCommandExecutor.java:82)
      	at org.openqa.selenium.remote.RemoteWebDriver.execute(RemoteWebDriver.java:637)
      	at org.openqa.selenium.remote.RemoteWebDriver.findElement(RemoteWebDriver.java:410)
      	at org.openqa.selenium.remote.RemoteWebDriver.findElementByXPath(RemoteWebDriver.java:509)
      	at org.openqa.selenium.By$ByXPath.findElement(By.java:361)
      	at org.openqa.selenium.remote.RemoteWebDriver.findElement(RemoteWebDriver.java:402)
      	at objectrepository.Farmers_cooperatives_association_society_company.Save_and_continue(Farmers_cooperatives_association_society_company.java:232)
      	at stepdefinition.Steps.iClickOnSaveAndContinue(Steps.java:685)
      	at ?.And I Click on Save and Continue(features/US13280.feature:1553)
      &amp;#27;[0m
    &amp;#27;[36mAnd &amp;#27;[0m&amp;#27;[36mI Verify Upload Required Documents Page is displayed&amp;#27;[0m                            &amp;#27;[90m# Steps.iVerifyUploadRequiredDocumentsPageIsDisplayed()&amp;#27;[0m
    &amp;#27;[36mAnd &amp;#27;[0m&amp;#27;[36mI Click on Save and Continue&amp;#27;[0m                                                    &amp;#27;[90m# Steps.iClickOnSaveAndContinue()&amp;#27;[0m
    &amp;#27;[36mAnd &amp;#27;[0m&amp;#27;[36mI Verify Terms and Conditions Page&amp;#27;[0m                                              &amp;#27;[90m# Steps.iVerifyTermsAndConditionsPage()&amp;#27;[0m
    &amp;#27;[36mAnd &amp;#27;[0m&amp;#27;[36mI Click on Submit Application &quot;&amp;#27;[0m&amp;#27;[36m&amp;#27;[1mYes&amp;#27;[0m&amp;#27;[36m&quot;&amp;#27;[0m                                             &amp;#27;[90m# Steps.iClickOnSubmitApplication(String)&amp;#27;[0m
    &amp;#27;[36mAnd &amp;#27;[0m&amp;#27;[36mI Verify Success message for application submitted&amp;#27;[0m                              &amp;#27;[90m# Steps.iVerifySuccessMessageForApplicationSubmitted()&amp;#27;[0m
    &amp;#27;[36mAnd &amp;#27;[0m&amp;#27;[36mI Sign Out as Front Registered User&amp;#27;[0m                                             &amp;#27;[90m# Steps.iSignOutAsFrontRegisteredUser()&amp;#27;[0m
    #    WPO
    &amp;#27;[36mAnd &amp;#27;[0m&amp;#27;[36mI am on SFWF Back Office Home Page &quot;&amp;#27;[0m&amp;#27;[36m&amp;#27;[1mChrome&amp;#27;[0m&amp;#27;[36m&quot;&amp;#27;[0m                                     &amp;#27;[90m# Steps.iAmOnSFWFBackOfficeHomePage(String)&amp;#27;[0m
    &amp;#27;[36mAnd &amp;#27;[0m&amp;#27;[36mI Input WPO Username &quot;&amp;#27;[0m&amp;#27;[36m&amp;#27;[1mWPO&amp;#27;[0m&amp;#27;[36m&quot; and Password &quot;&amp;#27;[0m&amp;#27;[36m&amp;#27;[1mAdmin@123&amp;#27;[0m&amp;#27;[36m&quot;&amp;#27;[0m                             &amp;#27;[90m# Steps.iInputWPOUsernameAndPassword(String,String)&amp;#27;[0m
    &amp;#27;[36mAnd &amp;#27;[0m&amp;#27;[36mI Click on Sign In button&amp;#27;[0m                                                       &amp;#27;[90m# Steps.iClickOnSignInButton()&amp;#27;[0m
    &amp;#27;[36mAnd &amp;#27;[0m&amp;#27;[36mI Verify Successful Login&amp;#27;[0m                                                       &amp;#27;[90m# Steps.IVerifySuccessfulLogin()&amp;#27;[0m
    &amp;#27;[36mAnd &amp;#27;[0m&amp;#27;[36mI Click on All Applications&amp;#27;[0m                                                     &amp;#27;[90m# Steps.iClickOnAllApplications()&amp;#27;[0m
    &amp;#27;[36mAnd &amp;#27;[0m&amp;#27;[36mI Verify display of list of registrations page&amp;#27;[0m                                  &amp;#27;[90m# Steps.iVerifyDisplayOfListOfRegistrationsPage()&amp;#27;[0m
    &amp;#27;[36mAnd &amp;#27;[0m&amp;#27;[36mI Search for Application Ref Number as a Back Office User&amp;#27;[0m                       &amp;#27;[90m# Steps.iSearchForApplicationRefNumberAsABackOfficeUser()&amp;#27;[0m
    &amp;#27;[36mAnd &amp;#27;[0m&amp;#27;[36mI Click to view Application&amp;#27;[0m                                                     &amp;#27;[90m# Steps.iClickToViewApplication()&amp;#27;[0m
    &amp;#27;[36mAnd &amp;#27;[0m&amp;#27;[36mI Click on Action Button&amp;#27;[0m                                                        &amp;#27;[90m# Steps.iClickOnActionButton()&amp;#27;[0m
    &amp;#27;[36mAnd &amp;#27;[0m&amp;#27;[36mI Select Approved to approve the registration application&amp;#27;[0m                       &amp;#27;[90m# Steps.iSelectApprovedToApproveTheRegistrationApplication()&amp;#27;[0m
    &amp;#27;[36mAnd &amp;#27;[0m&amp;#27;[36mI Input Remarks &quot;&amp;#27;[0m&amp;#27;[36m&amp;#27;[1mThis is a test&amp;#27;[0m&amp;#27;[36m&quot;&amp;#27;[0m                                                &amp;#27;[90m# Steps.iInputRemarks(String)&amp;#27;[0m
    &amp;#27;[36mAnd &amp;#27;[0m&amp;#27;[36mI Click on Save Actions&amp;#27;[0m                                                         &amp;#27;[90m# Steps.iClickOnSaveActions()&amp;#27;[0m
    &amp;#27;[36mAnd &amp;#27;[0m&amp;#27;[36mI Verify for success message for approval&amp;#27;[0m                                       &amp;#27;[90m# Steps.iVerifyForSuccessMessageForApproval()&amp;#27;[0m
    &amp;#27;[36mAnd &amp;#27;[0m&amp;#27;[36mI Sign Out&amp;#27;[0m                                                                      &amp;#27;[90m# Steps.iSignOut()&amp;#27;[0m
    &amp;#27;[36mAnd &amp;#27;[0m&amp;#27;[36mI Verify Successful Sign Out&amp;#27;[0m                                                    &amp;#27;[90m# Steps.iVerifySuccessfulSignOut()&amp;#27;[0m
    #    IT Department
    &amp;#27;[36mAnd &amp;#27;[0m&amp;#27;[36mI am on SFWF Back Office Home Page &quot;&amp;#27;[0m&amp;#27;[36m&amp;#27;[1mChrome&amp;#27;[0m&amp;#27;[36m&quot;&amp;#27;[0m                                     &amp;#27;[90m# Steps.iAmOnSFWFBackOfficeHomePage(String)&amp;#27;[0m
    &amp;#27;[36mAnd &amp;#27;[0m&amp;#27;[36mI Input IT Department Username &quot;&amp;#27;[0m&amp;#27;[36m&amp;#27;[1mIT_DEPT&amp;#27;[0m&amp;#27;[36m&quot; and Password &quot;&amp;#27;[0m&amp;#27;[36m&amp;#27;[1mAdmin@123&amp;#27;[0m&amp;#27;[36m&quot;&amp;#27;[0m               &amp;#27;[90m# Steps.iInputITDepartmentUsernameAndPassword(String,String)&amp;#27;[0m
    &amp;#27;[36mAnd &amp;#27;[0m&amp;#27;[36mI Click on Sign In button&amp;#27;[0m                                                       &amp;#27;[90m# Steps.iClickOnSignInButton()&amp;#27;[0m
    &amp;#27;[36mAnd &amp;#27;[0m&amp;#27;[36mI Verify Successful Login&amp;#27;[0m                                                       &amp;#27;[90m# Steps.IVerifySuccessfulLogin()&amp;#27;[0m
    &amp;#27;[36mAnd &amp;#27;[0m&amp;#27;[36mI Click on All Applications&amp;#27;[0m                                                     &amp;#27;[90m# Steps.iClickOnAllApplications()&amp;#27;[0m
    &amp;#27;[36mAnd &amp;#27;[0m&amp;#27;[36mI Verify display of list of registrations page&amp;#27;[0m                                  &amp;#27;[90m# Steps.iVerifyDisplayOfListOfRegistrationsPage()&amp;#27;[0m
    &amp;#27;[36mAnd &amp;#27;[0m&amp;#27;[36mI Search for Application Ref Number as a Back Office User&amp;#27;[0m                       &amp;#27;[90m# Steps.iSearchForApplicationRefNumberAsABackOfficeUser()&amp;#27;[0m
    &amp;#27;[36mAnd &amp;#27;[0m&amp;#27;[36mI Click to view Application&amp;#27;[0m                                                     &amp;#27;[90m# Steps.iClickToViewApplication()&amp;#27;[0m
    &amp;#27;[36mAnd &amp;#27;[0m&amp;#27;[36mI Click on Print Card&amp;#27;[0m                                                           &amp;#27;[90m# Steps.iClickOnPrintCard()&amp;#27;[0m
    &amp;#27;[36mAnd &amp;#27;[0m&amp;#27;[36mI Sign Out&amp;#27;[0m                                                                      &amp;#27;[90m# Steps.iSignOut()&amp;#27;[0m
    &amp;#27;[36mAnd &amp;#27;[0m&amp;#27;[36mI Verify Successful Sign Out&amp;#27;[0m                                                    &amp;#27;[90m# Steps.iVerifySuccessfulSignOut()&amp;#27;[0m
    #    Applicant verify status - Card Printed
    &amp;#27;[36mGiven &amp;#27;[0m&amp;#27;[36mI am on SFWF Front Office Home Page &quot;&amp;#27;[0m&amp;#27;[36m&amp;#27;[1mChrome&amp;#27;[0m&amp;#27;[36m&quot;&amp;#27;[0m                                  &amp;#27;[90m# Steps.iAmOnSFWFFrontOfficeHomePage(String)&amp;#27;[0m
    &amp;#27;[36mWhen &amp;#27;[0m&amp;#27;[36mI Input Registered User&apos;s Username &quot;&amp;#27;[0m&amp;#27;[36m&amp;#27;[1mSuraj&amp;#27;[0m&amp;#27;[36m&quot; and Password &quot;&amp;#27;[0m&amp;#27;[36m&amp;#27;[1mAdmin@123&amp;#27;[0m&amp;#27;[36m&quot;&amp;#27;[0m            &amp;#27;[90m# Steps.iInputRegisteredUserSUsernameAndPassword(String,String)&amp;#27;[0m
    &amp;#27;[36mAnd &amp;#27;[0m&amp;#27;[36mI Click on Sign In button&amp;#27;[0m                                                       &amp;#27;[90m# Steps.iClickOnSignInButton()&amp;#27;[0m
    &amp;#27;[36mAnd &amp;#27;[0m&amp;#27;[36mI Verify Applicant&apos;s Successful Login&amp;#27;[0m                                           &amp;#27;[90m# Steps.iVerifyApplicantSSuccessfulLogin()&amp;#27;[0m
    &amp;#27;[36mAnd &amp;#27;[0m&amp;#27;[36mI Click on Register as Farmer&amp;#27;[0m                                                   &amp;#27;[90m# Steps.iClickOnRegisterAsFarmer()&amp;#27;[0m
    &amp;#27;[36mAnd &amp;#27;[0m&amp;#27;[36mI Verify that User is directed to My Application Page&amp;#27;[0m                           &amp;#27;[90m# Steps.iVerifyThatUserIsDirectedToMyApplicationPage()&amp;#27;[0m
    &amp;#27;[36mAnd &amp;#27;[0m&amp;#27;[36mI Verify display of Farmers Card link&amp;#27;[0m                                           &amp;#27;[90m# Steps.iVerifyDisplayOfFarmersCardLink()&amp;#27;[0m
    &amp;#27;[36mAnd &amp;#27;[0m&amp;#27;[36mI Verify Programmes link&amp;#27;[0m                                                        &amp;#27;[90m# Steps.iVerifyProgrammesLink()&amp;#27;[0m
    &amp;#27;[36mAnd &amp;#27;[0m&amp;#27;[36mI Search for Application Ref Number for to check Status Card Printed&amp;#27;[0m            &amp;#27;[90m# Steps.iSearchForApplicationRefNumberForToCheckStatusCardPrinted()&amp;#27;[0m
    &amp;#27;[36mAnd &amp;#27;[0m&amp;#27;[36mI Verify Application Status to be Card Printed&amp;#27;[0m                                  &amp;#27;[90m# Steps.iVerifyApplicationStatusToBeCardPrinted()&amp;#27;[0m
    &amp;#27;[36mAnd &amp;#27;[0m&amp;#27;[36mI Sign Out as Front Registered User&amp;#27;[0m                                             &amp;#27;[90m# Steps.iSignOutAsFrontRegisteredUser()&amp;#27;[0m

&amp;#27;[31mFailed scenarios:&amp;#27;[0m
&amp;#27;[31mfeatures/US13280.feature:1606 &amp;#27;[0m# Scenario Outline: Payment at counter for Registration as Tea Grower

1 Scenarios (&amp;#27;[31m1 failed&amp;#27;[0m)
199 Steps (&amp;#27;[31m1 failed&amp;#27;[0m, &amp;#27;[36m43 skipped&amp;#27;[0m, &amp;#27;[32m155 passed&amp;#27;[0m)
6m1.257s

org.openqa.selenium.NoSuchElementException: no such element: Unable to locate element: {&quot;method&quot;:&quot;xpath&quot;,&quot;selector&quot;:&quot;//span[contains(text(),&apos;Save and Continue&apos;)]&quot;}
  (Session info: chrome=129.0.6668.60)
For documentation on this error, please visit: http://seleniumhq.org/exceptions/no_such_element.html
Build info: version: &apos;3.4.0&apos;, revision: &apos;unknown&apos;, time: &apos;unknown&apos;
System info: host: &apos;SIL-LTDELLI7-G6&apos;, ip: &apos;130.1.19.132&apos;, os.name: &apos;Windows 11&apos;, os.arch: &apos;amd64&apos;, os.version: &apos;10.0&apos;, java.version: &apos;1.8.0_371&apos;
Driver info: org.openqa.selenium.chrome.ChromeDriver
Capabilities [{networkConnectionEnabled=false, chrome={chromedriverVersion=129.0.6668.89 (951c0b97221f8d4ba37cf97d324505c832251cf9-refs/branch-heads/6668@{#1503}), userDataDir=C:\Users\SURAJ~1.JOG\AppData\Local\Temp\scoped_dir35568_760835912}, timeouts={implicit=0.0, pageLoad=300000.0, script=30000.0}, pageLoadStrategy=normal, unhandledPromptBehavior=dismiss and notify, strictFileInteractability=false, platform=ANY, proxy=Proxy(), webauthn:extension:minPinLength=true, goog:chromeOptions={debuggerAddress=localhost:50734}, webauthn:extension:credBlob=true, webauthn:extension:prf=true, acceptInsecureCerts=false, browserVersion=129.0.6668.60, fedcm:accounts=true, browserName=chrome, javascriptEnabled=true, platformName=windows, setWindowRect=true, webauthn:extension:largeBlob=true, webauthn:virtualAuthenticators=true}]
Session ID: 5008aa0ee60d2ed779132b50fbda8678
*** Element info: {Using=xpath, value=//span[contains(text(),&apos;Save and Continue&apos;)]}
	at sun.reflect.NativeConstructorAccessorImpl.newInstance0(Native Method)
	at sun.reflect.NativeConstructorAccessorImpl.newInstance(NativeConstructorAccessorImpl.java:62)
	at sun.reflect.DelegatingConstructorAccessorImpl.newInstance(DelegatingConstructorAccessorImpl.java:45)
	at java.lang.reflect.Constructor.newInstance(Constructor.java:423)
	at org.openqa.selenium.remote.http.W3CHttpResponseCodec.createException(W3CHttpResponseCodec.java:150)
	at org.openqa.selenium.remote.http.W3CHttpResponseCodec.decode(W3CHttpResponseCodec.java:115)
	at org.openqa.selenium.remote.http.W3CHttpResponseCodec.decode(W3CHttpResponseCodec.java:45)
	at org.openqa.selenium.remote.HttpCommandExecutor.execute(HttpCommandExecutor.java:164)
	at org.openqa.selenium.remote.service.DriverCommandExecutor.execute(DriverCommandExecutor.java:82)
	at org.openqa.selenium.remote.RemoteWebDriver.execute(RemoteWebDriver.java:637)
	at org.openqa.selenium.remote.RemoteWebDriver.findElement(RemoteWebDriver.java:410)
	at org.openqa.selenium.remote.RemoteWebDriver.findElementByXPath(RemoteWebDriver.java:509)
	at org.openqa.selenium.By$ByXPath.findElement(By.java:361)
	at org.openqa.selenium.remote.RemoteWebDriver.findElement(RemoteWebDriver.java:402)
	at objectrepository.Farmers_cooperatives_association_society_company.Save_and_continue(Farmers_cooperatives_association_society_company.java:232)
	at stepdefinition.Steps.iClickOnSaveAndContinue(Steps.java:685)
	at ?.And I Click on Save and Continue(features/US13280.feature:1553)

</system-out>
    <system-err>SLF4J: No SLF4J providers were found.
SLF4J: Defaulting to no-operation (NOP) logger implementation
SLF4J: See https://www.slf4j.org/codes.html#noProviders for further details.
Starting ChromeDriver 129.0.6668.89 (951c0b97221f8d4ba37cf97d324505c832251cf9-refs/branch-heads/6668@{#1503}) on port 32373
Only local connections are allowed.
Please see https://chromedriver.chromium.org/security-considerations for suggestions on keeping ChromeDriver safe.
ChromeDriver was started successfully on port 32373.
Oct 02, 2024 3:06:15 PM org.openqa.selenium.remote.ProtocolHandshake createSession
INFO: Detected dialect: W3C
Starting ChromeDriver 129.0.6668.89 (951c0b97221f8d4ba37cf97d324505c832251cf9-refs/branch-heads/6668@{#1503}) on port 44838
Only local connections are allowed.
Please see https://chromedriver.chromium.org/security-considerations for suggestions on keeping ChromeDriver safe.
ChromeDriver was started successfully on port 44838.
Oct 02, 2024 3:08:36 PM org.openqa.selenium.remote.ProtocolHandshake createSession
INFO: Detected dialect: W3C
Starting ChromeDriver 129.0.6668.89 (951c0b97221f8d4ba37cf97d324505c832251cf9-refs/branch-heads/6668@{#1503}) on port 37258
Only local connections are allowed.
Please see https://chromedriver.chromium.org/security-considerations for suggestions on keeping ChromeDriver safe.
ChromeDriver was started successfully on port 37258.
Oct 02, 2024 3:09:00 PM org.openqa.selenium.remote.ProtocolHandshake createSession
INFO: Detected dialect: W3C
Starting ChromeDriver 129.0.6668.89 (951c0b97221f8d4ba37cf97d324505c832251cf9-refs/branch-heads/6668@{#1503}) on port 19359
Only local connections are allowed.
Please see https://chromedriver.chromium.org/security-considerations for suggestions on keeping ChromeDriver safe.
ChromeDriver was started successfully on port 19359.
Oct 02, 2024 3:09:47 PM org.openqa.selenium.remote.ProtocolHandshake createSession
INFO: Detected dialect: W3C
Starting ChromeDriver 129.0.6668.89 (951c0b97221f8d4ba37cf97d324505c832251cf9-refs/branch-heads/6668@{#1503}) on port 18827
Only local connections are allowed.
Please see https://chromedriver.chromium.org/security-considerations for suggestions on keeping ChromeDriver safe.
ChromeDriver was started successfully on port 18827.
Oct 02, 2024 3:10:28 PM org.openqa.selenium.remote.ProtocolHandshake createSession
INFO: Detected dialect: W3C
Starting ChromeDriver 129.0.6668.89 (951c0b97221f8d4ba37cf97d324505c832251cf9-refs/branch-heads/6668@{#1503}) on port 31098
Only local connections are allowed.
Please see https://chromedriver.chromium.org/security-considerations for suggestions on keeping ChromeDriver safe.
ChromeDriver was started successfully on port 31098.
Oct 02, 2024 3:11:24 PM org.openqa.selenium.remote.ProtocolHandshake createSession
INFO: Detected dialect: W3C
Starting ChromeDriver 129.0.6668.89 (951c0b97221f8d4ba37cf97d324505c832251cf9-refs/branch-heads/6668@{#1503}) on port 52388
Only local connections are allowed.
Please see https://chromedriver.chromium.org/security-considerations for suggestions on keeping ChromeDriver safe.
ChromeDriver was started successfully on port 52388.
Oct 02, 2024 3:12:05 PM org.openqa.selenium.remote.ProtocolHandshake createSession
INFO: Detected dialect: W3C
log4j:WARN No appenders could be found for logger (freemarker.cache).
log4j:WARN Please initialize the log4j system properly.
</system-err>
  </testcase>
</testsuite>